#
# A fatal error has been detected by the Java Runtime Environment:
#
#  SIGSEGV (0xb) at pc=0x0000000000000000, pid=20608, tid=140032059131648
#
# JRE version: OpenJDK Runtime Environment (7.0_51) (build 1.7.0_51-b00)
# Java VM: OpenJDK 64-Bit Server VM (24.45-b08 mixed mode linux-amd64 compressed oops)
# Problematic frame:
# C  0x0000000000000000
#
# Failed to write core dump. Core dumps have been disabled. To enable core dumping, try "ulimit -c unlimited" before starting Java again
#
# If you would like to submit a bug report, please include
# instructions on how to reproduce the bug and visit:
#   http://icedtea.classpath.org/bugzilla
#

---------------  T H R E A D  ---------------

Current thread is native thread

siginfo:si_signo=SIGSEGV: si_errno=0, si_code=1 (SEGV_MAPERR), si_addr=0x0000000000000000

Registers:
RAX=0x00007f5bc35057c0, RBX=0x0000000000000400, RCX=0x0000000000000000, RDX=0x0000000000000000
RSP=0x00007f5bc1243ca8, RBP=0x00007f5c082478a0, RSI=0x0000000000000000, RDI=0x00007f5c082478a0
R8 =0x0000000000000000, R9 =0x0000000000180000, R10=0x0000000000000000, R11=0x00007f5c0ed70c0d
R12=0x00007f5c0824ba30, R13=0x0000000000012000, R14=0x0000000000001000, R15=0x00007f5bc1243e58
RIP=0x0000000000000000, EFLAGS=0x0000000000010246, CSGSFS=0x0000000000000033, ERR=0x0000000000000014
  TRAPNO=0x000000000000000e

Top of Stack: (sp=0x00007f5bc1243ca8)
0x00007f5bc1243ca8:   00007f5bc32ce4d1 00007f5c0ece9ef0
0x00007f5bc1243cb8:   00007f5bbc005410 00007f5bbb800000
0x00007f5bc1243cc8:   00007f5c0edd0729 0000000000000000
0x00007f5bc1243cd8:   00007f5bc2c16fa2 00007f5c08244840
0x00007f5bc1243ce8:   0000000000000000 0000000000000000
0x00007f5bc1243cf8:   0000000000000000 00007f5c08247130
0x00007f5bc1243d08:   00007f5c08246d60 0000000000002000
0x00007f5bc1243d18:   00007f5bc2c1ecba 00007f5c08243e50
0x00007f5bc1243d28:   00007f5bd0000e20 0000000000000000
0x00007f5bc1243d38:   5700000000000001 0000000000002000
0x00007f5bc1243d48:   00007f5bc2c207cb 0000000000000000
0x00007f5bc1243d58:   0000000000000000 0000000000000000
0x00007f5bc1243d68:   0000000000000000 0000000000000000
0x00007f5bc1243d78:   0000000000002000 00007f5c08246d60
0x00007f5bc1243d88:   00007f5bc1243e58 00007f5bc1243e50
0x00007f5bc1243d98:   00007f5c0824ba30 00007f5bc2c39c60
0x00007f5bc1243da8:   00007f5bc3089be2 00007f5bb7fff040
0x00007f5bc1243db8:   00007f5bb7fff040 000004000eadb2e0
0x00007f5bc1243dc8:   00007f5bc1243de0 0000000000000000
0x00007f5bc1243dd8:   00007f5bc308eeb2 00001fa00000037f
0x00007f5bc1243de8:   00007f5bc2c049ff 00007f5c08247130
0x00007f5bc1243df8:   0000000000002000 00007f5c082466b0
0x00007f5bc1243e08:   0000000000000000 00007f5c082478a0
0x00007f5bc1243e18:   0000000000000008 00007f5bc1243e58
0x00007f5bc1243e28:   00007f5bc32e4544 0000000000000000
0x00007f5bc1243e38:   00007f5bc1243e50 0000000000002000
0x00007f5bc1243e48:   0000000000006000 00007f5bb7fff040
0x00007f5bc1243e58:   0000000000002000 0000000000000000
0x00007f5bc1243e68:   00007f5c08269c20 0000000000000000
0x00007f5bc1243e78:   0000000000000000 00007f5c0f4dd060
0x00007f5bc1243e88:   00007f5c0f4ba300 0000000000001000
0x00007f5bc1243e98:   00007f5bc32d773a 0000000000000000 

Instructions: (pc=0x0000000000000000)
0xffffffffffffffe0:   

Register to memory mapping:

RAX=0x00007f5bc35057c0: <offset 0x2577c0> in /tmp/libgdxroot/7b43be9b/libopenal64.so at 0x00007f5bc32ae000
RBX=0x0000000000000400 is an unknown value
RCX=0x0000000000000000 is an unknown value
RDX=0x0000000000000000 is an unknown value
RSP=0x00007f5bc1243ca8 is an unknown value
RBP=0x00007f5c082478a0 is an unknown value
RSI=0x0000000000000000 is an unknown value
RDI=0x00007f5c082478a0 is an unknown value
R8 =0x0000000000000000 is an unknown value
R9 =0x0000000000180000 is an unknown value
R10=0x0000000000000000 is an unknown value
R11=0x00007f5c0ed70c0d: <offset 0x8cc0d> in /lib/x86_64-linux-gnu/libc.so.6 at 0x00007f5c0ece4000
R12=0x00007f5c0824ba30 is an unknown value
R13=0x0000000000012000 is an unknown value
R14=0x0000000000001000 is an unknown value
R15=0x00007f5bc1243e58 is an unknown value


Stack: [0x00007f5bc1144000,0x00007f5bc1245000],  sp=0x00007f5bc1243ca8,  free space=1023k

---------------  P R O C E S S  ---------------

VM state:not at safepoint (normal execution)

VM Mutex/Monitor currently owned by a thread: None

Heap
 PSYoungGen      total 13824K, used 2342K [0x00000000f0f00000, 0x00000000f1e00000, 0x0000000100000000)
  eden space 12288K, 6% used [0x00000000f0f00000,0x00000000f0fcf950,0x00000000f1b00000)
  from space 1536K, 98% used [0x00000000f1c80000,0x00000000f1dfa270,0x00000000f1e00000)
  to   space 1536K, 0% used [0x00000000f1b00000,0x00000000f1b00000,0x00000000f1c80000)
 ParOldGen       total 30720K, used 1295K [0x00000000d2e00000, 0x00000000d4c00000, 0x00000000f0f00000)
  object space 30720K, 4% used [0x00000000d2e00000,0x00000000d2f43dc0,0x00000000d4c00000)
 PSPermGen       total 21504K, used 8360K [0x00000000c8800000, 0x00000000c9d00000, 0x00000000d2e00000)
  object space 21504K, 38% used [0x00000000c8800000,0x00000000c902a380,0x00000000c9d00000)

Card table byte_map: [0x00007f5c0434b000,0x00007f5c04508000] byte_map_base: 0x00007f5c03d07000

Polling page: 0x00007f5c0f4d9000

Code Cache  [0x00007f5c04508000, 0x00007f5c04778000, 0x00007f5c07508000)
 total_blobs=677 nmethods=188 adapters=452 free_code_cache=48259Kb largest_free_block=49398144

Compilation events (10 events):
Event: 36.709 Thread 0x00007f5c080b1800  184   !         org.lwjgl.opengl.Display::isCreated (17 bytes)
Event: 36.712 Thread 0x00007f5c080b1800 nmethod 184 0x00007f5c045d0310 code [0x00007f5c045d0460, 0x00007f5c045d0698]
Event: 37.583 Thread 0x00007f5c080b1800  186   !         org.lwjgl.input.Keyboard::isKeyDown (45 bytes)
Event: 37.583 Thread 0x00007f5c080ae800  185             com.badlogic.gdx.backends.lwjgl.LwjglInput::getLwjglKeyCode (1328 bytes)
Event: 37.613 Thread 0x00007f5c080b1800 nmethod 186 0x00007f5c045e7fd0 code [0x00007f5c045e8120, 0x00007f5c045e83b8]
Event: 37.614 Thread 0x00007f5c080ae800 nmethod 185 0x00007f5c045dbad0 code [0x00007f5c045dc600, 0x00007f5c045dc9f8]
Event: 38.755 Thread 0x00007f5c080b1800  187             java.nio.Buffer::checkBounds (25 bytes)
Event: 38.756 Thread 0x00007f5c080b1800 nmethod 187 0x00007f5c045d9190 code [0x00007f5c045d92c0, 0x00007f5c045d9338]
Event: 151.236 Thread 0x00007f5c080b1800  188             java.util.concurrent.locks.ReentrantLock$Sync::tryRelease (45 bytes)
Event: 151.237 Thread 0x00007f5c080b1800 nmethod 188 0x00007f5c045db810 code [0x00007f5c045db940, 0x00007f5c045db9f8]

GC Heap History (4 events):
Event: 2.535 GC heap before
{Heap before GC invocations=1 (full 0):
 PSYoungGen      total 13824K, used 12175K [0x00000000f0f00000, 0x00000000f1e00000, 0x0000000100000000)
  eden space 12288K, 99% used [0x00000000f0f00000,0x00000000f1ae3d70,0x00000000f1b00000)
  from space 1536K, 0% used [0x00000000f1c80000,0x00000000f1c80000,0x00000000f1e00000)
  to   space 1536K, 0% used [0x00000000f1b00000,0x00000000f1b00000,0x00000000f1c80000)
 ParOldGen       total 30720K, used 0K [0x00000000d2e00000, 0x00000000d4c00000, 0x00000000f0f00000)
  object space 30720K, 0% used [0x00000000d2e00000,0x00000000d2e00000,0x00000000d4c00000)
 PSPermGen       total 21504K, used 8167K [0x00000000c8800000, 0x00000000c9d00000, 0x00000000d2e00000)
  object space 21504K, 37% used [0x00000000c8800000,0x00000000c8ff9e78,0x00000000c9d00000)
Event: 2.547 GC heap after
Heap after GC invocations=1 (full 0):
 PSYoungGen      total 13824K, used 1528K [0x00000000f0f00000, 0x00000000f1e00000, 0x0000000100000000)
  eden space 12288K, 0% used [0x00000000f0f00000,0x00000000f0f00000,0x00000000f1b00000)
  from space 1536K, 99% used [0x00000000f1b00000,0x00000000f1c7e270,0x00000000f1c80000)
  to   space 1536K, 0% used [0x00000000f1c80000,0x00000000f1c80000,0x00000000f1e00000)
 ParOldGen       total 30720K, used 1172K [0x00000000d2e00000, 0x00000000d4c00000, 0x00000000f0f00000)
  object space 30720K, 3% used [0x00000000d2e00000,0x00000000d2f25028,0x00000000d4c00000)
 PSPermGen       total 21504K, used 8167K [0x00000000c8800000, 0x00000000c9d00000, 0x00000000d2e00000)
  object space 21504K, 37% used [0x00000000c8800000,0x00000000c8ff9e78,0x00000000c9d00000)
}
Event: 40.534 GC heap before
{Heap before GC invocations=2 (full 0):
 PSYoungGen      total 13824K, used 13816K [0x00000000f0f00000, 0x00000000f1e00000, 0x0000000100000000)
  eden space 12288K, 100% used [0x00000000f0f00000,0x00000000f1b00000,0x00000000f1b00000)
  from space 1536K, 99% used [0x00000000f1b00000,0x00000000f1c7e270,0x00000000f1c80000)
  to   space 1536K, 0% used [0x00000000f1c80000,0x00000000f1c80000,0x00000000f1e00000)
 ParOldGen       total 30720K, used 1172K [0x00000000d2e00000, 0x00000000d4c00000, 0x00000000f0f00000)
  object space 30720K, 3% used [0x00000000d2e00000,0x00000000d2f25028,0x00000000d4c00000)
 PSPermGen       total 21504K, used 8333K [0x00000000c8800000, 0x00000000c9d00000, 0x00000000d2e00000)
  object space 21504K, 38% used [0x00000000c8800000,0x00000000c90236c0,0x00000000c9d00000)
Event: 40.551 GC heap after
Heap after GC invocations=2 (full 0):
 PSYoungGen      total 13824K, used 1512K [0x00000000f0f00000, 0x00000000f1e00000, 0x0000000100000000)
  eden space 12288K, 0% used [0x00000000f0f00000,0x00000000f0f00000,0x00000000f1b00000)
  from space 1536K, 98% used [0x00000000f1c80000,0x00000000f1dfa270,0x00000000f1e00000)
  to   space 1536K, 0% used [0x00000000f1b00000,0x00000000f1b00000,0x00000000f1c80000)
 ParOldGen       total 30720K, used 1295K [0x00000000d2e00000, 0x00000000d4c00000, 0x00000000f0f00000)
  object space 30720K, 4% used [0x00000000d2e00000,0x00000000d2f43dc0,0x00000000d4c00000)
 PSPermGen       total 21504K, used 8333K [0x00000000c8800000, 0x00000000c9d00000, 0x00000000d2e00000)
  object space 21504K, 38% used [0x00000000c8800000,0x00000000c90236c0,0x00000000c9d00000)
}

Deoptimization events (2 events):
Event: 61.541 Thread 0x00007f5bcc013800 Uncommon trap: reason=unreached action=reinterpret pc=0x00007f5c045cd60c method=java.util.concurrent.locks.AbstractQueuedSynchronizer.release(I)Z @ 14
Event: 151.235 Thread 0x00007f5be0004800 Uncommon trap: reason=unreached action=reinterpret pc=0x00007f5c045cdb48 method=java.util.concurrent.locks.AbstractQueuedSynchronizer.release(I)Z @ 14

Internal exceptions (10 events):
Event: 3.318 Thread 0x00007f5c082d7000 Threw 0x00000000f1417820 at /build/buildd/openjdk-7-7u51-2.4.4/build/openjdk/hotspot/src/share/vm/prims/jvm.cpp:1244
Event: 3.319 Thread 0x00007f5c082d7000 Threw 0x00000000f141c818 at /build/buildd/openjdk-7-7u51-2.4.4/build/openjdk/hotspot/src/share/vm/prims/jvm.cpp:1244
Event: 3.320 Thread 0x00007f5c082d7000 Threw 0x00000000f1421be0 at /build/buildd/openjdk-7-7u51-2.4.4/build/openjdk/hotspot/src/share/vm/prims/jvm.cpp:1244
Event: 3.325 Thread 0x00007f5c082d7000 Threw 0x00000000f142fff0 at /build/buildd/openjdk-7-7u51-2.4.4/build/openjdk/hotspot/src/share/vm/prims/jvm.cpp:1244
Event: 3.326 Thread 0x00007f5c082d7000 Threw 0x00000000f14349a8 at /build/buildd/openjdk-7-7u51-2.4.4/build/openjdk/hotspot/src/share/vm/prims/jvm.cpp:1244
Event: 4.164 Thread 0x00007f5c082d7000 Threw 0x00000000f1460cb0 at /build/buildd/openjdk-7-7u51-2.4.4/build/openjdk/hotspot/src/share/vm/prims/jvm.cpp:1244
Event: 4.168 Thread 0x00007f5c082d7000 Threw 0x00000000f146f1e0 at /build/buildd/openjdk-7-7u51-2.4.4/build/openjdk/hotspot/src/share/vm/prims/jvm.cpp:1244
Event: 61.519 Thread 0x00007f5bcc013800 Implicit null exception at 0x00007f5c045cd4c5 to 0x00007f5c045cd5f5
Event: 151.235 Thread 0x00007f5be0004800 Implicit null exception at 0x00007f5c045cda0f to 0x00007f5c045cdb31
Event: 151.238 Thread 0x00007f5be0004800 Threw 0x00000000f0fa7500 at /build/buildd/openjdk-7-7u51-2.4.4/build/openjdk/hotspot/src/share/vm/prims/jvm.cpp:1244

Events (10 events):
Event: 151.235 Thread 0x00007f5be0004800 DEOPT PACKING pc=0x00007f5c045cdb48 sp=0x00007f5baf95a850
Event: 151.235 Thread 0x00007f5be0004800 DEOPT UNPACKING pc=0x00007f5c04541045 sp=0x00007f5baf95a830 mode 2
Event: 151.237 loading class 0x00007f5bcc005860
Event: 151.237 loading class 0x00007f5bcc005860 done
Event: 151.242 loading class 0x00007f5bd4028b10
Event: 151.260 loading class 0x00007f5bd4028b10 done
Event: 151.260 loading class 0x00007f5bd4028b40
Event: 151.283 loading class 0x00007f5bd4028b40 done
Event: 151.284 loading class 0x00007f5bd8041950 done
Event: 151.316 Thread 0x00007f5bd42bf800 Thread added: 0x00007f5bd42bf800


Dynamic libraries:
00400000-00401000 r-xp 00000000 08:01 4071200                            /usr/lib/jvm/java-7-openjdk-amd64/jre/bin/java
00600000-00601000 r--p 00000000 08:01 4071200                            /usr/lib/jvm/java-7-openjdk-amd64/jre/bin/java
00601000-00602000 rw-p 00001000 08:01 4071200                            /usr/lib/jvm/java-7-openjdk-amd64/jre/bin/java
00c96000-00cb7000 rw-p 00000000 00:00 0                                  [heap]
c8800000-c9d00000 rw-p 00000000 00:00 0 
c9d00000-d2e00000 rw-p 00000000 00:00 0 
d2e00000-d4c00000 rw-p 00000000 00:00 0 
d4c00000-f0f00000 rw-p 00000000 00:00 0 
f0f00000-f1e00000 rw-p 00000000 00:00 0 
f1e00000-100000000 rw-p 00000000 00:00 0 
7f5baf85c000-7f5baf85f000 ---p 00000000 00:00 0 
7f5baf85f000-7f5baf95d000 rw-p 00000000 00:00 0 
7f5baf95d000-7f5baf960000 ---p 00000000 00:00 0 
7f5baf960000-7f5bafa5e000 rw-p 00000000 00:00 0                          [stack:20688]
7f5bafa5e000-7f5bafbde000 rw-s 1304ad000 00:05 7824                      /dev/dri/card0
7f5bafbde000-7f5bb01de000 rw-s 12fea6000 00:05 7824                      /dev/dri/card0
7f5bb01de000-7f5bb07de000 rw-s 1268d8000 00:05 7824                      /dev/dri/card0
7f5bb07de000-7f5bb0dde000 rw-s 12f07e000 00:05 7824                      /dev/dri/card0
7f5bb0dde000-7f5bb13de000 rw-s 12ea7d000 00:05 7824                      /dev/dri/card0
7f5bb13de000-7f5bb19de000 rw-s 12e47d000 00:05 7824                      /dev/dri/card0
7f5bb19de000-7f5bb1fde000 rw-s 12de7c000 00:05 7824                      /dev/dri/card0
7f5bb1fde000-7f5bb25de000 rw-s 12d87c000 00:05 7824                      /dev/dri/card0
7f5bb25de000-7f5bb2bde000 rw-s 12d27c000 00:05 7824                      /dev/dri/card0
7f5bb2bde000-7f5bb31de000 rw-s 12cc7c000 00:05 7824                      /dev/dri/card0
7f5bb31de000-7f5bb37de000 rw-s 12c67c000 00:05 7824                      /dev/dri/card0
7f5bb37de000-7f5bb3dde000 rw-s 12c076000 00:05 7824                      /dev/dri/card0
7f5bb3dde000-7f5bb43de000 rw-s 12ba6a000 00:05 7824                      /dev/dri/card0
7f5bb43de000-7f5bb49de000 rw-s 12b46a000 00:05 7824                      /dev/dri/card0
7f5bb49de000-7f5bb4fde000 rw-s 12ae64000 00:05 7824                      /dev/dri/card0
7f5bb4fde000-7f5bb55de000 rw-s 12a864000 00:05 7824                      /dev/dri/card0
7f5bb55de000-7f5bb5bde000 rw-s 125c4f000 00:05 7824                      /dev/dri/card0
7f5bb5be2000-7f5bb61e2000 rw-s 12f6fe000 00:05 7824                      /dev/dri/card0
7f5bb61e2000-7f5bb7335000 rw-p 00000000 00:00 0 
7f5bb7335000-7f5bb7367000 r-xp 00000000 08:01 2499209                    /usr/lib/x86_64-linux-gnu/libtxc_dxtn_s2tc.so.0.0.0
7f5bb7367000-7f5bb7566000 ---p 00032000 08:01 2499209                    /usr/lib/x86_64-linux-gnu/libtxc_dxtn_s2tc.so.0.0.0
7f5bb7566000-7f5bb7567000 r--p 00031000 08:01 2499209                    /usr/lib/x86_64-linux-gnu/libtxc_dxtn_s2tc.so.0.0.0
7f5bb7567000-7f5bb7568000 rw-p 00032000 08:01 2499209                    /usr/lib/x86_64-linux-gnu/libtxc_dxtn_s2tc.so.0.0.0
7f5bb7568000-7f5bb75dc000 rw-p 00000000 00:00 0 
7f5bb75e9000-7f5bb75f1000 r-xp 00000000 08:01 2499051                    /usr/lib/x86_64-linux-gnu/libpciaccess.so.0.11.1
7f5bb75f1000-7f5bb77f0000 ---p 00008000 08:01 2499051                    /usr/lib/x86_64-linux-gnu/libpciaccess.so.0.11.1
7f5bb77f0000-7f5bb77f1000 r--p 00007000 08:01 2499051                    /usr/lib/x86_64-linux-gnu/libpciaccess.so.0.11.1
7f5bb77f1000-7f5bb77f2000 rw-p 00008000 08:01 2499051                    /usr/lib/x86_64-linux-gnu/libpciaccess.so.0.11.1
7f5bb77f2000-7f5bb7811000 r-xp 00000000 08:01 2494856                    /usr/lib/x86_64-linux-gnu/libdrm_intel.so.1.0.0
7f5bb7811000-7f5bb7a10000 ---p 0001f000 08:01 2494856                    /usr/lib/x86_64-linux-gnu/libdrm_intel.so.1.0.0
7f5bb7a10000-7f5bb7a11000 r--p 0001e000 08:01 2494856                    /usr/lib/x86_64-linux-gnu/libdrm_intel.so.1.0.0
7f5bb7a11000-7f5bb7a12000 rw-p 0001f000 08:01 2494856                    /usr/lib/x86_64-linux-gnu/libdrm_intel.so.1.0.0
7f5bb7a12000-7f5bb7dd0000 r-xp 00000000 08:01 2498568                    /usr/lib/x86_64-linux-gnu/libdricore9.2.1.so.1.0.0
7f5bb7dd0000-7f5bb7fcf000 ---p 003be000 08:01 2498568                    /usr/lib/x86_64-linux-gnu/libdricore9.2.1.so.1.0.0
7f5bb7fcf000-7f5bb7fdf000 r--p 003bd000 08:01 2498568                    /usr/lib/x86_64-linux-gnu/libdricore9.2.1.so.1.0.0
7f5bb7fdf000-7f5bb7fe7000 rw-p 003cd000 08:01 2498568                    /usr/lib/x86_64-linux-gnu/libdricore9.2.1.so.1.0.0
7f5bb7fe7000-7f5bb7fff000 rw-p 00000000 00:00 0 
7f5bb7fff000-7f5bbc000000 rw-s 00000000 00:13 439304                     /run/shm/pulse-shm-3262227092
7f5bbc000000-7f5bbc021000 rw-p 00000000 00:00 0 
7f5bbc021000-7f5bc0000000 ---p 00000000 00:00 0 
7f5bc0048000-7f5bc004c000 rw-s 00000000 00:04 438993                     /drm mm object (deleted)
7f5bc004e000-7f5bc0054000 rw-s 1304a7000 00:05 7824                      /dev/dri/card0
7f5bc0054000-7f5bc005a000 rw-s 12c676000 00:05 7824                      /dev/dri/card0
7f5bc005a000-7f5bc00ba000 rw-s 125bef000 00:05 7824                      /dev/dri/card0
7f5bc00ba000-7f5bc018f000 r-xp 00000000 08:01 2754990                    /usr/lib/x86_64-linux-gnu/dri/i965_dri.so
7f5bc018f000-7f5bc038f000 ---p 000d5000 08:01 2754990                    /usr/lib/x86_64-linux-gnu/dri/i965_dri.so
7f5bc038f000-7f5bc0392000 r--p 000d5000 08:01 2754990                    /usr/lib/x86_64-linux-gnu/dri/i965_dri.so
7f5bc0392000-7f5bc0394000 rw-p 000d8000 08:01 2754990                    /usr/lib/x86_64-linux-gnu/dri/i965_dri.so
7f5bc0394000-7f5bc0395000 rw-p 00000000 00:00 0 
7f5bc0395000-7f5bc03a0000 r-xp 00000000 08:01 2494625                    /usr/lib/x86_64-linux-gnu/libdrm.so.2.4.0
7f5bc03a0000-7f5bc059f000 ---p 0000b000 08:01 2494625                    /usr/lib/x86_64-linux-gnu/libdrm.so.2.4.0
7f5bc059f000-7f5bc05a0000 r--p 0000a000 08:01 2494625                    /usr/lib/x86_64-linux-gnu/libdrm.so.2.4.0
7f5bc05a0000-7f5bc05a1000 rw-p 0000b000 08:01 2494625                    /usr/lib/x86_64-linux-gnu/libdrm.so.2.4.0
7f5bc05a1000-7f5bc05a4000 r-xp 00000000 08:01 2499282                    /usr/lib/x86_64-linux-gnu/libxcb-dri2.so.0.0.0
7f5bc05a4000-7f5bc07a4000 ---p 00003000 08:01 2499282                    /usr/lib/x86_64-linux-gnu/libxcb-dri2.so.0.0.0
7f5bc07a4000-7f5bc07a5000 r--p 00003000 08:01 2499282                    /usr/lib/x86_64-linux-gnu/libxcb-dri2.so.0.0.0
7f5bc07a5000-7f5bc07a6000 rw-p 00004000 08:01 2499282                    /usr/lib/x86_64-linux-gnu/libxcb-dri2.so.0.0.0
7f5bc07a6000-7f5bc07bb000 r-xp 00000000 08:01 2499284                    /usr/lib/x86_64-linux-gnu/libxcb-glx.so.0.0.0
7f5bc07bb000-7f5bc09ba000 ---p 00015000 08:01 2499284                    /usr/lib/x86_64-linux-gnu/libxcb-glx.so.0.0.0
7f5bc09ba000-7f5bc09bc000 r--p 00014000 08:01 2499284                    /usr/lib/x86_64-linux-gnu/libxcb-glx.so.0.0.0
7f5bc09bc000-7f5bc09bd000 rw-p 00016000 08:01 2499284                    /usr/lib/x86_64-linux-gnu/libxcb-glx.so.0.0.0
7f5bc09bd000-7f5bc09be000 r-xp 00000000 08:01 2498350                    /usr/lib/x86_64-linux-gnu/libX11-xcb.so.1.0.0
7f5bc09be000-7f5bc0bbd000 ---p 00001000 08:01 2498350                    /usr/lib/x86_64-linux-gnu/libX11-xcb.so.1.0.0
7f5bc0bbd000-7f5bc0bbe000 r--p 00000000 08:01 2498350                    /usr/lib/x86_64-linux-gnu/libX11-xcb.so.1.0.0
7f5bc0bbe000-7f5bc0bbf000 rw-p 00001000 08:01 2498350                    /usr/lib/x86_64-linux-gnu/libX11-xcb.so.1.0.0
7f5bc0bbf000-7f5bc0be0000 r-xp 00000000 08:01 2498711                    /usr/lib/x86_64-linux-gnu/libglapi.so.0.0.0
7f5bc0be0000-7f5bc0de0000 ---p 00021000 08:01 2498711                    /usr/lib/x86_64-linux-gnu/libglapi.so.0.0.0
7f5bc0de0000-7f5bc0de3000 r--p 00021000 08:01 2498711                    /usr/lib/x86_64-linux-gnu/libglapi.so.0.0.0
7f5bc0de3000-7f5bc0de4000 rw-p 00024000 08:01 2498711                    /usr/lib/x86_64-linux-gnu/libglapi.so.0.0.0
7f5bc0de4000-7f5bc0de5000 rw-p 00000000 00:00 0 
7f5bc0de5000-7f5bc0e3f000 r-xp 00000000 08:01 2884213                    /usr/lib/x86_64-linux-gnu/mesa/libGL.so.1.2.0
7f5bc0e3f000-7f5bc103f000 ---p 0005a000 08:01 2884213                    /usr/lib/x86_64-linux-gnu/mesa/libGL.so.1.2.0
7f5bc103f000-7f5bc1041000 r--p 0005a000 08:01 2884213                    /usr/lib/x86_64-linux-gnu/mesa/libGL.so.1.2.0
7f5bc1041000-7f5bc1042000 rw-p 0005c000 08:01 2884213                    /usr/lib/x86_64-linux-gnu/mesa/libGL.so.1.2.0
7f5bc1042000-7f5bc1043000 rw-p 00000000 00:00 0 
7f5bc1043000-7f5bc1046000 ---p 00000000 00:00 0 
7f5bc1046000-7f5bc1144000 rw-p 00000000 00:00 0                          [stack:20637]
7f5bc1144000-7f5bc1145000 ---p 00000000 00:00 0 
7f5bc1145000-7f5bc1245000 rw-p 00000000 00:00 0                          [stack:20636]
7f5bc1245000-7f5bc1246000 ---p 00000000 00:00 0 
7f5bc1246000-7f5bc1a46000 rw-p 00000000 00:00 0                          [stack:20635]
7f5bc1a46000-7f5bc1a4d000 r-xp 00000000 08:01 2499019                    /usr/lib/x86_64-linux-gnu/libogg.so.0.8.1
7f5bc1a4d000-7f5bc1c4d000 ---p 00007000 08:01 2499019                    /usr/lib/x86_64-linux-gnu/libogg.so.0.8.1
7f5bc1c4d000-7f5bc1c4e000 r--p 00007000 08:01 2499019                    /usr/lib/x86_64-linux-gnu/libogg.so.0.8.1
7f5bc1c4e000-7f5bc1c4f000 rw-p 00008000 08:01 2499019                    /usr/lib/x86_64-linux-gnu/libogg.so.0.8.1
7f5bc1c4f000-7f5bc1c7a000 r-xp 00000000 08:01 2499250                    /usr/lib/x86_64-linux-gnu/libvorbis.so.0.4.5
7f5bc1c7a000-7f5bc1e7a000 ---p 0002b000 08:01 2499250                    /usr/lib/x86_64-linux-gnu/libvorbis.so.0.4.5
7f5bc1e7a000-7f5bc1e7b000 r--p 0002b000 08:01 2499250                    /usr/lib/x86_64-linux-gnu/libvorbis.so.0.4.5
7f5bc1e7b000-7f5bc1e7c000 rw-p 0002c000 08:01 2499250                    /usr/lib/x86_64-linux-gnu/libvorbis.so.0.4.5
7f5bc1e7c000-7f5bc212f000 r-xp 00000000 08:01 2499252                    /usr/lib/x86_64-linux-gnu/libvorbisenc.so.2.0.8
7f5bc212f000-7f5bc232e000 ---p 002b3000 08:01 2499252                    /usr/lib/x86_64-linux-gnu/libvorbisenc.so.2.0.8
7f5bc232e000-7f5bc234a000 r--p 002b2000 08:01 2499252                    /usr/lib/x86_64-linux-gnu/libvorbisenc.so.2.0.8
7f5bc234a000-7f5bc234b000 rw-p 002ce000 08:01 2499252                    /usr/lib/x86_64-linux-gnu/libvorbisenc.so.2.0.8
7f5bc234b000-7f5bc237a000 r-xp 00000000 08:01 2498217                    /usr/lib/x86_64-linux-gnu/libFLAC.so.8.3.0
7f5bc237a000-7f5bc257a000 ---p 0002f000 08:01 2498217                    /usr/lib/x86_64-linux-gnu/libFLAC.so.8.3.0
7f5bc257a000-7f5bc257b000 r--p 0002f000 08:01 2498217                    /usr/lib/x86_64-linux-gnu/libFLAC.so.8.3.0
7f5bc257b000-7f5bc257c000 rw-p 00030000 08:01 2498217                    /usr/lib/x86_64-linux-gnu/libFLAC.so.8.3.0
7f5bc257c000-7f5bc2581000 r-xp 00000000 08:01 2498434                    /usr/lib/x86_64-linux-gnu/libasyncns.so.0.3.1
7f5bc2581000-7f5bc2780000 ---p 00005000 08:01 2498434                    /usr/lib/x86_64-linux-gnu/libasyncns.so.0.3.1
7f5bc2780000-7f5bc2781000 r--p 00004000 08:01 2498434                    /usr/lib/x86_64-linux-gnu/libasyncns.so.0.3.1
7f5bc2781000-7f5bc2782000 rw-p 00005000 08:01 2498434                    /usr/lib/x86_64-linux-gnu/libasyncns.so.0.3.1
7f5bc2782000-7f5bc27e3000 r-xp 00000000 08:01 2499145                    /usr/lib/x86_64-linux-gnu/libsndfile.so.1.0.25
7f5bc27e3000-7f5bc29e3000 ---p 00061000 08:01 2499145                    /usr/lib/x86_64-linux-gnu/libsndfile.so.1.0.25
7f5bc29e3000-7f5bc29e5000 r--p 00061000 08:01 2499145                    /usr/lib/x86_64-linux-gnu/libsndfile.so.1.0.25
7f5bc29e5000-7f5bc29e6000 rw-p 00063000 08:01 2499145                    /usr/lib/x86_64-linux-gnu/libsndfile.so.1.0.25
7f5bc29e6000-7f5bc29ea000 rw-p 00000000 00:00 0 
7f5bc29ea000-7f5bc29f2000 r-xp 00000000 08:01 5509135                    /lib/x86_64-linux-gnu/libwrap.so.0.7.6
7f5bc29f2000-7f5bc2bf2000 ---p 00008000 08:01 5509135                    /lib/x86_64-linux-gnu/libwrap.so.0.7.6
7f5bc2bf2000-7f5bc2bf3000 r--p 00008000 08:01 5509135                    /lib/x86_64-linux-gnu/libwrap.so.0.7.6
7f5bc2bf3000-7f5bc2bf4000 rw-p 00009000 08:01 5509135                    /lib/x86_64-linux-gnu/libwrap.so.0.7.6
7f5bc2bf4000-7f5bc2c5a000 r-xp 00000000 08:01 2884270                    /usr/lib/x86_64-linux-gnu/pulseaudio/libpulsecommon-4.0.so
7f5bc2c5a000-7f5bc2e59000 ---p 00066000 08:01 2884270                    /usr/lib/x86_64-linux-gnu/pulseaudio/libpulsecommon-4.0.so
7f5bc2e59000-7f5bc2e5a000 r--p 00065000 08:01 2884270                    /usr/lib/x86_64-linux-gnu/pulseaudio/libpulsecommon-4.0.so
7f5bc2e5a000-7f5bc2e5b000 rw-p 00066000 08:01 2884270                    /usr/lib/x86_64-linux-gnu/pulseaudio/libpulsecommon-4.0.so
7f5bc2e5b000-7f5bc2e64000 r-xp 00000000 08:01 5509020                    /lib/x86_64-linux-gnu/libjson-c.so.2.0.1
7f5bc2e64000-7f5bc3063000 ---p 00009000 08:01 5509020                    /lib/x86_64-linux-gnu/libjson-c.so.2.0.1
7f5bc3063000-7f5bc3064000 r--p 00008000 08:01 5509020                    /lib/x86_64-linux-gnu/libjson-c.so.2.0.1
7f5bc3064000-7f5bc3065000 rw-p 00009000 08:01 5509020                    /lib/x86_64-linux-gnu/libjson-c.so.2.0.1
7f5bc3065000-7f5bc30ac000 r-xp 00000000 08:01 2499082                    /usr/lib/x86_64-linux-gnu/libpulse.so.0.16.2
7f5bc30ac000-7f5bc32ac000 ---p 00047000 08:01 2499082                    /usr/lib/x86_64-linux-gnu/libpulse.so.0.16.2
7f5bc32ac000-7f5bc32ad000 r--p 00047000 08:01 2499082                    /usr/lib/x86_64-linux-gnu/libpulse.so.0.16.2
7f5bc32ad000-7f5bc32ae000 rw-p 00048000 08:01 2499082                    /usr/lib/x86_64-linux-gnu/libpulse.so.0.16.2
7f5bc32ae000-7f5bc3303000 r-xp 00000000 08:01 5242926                    /tmp/libgdxroot/7b43be9b/libopenal64.so
7f5bc3303000-7f5bc3502000 ---p 00055000 08:01 5242926                    /tmp/libgdxroot/7b43be9b/libopenal64.so
7f5bc3502000-7f5bc3505000 r--p 00054000 08:01 5242926                    /tmp/libgdxroot/7b43be9b/libopenal64.so
7f5bc3505000-7f5bc3506000 rw-p 00057000 08:01 5242926                    /tmp/libgdxroot/7b43be9b/libopenal64.so
7f5bc3506000-7f5bc3507000 rw-p 00000000 00:00 0 
7f5bc3507000-7f5bc350b000 r-xp 00000000 08:01 2498401                    /usr/lib/x86_64-linux-gnu/libXxf86vm.so.1.0.0
7f5bc350b000-7f5bc370b000 ---p 00004000 08:01 2498401                    /usr/lib/x86_64-linux-gnu/libXxf86vm.so.1.0.0
7f5bc370b000-7f5bc370c000 r--p 00004000 08:01 2498401                    /usr/lib/x86_64-linux-gnu/libXxf86vm.so.1.0.0
7f5bc370c000-7f5bc370d000 rw-p 00005000 08:01 2498401                    /usr/lib/x86_64-linux-gnu/libXxf86vm.so.1.0.0
7f5bc370d000-7f5bc3779000 r-xp 00000000 08:01 5242922                    /tmp/libgdxroot/7b43be9b/liblwjgl64.so
7f5bc3779000-7f5bc3978000 ---p 0006c000 08:01 5242922                    /tmp/libgdxroot/7b43be9b/liblwjgl64.so
7f5bc3978000-7f5bc397a000 r--p 0006b000 08:01 5242922                    /tmp/libgdxroot/7b43be9b/liblwjgl64.so
7f5bc397a000-7f5bc397b000 rw-p 0006d000 08:01 5242922                    /tmp/libgdxroot/7b43be9b/liblwjgl64.so
7f5bc397b000-7f5bc397c000 r-xp 00000000 08:01 4071135                    /usr/lib/jvm/java-7-openjdk-amd64/jre/lib/amd64/libjawt.so
7f5bc397c000-7f5bc3b7b000 ---p 00001000 08:01 4071135                    /usr/lib/jvm/java-7-openjdk-amd64/jre/lib/amd64/libjawt.so
7f5bc3b7b000-7f5bc3b7c000 r--p 00000000 08:01 4071135                    /usr/lib/jvm/java-7-openjdk-amd64/jre/lib/amd64/libjawt.so
7f5bc3b7c000-7f5bc3b7d000 rw-p 00001000 08:01 4071135                    /usr/lib/jvm/java-7-openjdk-amd64/jre/lib/amd64/libjawt.so
7f5bc3b7d000-7f5bc3b80000 ---p 00000000 00:00 0 
7f5bc3b80000-7f5bc3c7e000 rw-p 00000000 00:00 0                          [stack:20633]
7f5bc3c7e000-7f5bc3c82000 r-xp 00000000 08:01 5509011                    /lib/x86_64-linux-gnu/libgpg-error.so.0.10.0
7f5bc3c82000-7f5bc3e81000 ---p 00004000 08:01 5509011                    /lib/x86_64-linux-gnu/libgpg-error.so.0.10.0
7f5bc3e81000-7f5bc3e82000 r--p 00003000 08:01 5509011                    /lib/x86_64-linux-gnu/libgpg-error.so.0.10.0
7f5bc3e82000-7f5bc3e83000 rw-p 00004000 08:01 5509011                    /lib/x86_64-linux-gnu/libgpg-error.so.0.10.0
7f5bc3e83000-7f5bc3e85000 r-xp 00000000 08:01 5509023                    /lib/x86_64-linux-gnu/libkeyutils.so.1.4
7f5bc3e85000-7f5bc4085000 ---p 00002000 08:01 5509023                    /lib/x86_64-linux-gnu/libkeyutils.so.1.4
7f5bc4085000-7f5bc4086000 r--p 00002000 08:01 5509023                    /lib/x86_64-linux-gnu/libkeyutils.so.1.4
7f5bc4086000-7f5bc4087000 rw-p 00003000 08:01 5509023                    /lib/x86_64-linux-gnu/libkeyutils.so.1.4
7f5bc4087000-7f5bc409f000 r-xp 00000000 08:01 2498753                    /usr/lib/x86_64-linux-gnu/libgraphite2.so.3.0.1
7f5bc409f000-7f5bc429e000 ---p 00018000 08:01 2498753                    /usr/lib/x86_64-linux-gnu/libgraphite2.so.3.0.1
7f5bc429e000-7f5bc42a0000 r--p 00017000 08:01 2498753                    /usr/lib/x86_64-linux-gnu/libgraphite2.so.3.0.1
7f5bc42a0000-7f5bc42a1000 rw-p 00019000 08:01 2498753                    /usr/lib/x86_64-linux-gnu/libgraphite2.so.3.0.1
7f5bc42a1000-7f5bc42e5000 r-xp 00000000 08:01 5508992                    /lib/x86_64-linux-gnu/libdbus-1.so.3.7.4
7f5bc42e5000-7f5bc44e4000 ---p 00044000 08:01 5508992                    /lib/x86_64-linux-gnu/libdbus-1.so.3.7.4
7f5bc44e4000-7f5bc44e5000 r--p 00043000 08:01 5508992                    /lib/x86_64-linux-gnu/libdbus-1.so.3.7.4
7f5bc44e5000-7f5bc44e6000 rw-p 00044000 08:01 5508992                    /lib/x86_64-linux-gnu/libdbus-1.so.3.7.4
7f5bc44e6000-7f5bc4504000 r-xp 00000000 08:01 2499027                    /usr/lib/x86_64-linux-gnu/libp11-kit.so.0.0.0
7f5bc4504000-7f5bc4703000 ---p 0001e000 08:01 2499027                    /usr/lib/x86_64-linux-gnu/libp11-kit.so.0.0.0
7f5bc4703000-7f5bc4705000 r--p 0001d000 08:01 2499027                    /usr/lib/x86_64-linux-gnu/libp11-kit.so.0.0.0
7f5bc4705000-7f5bc4706000 rw-p 0001f000 08:01 2499027                    /usr/lib/x86_64-linux-gnu/libp11-kit.so.0.0.0
7f5bc4706000-7f5bc4716000 r-xp 00000000 08:01 2499181                    /usr/lib/x86_64-linux-gnu/libtasn1.so.3.2.0
7f5bc4716000-7f5bc4915000 ---p 00010000 08:01 2499181                    /usr/lib/x86_64-linux-gnu/libtasn1.so.3.2.0
7f5bc4915000-7f5bc4916000 r--p 0000f000 08:01 2499181                    /usr/lib/x86_64-linux-gnu/libtasn1.so.3.2.0
7f5bc4916000-7f5bc4917000 rw-p 00010000 08:01 2499181                    /usr/lib/x86_64-linux-gnu/libtasn1.so.3.2.0
7f5bc4917000-7f5bc4991000 r-xp 00000000 08:01 5509007                    /lib/x86_64-linux-gnu/libgcrypt.so.11.7.0
7f5bc4991000-7f5bc4b91000 ---p 0007a000 08:01 5509007                    /lib/x86_64-linux-gnu/libgcrypt.so.11.7.0
7f5bc4b91000-7f5bc4b92000 r--p 0007a000 08:01 5509007                    /lib/x86_64-linux-gnu/libgcrypt.so.11.7.0
7f5bc4b92000-7f5bc4b95000 rw-p 0007b000 08:01 5509007                    /lib/x86_64-linux-gnu/libgcrypt.so.11.7.0
7f5bc4b95000-7f5bc4b9c000 r-xp 00000000 08:01 2498926                    /usr/lib/x86_64-linux-gnu/libkrb5support.so.0.1
7f5bc4b9c000-7f5bc4d9b000 ---p 00007000 08:01 2498926                    /usr/lib/x86_64-linux-gnu/libkrb5support.so.0.1
7f5bc4d9b000-7f5bc4d9c000 r--p 00006000 08:01 2498926                    /usr/lib/x86_64-linux-gnu/libkrb5support.so.0.1
7f5bc4d9c000-7f5bc4d9d000 rw-p 00007000 08:01 2498926                    /usr/lib/x86_64-linux-gnu/libkrb5support.so.0.1
7f5bc4d9d000-7f5bc4da0000 r-xp 00000000 08:01 5508987                    /lib/x86_64-linux-gnu/libcom_err.so.2.1
7f5bc4da0000-7f5bc4f9f000 ---p 00003000 08:01 5508987                    /lib/x86_64-linux-gnu/libcom_err.so.2.1
7f5bc4f9f000-7f5bc4fa0000 r--p 00002000 08:01 5508987                    /lib/x86_64-linux-gnu/libcom_err.so.2.1
7f5bc4fa0000-7f5bc4fa1000 rw-p 00003000 08:01 5508987                    /lib/x86_64-linux-gnu/libcom_err.so.2.1
7f5bc4fa1000-7f5bc4fc7000 r-xp 00000000 08:01 2498920                    /usr/lib/x86_64-linux-gnu/libk5crypto.so.3.1
7f5bc4fc7000-7f5bc51c6000 ---p 00026000 08:01 2498920                    /usr/lib/x86_64-linux-gnu/libk5crypto.so.3.1
7f5bc51c6000-7f5bc51c7000 r--p 00025000 08:01 2498920                    /usr/lib/x86_64-linux-gnu/libk5crypto.so.3.1
7f5bc51c7000-7f5bc51c8000 rw-p 00026000 08:01 2498920                    /usr/lib/x86_64-linux-gnu/libk5crypto.so.3.1
7f5bc51c8000-7f5bc51c9000 rw-p 00000000 00:00 0 
7f5bc51c9000-7f5bc528e000 r-xp 00000000 08:01 2498924                    /usr/lib/x86_64-linux-gnu/libkrb5.so.3.3
7f5bc528e000-7f5bc548d000 ---p 000c5000 08:01 2498924                    /usr/lib/x86_64-linux-gnu/libkrb5.so.3.3
7f5bc548d000-7f5bc5497000 r--p 000c4000 08:01 2498924                    /usr/lib/x86_64-linux-gnu/libkrb5.so.3.3
7f5bc5497000-7f5bc5498000 rw-p 000ce000 08:01 2498924                    /usr/lib/x86_64-linux-gnu/libkrb5.so.3.3
7f5bc5498000-7f5bc549e000 r-xp 00000000 08:01 2498545                    /usr/lib/x86_64-linux-gnu/libdatrie.so.1.2.0
7f5bc549e000-7f5bc569d000 ---p 00006000 08:01 2498545                    /usr/lib/x86_64-linux-gnu/libdatrie.so.1.2.0
7f5bc569d000-7f5bc569e000 r--p 00005000 08:01 2498545                    /usr/lib/x86_64-linux-gnu/libdatrie.so.1.2.0
7f5bc569e000-7f5bc569f000 rw-p 00006000 08:01 2498545                    /usr/lib/x86_64-linux-gnu/libdatrie.so.1.2.0
7f5bc569f000-7f5bc56ef000 r-xp 00000000 08:01 2498861                    /usr/lib/x86_64-linux-gnu/libharfbuzz.so.0.919.0
7f5bc56ef000-7f5bc58ef000 ---p 00050000 08:01 2498861                    /usr/lib/x86_64-linux-gnu/libharfbuzz.so.0.919.0
7f5bc58ef000-7f5bc58f0000 r--p 00050000 08:01 2498861                    /usr/lib/x86_64-linux-gnu/libharfbuzz.so.0.919.0
7f5bc58f0000-7f5bc58f1000 rw-p 00051000 08:01 2498861                    /usr/lib/x86_64-linux-gnu/libharfbuzz.so.0.919.0
7f5bc58f1000-7f5bc58f9000 r-xp 00000000 08:01 2499296                    /usr/lib/x86_64-linux-gnu/libxcb-render.so.0.0.0
7f5bc58f9000-7f5bc5af8000 ---p 00008000 08:01 2499296                    /usr/lib/x86_64-linux-gnu/libxcb-render.so.0.0.0
7f5bc5af8000-7f5bc5af9000 r--p 00007000 08:01 2499296                    /usr/lib/x86_64-linux-gnu/libxcb-render.so.0.0.0
7f5bc5af9000-7f5bc5afa000 rw-p 00008000 08:01 2499296                    /usr/lib/x86_64-linux-gnu/libxcb-render.so.0.0.0
7f5bc5afa000-7f5bc5afc000 r-xp 00000000 08:01 2499300                    /usr/lib/x86_64-linux-gnu/libxcb-shm.so.0.0.0
7f5bc5afc000-7f5bc5cfb000 ---p 00002000 08:01 2499300                    /usr/lib/x86_64-linux-gnu/libxcb-shm.so.0.0.0
7f5bc5cfb000-7f5bc5cfc000 r--p 00001000 08:01 2499300                    /usr/lib/x86_64-linux-gnu/libxcb-shm.so.0.0.0
7f5bc5cfc000-7f5bc5cfd000 rw-p 00002000 08:01 2499300                    /usr/lib/x86_64-linux-gnu/libxcb-shm.so.0.0.0
7f5bc5cfd000-7f5bc5d22000 r-xp 00000000 08:01 5509090                    /lib/x86_64-linux-gnu/libpng12.so.0.49.0
7f5bc5d22000-7f5bc5f21000 ---p 00025000 08:01 5509090                    /lib/x86_64-linux-gnu/libpng12.so.0.49.0
7f5bc5f21000-7f5bc5f22000 r--p 00024000 08:01 5509090                    /lib/x86_64-linux-gnu/libpng12.so.0.49.0
7f5bc5f22000-7f5bc5f23000 rw-p 00025000 08:01 5509090                    /lib/x86_64-linux-gnu/libpng12.so.0.49.0
7f5bc5f23000-7f5bc5fc4000 r-xp 00000000 08:01 2496536                    /usr/lib/x86_64-linux-gnu/libpixman-1.so.0.30.2
7f5bc5fc4000-7f5bc61c4000 ---p 000a1000 08:01 2496536                    /usr/lib/x86_64-linux-gnu/libpixman-1.so.0.30.2
7f5bc61c4000-7f5bc61cb000 r--p 000a1000 08:01 2496536                    /usr/lib/x86_64-linux-gnu/libpixman-1.so.0.30.2
7f5bc61cb000-7f5bc61cc000 rw-p 000a8000 08:01 2496536                    /usr/lib/x86_64-linux-gnu/libpixman-1.so.0.30.2
7f5bc61cc000-7f5bc61d1000 r-xp 00000000 08:01 2498367                    /usr/lib/x86_64-linux-gnu/libXdmcp.so.6.0.0
7f5bc61d1000-7f5bc63d0000 ---p 00005000 08:01 2498367                    /usr/lib/x86_64-linux-gnu/libXdmcp.so.6.0.0
7f5bc63d0000-7f5bc63d1000 r--p 00004000 08:01 2498367                    /usr/lib/x86_64-linux-gnu/libXdmcp.so.6.0.0
7f5bc63d1000-7f5bc63d2000 rw-p 00005000 08:01 2498367                    /usr/lib/x86_64-linux-gnu/libXdmcp.so.6.0.0
7f5bc63d2000-7f5bc63d4000 r-xp 00000000 08:01 2498356                    /usr/lib/x86_64-linux-gnu/libXau.so.6.0.0
7f5bc63d4000-7f5bc65d4000 ---p 00002000 08:01 2498356                    /usr/lib/x86_64-linux-gnu/libXau.so.6.0.0
7f5bc65d4000-7f5bc65d5000 r--p 00002000 08:01 2498356                    /usr/lib/x86_64-linux-gnu/libXau.so.6.0.0
7f5bc65d5000-7f5bc65d6000 rw-p 00003000 08:01 2498356                    /usr/lib/x86_64-linux-gnu/libXau.so.6.0.0
7f5bc65d6000-7f5bc65e5000 r-xp 00000000 08:01 2494634                    /usr/lib/x86_64-linux-gnu/libavahi-client.so.3.2.9
7f5bc65e5000-7f5bc67e5000 ---p 0000f000 08:01 2494634                    /usr/lib/x86_64-linux-gnu/libavahi-client.so.3.2.9
7f5bc67e5000-7f5bc67e6000 r--p 0000f000 08:01 2494634                    /usr/lib/x86_64-linux-gnu/libavahi-client.so.3.2.9
7f5bc67e6000-7f5bc67e7000 rw-p 00010000 08:01 2494634                    /usr/lib/x86_64-linux-gnu/libavahi-client.so.3.2.9
7f5bc67e7000-7f5bc67f2000 r-xp 00000000 08:01 2490790                    /usr/lib/x86_64-linux-gnu/libavahi-common.so.3.5.3
7f5bc67f2000-7f5bc69f1000 ---p 0000b000 08:01 2490790                    /usr/lib/x86_64-linux-gnu/libavahi-common.so.3.5.3
7f5bc69f1000-7f5bc69f2000 r--p 0000a000 08:01 2490790                    /usr/lib/x86_64-linux-gnu/libavahi-common.so.3.5.3
7f5bc69f2000-7f5bc69f3000 rw-p 0000b000 08:01 2490790                    /usr/lib/x86_64-linux-gnu/libavahi-common.so.3.5.3
7f5bc69f3000-7f5bc6aa9000 r-xp 00000000 08:01 2498729                    /usr/lib/x86_64-linux-gnu/libgnutls.so.26.22.6
7f5bc6aa9000-7f5bc6ca9000 ---p 000b6000 08:01 2498729                    /usr/lib/x86_64-linux-gnu/libgnutls.so.26.22.6
7f5bc6ca9000-7f5bc6caf000 r--p 000b6000 08:01 2498729                    /usr/lib/x86_64-linux-gnu/libgnutls.so.26.22.6
7f5bc6caf000-7f5bc6cb0000 rw-p 000bc000 08:01 2498729                    /usr/lib/x86_64-linux-gnu/libgnutls.so.26.22.6
7f5bc6cb0000-7f5bc6cb1000 rw-p 00000000 00:00 0 
7f5bc6cb1000-7f5bc6cec000 r-xp 00000000 08:01 2498759                    /usr/lib/x86_64-linux-gnu/libgssapi_krb5.so.2.2
7f5bc6cec000-7f5bc6eec000 ---p 0003b000 08:01 2498759                    /usr/lib/x86_64-linux-gnu/libgssapi_krb5.so.2.2
7f5bc6eec000-7f5bc6eed000 r--p 0003b000 08:01 2498759                    /usr/lib/x86_64-linux-gnu/libgssapi_krb5.so.2.2
7f5bc6eed000-7f5bc6eef000 rw-p 0003c000 08:01 2498759                    /usr/lib/x86_64-linux-gnu/libgssapi_krb5.so.2.2
7f5bc6eef000-7f5bc6f2c000 r-xp 00000000 08:01 5509078                    /lib/x86_64-linux-gnu/libpcre.so.3.13.1
7f5bc6f2c000-7f5bc712c000 ---p 0003d000 08:01 5509078                    /lib/x86_64-linux-gnu/libpcre.so.3.13.1
7f5bc712c000-7f5bc712d000 r--p 0003d000 08:01 5509078                    /lib/x86_64-linux-gnu/libpcre.so.3.13.1
7f5bc712d000-7f5bc712e000 rw-p 0003e000 08:01 5509078                    /lib/x86_64-linux-gnu/libpcre.so.3.13.1
7f5bc712e000-7f5bc7135000 r-xp 00000000 08:01 2498604                    /usr/lib/x86_64-linux-gnu/libffi.so.6.0.1
7f5bc7135000-7f5bc7334000 ---p 00007000 08:01 2498604                    /usr/lib/x86_64-linux-gnu/libffi.so.6.0.1
7f5bc7334000-7f5bc7335000 r--p 00006000 08:01 2498604                    /usr/lib/x86_64-linux-gnu/libffi.so.6.0.1
7f5bc7335000-7f5bc7336000 rw-p 00007000 08:01 2498604                    /usr/lib/x86_64-linux-gnu/libffi.so.6.0.1
7f5bc7336000-7f5bc735d000 r-xp 00000000 08:01 5509000                    /lib/x86_64-linux-gnu/libexpat.so.1.6.0
7f5bc735d000-7f5bc755d000 ---p 00027000 08:01 5509000                    /lib/x86_64-linux-gnu/libexpat.so.1.6.0
7f5bc755d000-7f5bc755f000 r--p 00027000 08:01 5509000                    /lib/x86_64-linux-gnu/libexpat.so.1.6.0
7f5bc755f000-7f5bc7560000 rw-p 00029000 08:01 5509000                    /lib/x86_64-linux-gnu/libexpat.so.1.6.0
7f5bc7560000-7f5bc75fc000 r-xp 00000000 08:01 2498646                    /usr/lib/x86_64-linux-gnu/libfreetype.so.6.10.1
7f5bc75fc000-7f5bc77fc000 ---p 0009c000 08:01 2498646                    /usr/lib/x86_64-linux-gnu/libfreetype.so.6.10.1
7f5bc77fc000-7f5bc7801000 r--p 0009c000 08:01 2498646                    /usr/lib/x86_64-linux-gnu/libfreetype.so.6.10.1
7f5bc7801000-7f5bc7802000 rw-p 000a1000 08:01 2498646                    /usr/lib/x86_64-linux-gnu/libfreetype.so.6.10.1
7f5bc7802000-7f5bc780a000 r-xp 00000000 08:01 2499193                    /usr/lib/x86_64-linux-gnu/libthai.so.0.2.0
7f5bc780a000-7f5bc7a09000 ---p 00008000 08:01 2499193                    /usr/lib/x86_64-linux-gnu/libthai.so.0.2.0
7f5bc7a09000-7f5bc7a0a000 r--p 00007000 08:01 2499193                    /usr/lib/x86_64-linux-gnu/libthai.so.0.2.0
7f5bc7a0a000-7f5bc7a0b000 rw-p 00008000 08:01 2499193                    /usr/lib/x86_64-linux-gnu/libthai.so.0.2.0
7f5bc7a0b000-7f5bc7a21000 r-xp 00000000 08:01 5509101                    /lib/x86_64-linux-gnu/libresolv-2.17.so
7f5bc7a21000-7f5bc7c21000 ---p 00016000 08:01 5509101                    /lib/x86_64-linux-gnu/libresolv-2.17.so
7f5bc7c21000-7f5bc7c22000 r--p 00016000 08:01 5509101                    /lib/x86_64-linux-gnu/libresolv-2.17.so
7f5bc7c22000-7f5bc7c23000 rw-p 00017000 08:01 5509101                    /lib/x86_64-linux-gnu/libresolv-2.17.so
7f5bc7c23000-7f5bc7c25000 rw-p 00000000 00:00 0 
7f5bc7c25000-7f5bc7c44000 r-xp 00000000 08:01 5509105                    /lib/x86_64-linux-gnu/libselinux.so.1
7f5bc7c44000-7f5bc7e44000 ---p 0001f000 08:01 5509105                    /lib/x86_64-linux-gnu/libselinux.so.1
7f5bc7e44000-7f5bc7e45000 r--p 0001f000 08:01 5509105                    /lib/x86_64-linux-gnu/libselinux.so.1
7f5bc7e45000-7f5bc7e46000 rw-p 00020000 08:01 5509105                    /lib/x86_64-linux-gnu/libselinux.so.1
7f5bc7e46000-7f5bc7e47000 rw-p 00000000 00:00 0 
7f5bc7e47000-7f5bc7e49000 r-xp 00000000 08:01 2498365                    /usr/lib/x86_64-linux-gnu/libXdamage.so.1.1.0
7f5bc7e49000-7f5bc8048000 ---p 00002000 08:01 2498365                    /usr/lib/x86_64-linux-gnu/libXdamage.so.1.1.0
7f5bc8048000-7f5bc8049000 r--p 00001000 08:01 2498365                    /usr/lib/x86_64-linux-gnu/libXdamage.so.1.1.0
7f5bc8049000-7f5bc804a000 rw-p 00002000 08:01 2498365                    /usr/lib/x86_64-linux-gnu/libXdamage.so.1.1.0
7f5bc804a000-7f5bc804c000 r-xp 00000000 08:01 2498361                    /usr/lib/x86_64-linux-gnu/libXcomposite.so.1.0.0
7f5bc804c000-7f5bc824b000 ---p 00002000 08:01 2498361                    /usr/lib/x86_64-linux-gnu/libXcomposite.so.1.0.0
7f5bc824b000-7f5bc824c000 r--p 00001000 08:01 2498361                    /usr/lib/x86_64-linux-gnu/libXcomposite.so.1.0.0
7f5bc824c000-7f5bc824d000 rw-p 00002000 08:01 2498361                    /usr/lib/x86_64-linux-gnu/libXcomposite.so.1.0.0
7f5bc824d000-7f5bc8256000 r-xp 00000000 08:01 2498363                    /usr/lib/x86_64-linux-gnu/libXcursor.so.1.0.2
7f5bc8256000-7f5bc8455000 ---p 00009000 08:01 2498363                    /usr/lib/x86_64-linux-gnu/libXcursor.so.1.0.2
7f5bc8455000-7f5bc8456000 r--p 00008000 08:01 2498363                    /usr/lib/x86_64-linux-gnu/libXcursor.so.1.0.2
7f5bc8456000-7f5bc8457000 rw-p 00009000 08:01 2498363                    /usr/lib/x86_64-linux-gnu/libXcursor.so.1.0.2
7f5bc8457000-7f5bc8460000 r-xp 00000000 08:01 2498389                    /usr/lib/x86_64-linux-gnu/libXrandr.so.2.2.0
7f5bc8460000-7f5bc865f000 ---p 00009000 08:01 2498389                    /usr/lib/x86_64-linux-gnu/libXrandr.so.2.2.0
7f5bc865f000-7f5bc8660000 r--p 00008000 08:01 2498389                    /usr/lib/x86_64-linux-gnu/libXrandr.so.2.2.0
7f5bc8660000-7f5bc8661000 rw-p 00009000 08:01 2498389                    /usr/lib/x86_64-linux-gnu/libXrandr.so.2.2.0
7f5bc8661000-7f5bc8663000 r-xp 00000000 08:01 2498379                    /usr/lib/x86_64-linux-gnu/libXinerama.so.1.0.0
7f5bc8663000-7f5bc8862000 ---p 00002000 08:01 2498379                    /usr/lib/x86_64-linux-gnu/libXinerama.so.1.0.0
7f5bc8862000-7f5bc8863000 r--p 00001000 08:01 2498379                    /usr/lib/x86_64-linux-gnu/libXinerama.so.1.0.0
7f5bc8863000-7f5bc8864000 rw-p 00002000 08:01 2498379                    /usr/lib/x86_64-linux-gnu/libXinerama.so.1.0.0
7f5bc8864000-7f5bc8878000 r-xp 00000000 08:01 2499039                    /usr/lib/x86_64-linux-gnu/libpangoft2-1.0.so.0.3200.5
7f5bc8878000-7f5bc8a77000 ---p 00014000 08:01 2499039                    /usr/lib/x86_64-linux-gnu/libpangoft2-1.0.so.0.3200.5
7f5bc8a77000-7f5bc8a78000 r--p 00013000 08:01 2499039                    /usr/lib/x86_64-linux-gnu/libpangoft2-1.0.so.0.3200.5
7f5bc8a78000-7f5bc8a79000 rw-p 00014000 08:01 2499039                    /usr/lib/x86_64-linux-gnu/libpangoft2-1.0.so.0.3200.5
7f5bc8a79000-7f5bc8b7d000 r-xp 00000000 08:01 2498476                    /usr/lib/x86_64-linux-gnu/libcairo.so.2.11200.16
7f5bc8b7d000-7f5bc8d7c000 ---p 00104000 08:01 2498476                    /usr/lib/x86_64-linux-gnu/libcairo.so.2.11200.16
7f5bc8d7c000-7f5bc8d7f000 r--p 00103000 08:01 2498476                    /usr/lib/x86_64-linux-gnu/libcairo.so.2.11200.16
7f5bc8d7f000-7f5bc8d80000 rw-p 00106000 08:01 2498476                    /usr/lib/x86_64-linux-gnu/libcairo.so.2.11200.16
7f5bc8d80000-7f5bc8d82000 rw-p 00000000 00:00 0 
7f5bc8d82000-7f5bc8da1000 r-xp 00000000 08:01 2498436                    /usr/lib/x86_64-linux-gnu/libatk-1.0.so.0.21009.1
7f5bc8da1000-7f5bc8fa1000 ---p 0001f000 08:01 2498436                    /usr/lib/x86_64-linux-gnu/libatk-1.0.so.0.21009.1
7f5bc8fa1000-7f5bc8fa3000 r--p 0001f000 08:01 2498436                    /usr/lib/x86_64-linux-gnu/libatk-1.0.so.0.21009.1
7f5bc8fa3000-7f5bc8fa4000 rw-p 00021000 08:01 2498436                    /usr/lib/x86_64-linux-gnu/libatk-1.0.so.0.21009.1
7f5bc8fa4000-7f5bc8fa9000 r-xp 00000000 08:01 2498371                    /usr/lib/x86_64-linux-gnu/libXfixes.so.3.1.0
7f5bc8fa9000-7f5bc91a8000 ---p 00005000 08:01 2498371                    /usr/lib/x86_64-linux-gnu/libXfixes.so.3.1.0
7f5bc91a8000-7f5bc91a9000 r--p 00004000 08:01 2498371                    /usr/lib/x86_64-linux-gnu/libXfixes.so.3.1.0
7f5bc91a9000-7f5bc91aa000 rw-p 00005000 08:01 2498371                    /usr/lib/x86_64-linux-gnu/libXfixes.so.3.1.0
7f5bc91aa000-7f5bc91b5000 r-xp 00000000 08:01 2499037                    /usr/lib/x86_64-linux-gnu/libpangocairo-1.0.so.0.3200.5
7f5bc91b5000-7f5bc93b5000 ---p 0000b000 08:01 2499037                    /usr/lib/x86_64-linux-gnu/libpangocairo-1.0.so.0.3200.5
7f5bc93b5000-7f5bc93b6000 r--p 0000b000 08:01 2499037                    /usr/lib/x86_64-linux-gnu/libpangocairo-1.0.so.0.3200.5
7f5bc93b6000-7f5bc93b7000 rw-p 0000c000 08:01 2499037                    /usr/lib/x86_64-linux-gnu/libpangocairo-1.0.so.0.3200.5
7f5bc93b7000-7f5bc93ba000 r-xp 00000000 08:01 2494833                    /usr/lib/x86_64-linux-gnu/libgmodule-2.0.so.0.3800.1
7f5bc93ba000-7f5bc95b9000 ---p 00003000 08:01 2494833                    /usr/lib/x86_64-linux-gnu/libgmodule-2.0.so.0.3800.1
7f5bc95b9000-7f5bc95ba000 r--p 00002000 08:01 2494833                    /usr/lib/x86_64-linux-gnu/libgmodule-2.0.so.0.3800.1
7f5bc95ba000-7f5bc95bb000 rw-p 00003000 08:01 2494833                    /usr/lib/x86_64-linux-gnu/libgmodule-2.0.so.0.3800.1
7f5bc95bb000-7f5bc95d8000 r-xp 00000000 08:01 2499308                    /usr/lib/x86_64-linux-gnu/libxcb.so.1.1.0
7f5bc95d8000-7f5bc97d7000 ---p 0001d000 08:01 2499308                    /usr/lib/x86_64-linux-gnu/libxcb.so.1.1.0
7f5bc97d7000-7f5bc97d8000 r--p 0001c000 08:01 2499308                    /usr/lib/x86_64-linux-gnu/libxcb.so.1.1.0
7f5bc97d8000-7f5bc97d9000 rw-p 0001d000 08:01 2499308                    /usr/lib/x86_64-linux-gnu/libxcb.so.1.1.0
7f5bc97d9000-7f5bc9845000 r-xp 00000000 08:01 2490885                    /usr/lib/x86_64-linux-gnu/libcups.so.2
7f5bc9845000-7f5bc9a44000 ---p 0006c000 08:01 2490885                    /usr/lib/x86_64-linux-gnu/libcups.so.2
7f5bc9a44000-7f5bc9a4b000 r--p 0006b000 08:01 2490885                    /usr/lib/x86_64-linux-gnu/libcups.so.2
7f5bc9a4b000-7f5bc9a4c000 rw-p 00072000 08:01 2490885                    /usr/lib/x86_64-linux-gnu/libcups.so.2
7f5bc9a4c000-7f5bc9b4a000 r-xp 00000000 08:01 5508930                    /lib/x86_64-linux-gnu/libglib-2.0.so.0.3800.1
7f5bc9b4a000-7f5bc9d4a000 ---p 000fe000 08:01 5508930                    /lib/x86_64-linux-gnu/libglib-2.0.so.0.3800.1
7f5bc9d4a000-7f5bc9d4b000 r--p 000fe000 08:01 5508930                    /lib/x86_64-linux-gnu/libglib-2.0.so.0.3800.1
7f5bc9d4b000-7f5bc9d4c000 rw-p 000ff000 08:01 5508930                    /lib/x86_64-linux-gnu/libglib-2.0.so.0.3800.1
7f5bc9d4c000-7f5bc9d4d000 rw-p 00000000 00:00 0 
7f5bc9d4d000-7f5bc9d4e000 r-xp 00000000 08:01 2494832                    /usr/lib/x86_64-linux-gnu/libgthread-2.0.so.0.3800.1
7f5bc9d4e000-7f5bc9f4d000 ---p 00001000 08:01 2494832                    /usr/lib/x86_64-linux-gnu/libgthread-2.0.so.0.3800.1
7f5bc9f4d000-7f5bc9f4e000 r--p 00000000 08:01 2494832                    /usr/lib/x86_64-linux-gnu/libgthread-2.0.so.0.3800.1
7f5bc9f4e000-7f5bc9f4f000 rw-p 00001000 08:01 2494832                    /usr/lib/x86_64-linux-gnu/libgthread-2.0.so.0.3800.1
7f5bc9f4f000-7f5bc9f9e000 r-xp 00000000 08:01 2490772                    /usr/lib/x86_64-linux-gnu/libgobject-2.0.so.0.3800.1
7f5bc9f9e000-7f5bca19e000 ---p 0004f000 08:01 2490772                    /usr/lib/x86_64-linux-gnu/libgobject-2.0.so.0.3800.1
7f5bca19e000-7f5bca19f000 r--p 0004f000 08:01 2490772                    /usr/lib/x86_64-linux-gnu/libgobject-2.0.so.0.3800.1
7f5bca19f000-7f5bca1a0000 rw-p 00050000 08:01 2490772                    /usr/lib/x86_64-linux-gnu/libgobject-2.0.so.0.3800.1
7f5bca1a0000-7f5bca1d9000 r-xp 00000000 08:01 2498618                    /usr/lib/x86_64-linux-gnu/libfontconfig.so.1.7.0
7f5bca1d9000-7f5bca3d9000 ---p 00039000 08:01 2498618                    /usr/lib/x86_64-linux-gnu/libfontconfig.so.1.7.0
7f5bca3d9000-7f5bca3db000 r--p 00039000 08:01 2498618                    /usr/lib/x86_64-linux-gnu/libfontconfig.so.1.7.0
7f5bca3db000-7f5bca3dc000 rw-p 0003b000 08:01 2498618                    /usr/lib/x86_64-linux-gnu/libfontconfig.so.1.7.0
7f5bca3dc000-7f5bca426000 r-xp 00000000 08:01 2499035                    /usr/lib/x86_64-linux-gnu/libpango-1.0.so.0.3200.5
7f5bca426000-7f5bca625000 ---p 0004a000 08:01 2499035                    /usr/lib/x86_64-linux-gnu/libpango-1.0.so.0.3200.5
7f5bca625000-7f5bca627000 r--p 00049000 08:01 2499035                    /usr/lib/x86_64-linux-gnu/libpango-1.0.so.0.3200.5
7f5bca627000-7f5bca628000 rw-p 0004b000 08:01 2499035                    /usr/lib/x86_64-linux-gnu/libpango-1.0.so.0.3200.5
7f5bca628000-7f5bca647000 r-xp 00000000 08:01 2498685                    /usr/lib/x86_64-linux-gnu/libgdk_pixbuf-2.0.so.0.2800.1
7f5bca647000-7f5bca846000 ---p 0001f000 08:01 2498685                    /usr/lib/x86_64-linux-gnu/libgdk_pixbuf-2.0.so.0.2800.1
7f5bca846000-7f5bca847000 r--p 0001e000 08:01 2498685                    /usr/lib/x86_64-linux-gnu/libgdk_pixbuf-2.0.so.0.2800.1
7f5bca847000-7f5bca848000 rw-p 0001f000 08:01 2498685                    /usr/lib/x86_64-linux-gnu/libgdk_pixbuf-2.0.so.0.2800.1
7f5bca848000-7f5bca9a4000 r-xp 00000000 08:01 2490753                    /usr/lib/x86_64-linux-gnu/libgio-2.0.so.0.3800.1
7f5bca9a4000-7f5bcaba3000 ---p 0015c000 08:01 2490753                    /usr/lib/x86_64-linux-gnu/libgio-2.0.so.0.3800.1
7f5bcaba3000-7f5bcaba7000 r--p 0015b000 08:01 2490753                    /usr/lib/x86_64-linux-gnu/libgio-2.0.so.0.3800.1
7f5bcaba7000-7f5bcaba9000 rw-p 0015f000 08:01 2490753                    /usr/lib/x86_64-linux-gnu/libgio-2.0.so.0.3800.1
7f5bcaba9000-7f5bcabab000 rw-p 00000000 00:00 0 
7f5bcabab000-7f5bcac58000 r-xp 00000000 08:01 2498683                    /usr/lib/x86_64-linux-gnu/libgdk-x11-2.0.so.0.2400.20
7f5bcac58000-7f5bcae57000 ---p 000ad000 08:01 2498683                    /usr/lib/x86_64-linux-gnu/libgdk-x11-2.0.so.0.2400.20
7f5bcae57000-7f5bcae5b000 r--p 000ac000 08:01 2498683                    /usr/lib/x86_64-linux-gnu/libgdk-x11-2.0.so.0.2400.20
7f5bcae5b000-7f5bcae5d000 rw-p 000b0000 08:01 2498683                    /usr/lib/x86_64-linux-gnu/libgdk-x11-2.0.so.0.2400.20
7f5bcae5d000-7f5bcb28c000 r-xp 00000000 08:01 2498843                    /usr/lib/x86_64-linux-gnu/libgtk-x11-2.0.so.0.2400.20
7f5bcb28c000-7f5bcb48b000 ---p 0042f000 08:01 2498843                    /usr/lib/x86_64-linux-gnu/libgtk-x11-2.0.so.0.2400.20
7f5bcb48b000-7f5bcb492000 r--p 0042e000 08:01 2498843                    /usr/lib/x86_64-linux-gnu/libgtk-x11-2.0.so.0.2400.20
7f5bcb492000-7f5bcb496000 rw-p 00435000 08:01 2498843                    /usr/lib/x86_64-linux-gnu/libgtk-x11-2.0.so.0.2400.20
7f5bcb496000-7f5bcb499000 rw-p 00000000 00:00 0 
7f5bcb499000-7f5bcb4a8000 r-xp 00000000 08:01 2498377                    /usr/lib/x86_64-linux-gnu/libXi.so.6.1.0
7f5bcb4a8000-7f5bcb6a7000 ---p 0000f000 08:01 2498377                    /usr/lib/x86_64-linux-gnu/libXi.so.6.1.0
7f5bcb6a7000-7f5bcb6a8000 r--p 0000e000 08:01 2498377                    /usr/lib/x86_64-linux-gnu/libXi.so.6.1.0
7f5bcb6a8000-7f5bcb6a9000 rw-p 0000f000 08:01 2498377                    /usr/lib/x86_64-linux-gnu/libXi.so.6.1.0
7f5bcb6a9000-7f5bcb6ae000 r-xp 00000000 08:01 2498395                    /usr/lib/x86_64-linux-gnu/libXtst.so.6.1.0
7f5bcb6ae000-7f5bcb8ad000 ---p 00005000 08:01 2498395                    /usr/lib/x86_64-linux-gnu/libXtst.so.6.1.0
7f5bcb8ad000-7f5bcb8ae000 r--p 00004000 08:01 2498395                    /usr/lib/x86_64-linux-gnu/libXtst.so.6.1.0
7f5bcb8ae000-7f5bcb8af000 rw-p 00005000 08:01 2498395                    /usr/lib/x86_64-linux-gnu/libXtst.so.6.1.0
7f5bcb8af000-7f5bcb8b8000 r-xp 00000000 08:01 2498391                    /usr/lib/x86_64-linux-gnu/libXrender.so.1.3.0
7f5bcb8b8000-7f5bcbab7000 ---p 00009000 08:01 2498391                    /usr/lib/x86_64-linux-gnu/libXrender.so.1.3.0
7f5bcbab7000-7f5bcbab8000 r--p 00008000 08:01 2498391                    /usr/lib/x86_64-linux-gnu/libXrender.so.1.3.0
7f5bcbab8000-7f5bcbab9000 rw-p 00009000 08:01 2498391                    /usr/lib/x86_64-linux-gnu/libXrender.so.1.3.0
7f5bcbab9000-7f5bcbbe9000 r-xp 00000000 08:01 2498352                    /usr/lib/x86_64-linux-gnu/libX11.so.6.3.0
7f5bcbbe9000-7f5bcbde9000 ---p 00130000 08:01 2498352                    /usr/lib/x86_64-linux-gnu/libX11.so.6.3.0
7f5bcbde9000-7f5bcbdea000 r--p 00130000 08:01 2498352                    /usr/lib/x86_64-linux-gnu/libX11.so.6.3.0
7f5bcbdea000-7f5bcbdee000 rw-p 00131000 08:01 2498352                    /usr/lib/x86_64-linux-gnu/libX11.so.6.3.0
7f5bcbdee000-7f5bcbdff000 r-xp 00000000 08:01 2498369                    /usr/lib/x86_64-linux-gnu/libXext.so.6.4.0
7f5bcbdff000-7f5bcbffe000 ---p 00011000 08:01 2498369                    /usr/lib/x86_64-linux-gnu/libXext.so.6.4.0
7f5bcbffe000-7f5bcbfff000 r--p 00010000 08:01 2498369                    /usr/lib/x86_64-linux-gnu/libXext.so.6.4.0
7f5bcbfff000-7f5bcc000000 rw-p 00011000 08:01 2498369                    /usr/lib/x86_64-linux-gnu/libXext.so.6.4.0
7f5bcc000000-7f5bccac2000 rw-p 00000000 00:00 0 
7f5bccac2000-7f5bd0000000 ---p 00000000 00:00 0 
7f5bd0000000-7f5bd0021000 rw-p 00000000 00:00 0 
7f5bd0021000-7f5bd4000000 ---p 00000000 00:00 0 
7f5bd4000000-7f5bd4573000 rw-p 00000000 00:00 0 
7f5bd4573000-7f5bd8000000 ---p 00000000 00:00 0 
7f5bd8000000-7f5bd84de000 rw-p 00000000 00:00 0 
7f5bd84de000-7f5bdc000000 ---p 00000000 00:00 0 
7f5bdc000000-7f5bdc021000 rw-p 00000000 00:00 0 
7f5bdc021000-7f5be0000000 ---p 00000000 00:00 0 
7f5be0000000-7f5be0021000 rw-p 00000000 00:00 0 
7f5be0021000-7f5be4000000 ---p 00000000 00:00 0 
7f5be4000000-7f5be4021000 rw-p 00000000 00:00 0 
7f5be4021000-7f5be8000000 ---p 00000000 00:00 0 
7f5be8000000-7f5be8021000 rw-p 00000000 00:00 0 
7f5be8021000-7f5bec000000 ---p 00000000 00:00 0 
7f5bec000000-7f5bec021000 rw-p 00000000 00:00 0 
7f5bec021000-7f5bf0000000 ---p 00000000 00:00 0 
7f5bf0000000-7f5bf0021000 rw-p 00000000 00:00 0 
7f5bf0021000-7f5bf4000000 ---p 00000000 00:00 0 
7f5bf4000000-7f5bf4021000 rw-p 00000000 00:00 0 
7f5bf4021000-7f5bf8000000 ---p 00000000 00:00 0 
7f5bf8000000-7f5bf8021000 rw-p 00000000 00:00 0 
7f5bf8021000-7f5bfc000000 ---p 00000000 00:00 0 
7f5bfc000000-7f5bfc021000 rw-p 00000000 00:00 0 
7f5bfc021000-7f5c00000000 ---p 00000000 00:00 0 
7f5c00001000-7f5c00007000 rw-s 12c070000 00:05 7824                      /dev/dri/card0
7f5c00007000-7f5c0000d000 rw-s 12c06a000 00:05 7824                      /dev/dri/card0
7f5c0000d000-7f5c00013000 rw-s 12b464000 00:05 7824                      /dev/dri/card0
7f5c00013000-7f5c00019000 rw-s 126261000 00:05 7824                      /dev/dri/card0
7f5c00019000-7f5c0001f000 rw-s 12625b000 00:05 7824                      /dev/dri/card0
7f5c0001f000-7f5c00025000 rw-s 126255000 00:05 7824                      /dev/dri/card0
7f5c00025000-7f5c0002b000 rw-s 12624f000 00:05 7824                      /dev/dri/card0
7f5c0002b000-7f5c0002e000 ---p 00000000 00:00 0 
7f5c0002e000-7f5c00064000 rw-p 00000000 00:00 0                          [stack:20691]
7f5c00064000-7f5c0006b000 r--s 00000000 08:01 2755354                    /usr/lib/x86_64-linux-gnu/gconv/gconv-modules.cache
7f5c0006b000-7f5c0006e000 ---p 00000000 00:00 0 
7f5c0006e000-7f5c0016c000 rw-p 00000000 00:00 0                          [stack:20632]
7f5c0016c000-7f5c00176000 r--s 000b8000 08:01 4071158                    /usr/lib/jvm/java-7-openjdk-amd64/jre/lib/resources.jar
7f5c00176000-7f5c001c7000 r-xp 00000000 08:01 4071304                    /usr/lib/jvm/java-7-openjdk-amd64/jre/lib/amd64/xawt/libmawt.so
7f5c001c7000-7f5c003c6000 ---p 00051000 08:01 4071304                    /usr/lib/jvm/java-7-openjdk-amd64/jre/lib/amd64/xawt/libmawt.so
7f5c003c6000-7f5c003c7000 r--p 00050000 08:01 4071304                    /usr/lib/jvm/java-7-openjdk-amd64/jre/lib/amd64/xawt/libmawt.so
7f5c003c7000-7f5c003ca000 rw-p 00051000 08:01 4071304                    /usr/lib/jvm/java-7-openjdk-amd64/jre/lib/amd64/xawt/libmawt.so
7f5c003ca000-7f5c003cb000 rw-p 00000000 00:00 0 
7f5c003cb000-7f5c0046b000 r-xp 00000000 08:01 4071152                    /usr/lib/jvm/java-7-openjdk-amd64/jre/lib/amd64/libawt.so
7f5c0046b000-7f5c0066a000 ---p 000a0000 08:01 4071152                    /usr/lib/jvm/java-7-openjdk-amd64/jre/lib/amd64/libawt.so
7f5c0066a000-7f5c0066b000 r--p 0009f000 08:01 4071152                    /usr/lib/jvm/java-7-openjdk-amd64/jre/lib/amd64/libawt.so
7f5c0066b000-7f5c00676000 rw-p 000a0000 08:01 4071152                    /usr/lib/jvm/java-7-openjdk-amd64/jre/lib/amd64/libawt.so
7f5c00676000-7f5c0069b000 rw-p 00000000 00:00 0 
7f5c0069b000-7f5c0070a000 r-xp 00000000 08:01 5242911                    /tmp/libgdxroot/b4a54a2/libgdx64.so
7f5c0070a000-7f5c00909000 ---p 0006f000 08:01 5242911                    /tmp/libgdxroot/b4a54a2/libgdx64.so
7f5c00909000-7f5c0090b000 r--p 0006e000 08:01 5242911                    /tmp/libgdxroot/b4a54a2/libgdx64.so
7f5c0090b000-7f5c0090c000 rw-p 00070000 08:01 5242911                    /tmp/libgdxroot/b4a54a2/libgdx64.so
7f5c0090c000-7f5c0090d000 rw-p 00000000 00:00 0 
7f5c0090d000-7f5c0091e000 r--s 0012b000 08:01 2228340                    /root/git/Masterchef/masterchef-desktop/lib/gdx-backend-lwjgl.jar
7f5c0091e000-7f5c0091f000 ---p 00000000 00:00 0 
7f5c0091f000-7f5c00a1f000 rw-p 00000000 00:00 0                          [stack:20631]
7f5c00a1f000-7f5c00a22000 ---p 00000000 00:00 0 
7f5c00a22000-7f5c00b20000 rw-p 00000000 00:00 0                          [stack:20630]
7f5c00b20000-7f5c00b23000 ---p 00000000 00:00 0 
7f5c00b23000-7f5c00c21000 rw-p 00000000 00:00 0                          [stack:20629]
7f5c00c21000-7f5c00c24000 ---p 00000000 00:00 0 
7f5c00c24000-7f5c00d22000 rw-p 00000000 00:00 0                          [stack:20628]
7f5c00d22000-7f5c00d25000 ---p 00000000 00:00 0 
7f5c00d25000-7f5c00e23000 rw-p 00000000 00:00 0                          [stack:20687]
7f5c00e23000-7f5c00e26000 ---p 00000000 00:00 0 
7f5c00e26000-7f5c00f24000 rw-p 00000000 00:00 0                          [stack:20625]
7f5c00f24000-7f5c00f27000 ---p 00000000 00:00 0 
7f5c00f27000-7f5c01025000 rw-p 00000000 00:00 0                          [stack:20622]
7f5c01025000-7f5c01029000 r-xp 00000000 08:01 4071150                    /usr/lib/jvm/java-7-openjdk-amd64/jre/lib/amd64/libdt_socket.so
7f5c01029000-7f5c01228000 ---p 00004000 08:01 4071150                    /usr/lib/jvm/java-7-openjdk-amd64/jre/lib/amd64/libdt_socket.so
7f5c01228000-7f5c01229000 r--p 00003000 08:01 4071150                    /usr/lib/jvm/java-7-openjdk-amd64/jre/lib/amd64/libdt_socket.so
7f5c01229000-7f5c0122a000 rw-p 00004000 08:01 4071150                    /usr/lib/jvm/java-7-openjdk-amd64/jre/lib/amd64/libdt_socket.so
7f5c0122a000-7f5c0122d000 ---p 00000000 00:00 0 
7f5c0122d000-7f5c0132b000 rw-p 00000000 00:00 0                          [stack:20620]
7f5c0132b000-7f5c0132e000 ---p 00000000 00:00 0 
7f5c0132e000-7f5c0142c000 rw-p 00000000 00:00 0                          [stack:20619]
7f5c0142c000-7f5c0142f000 ---p 00000000 00:00 0 
7f5c0142f000-7f5c0152d000 rw-p 00000000 00:00 0                          [stack:20618]
7f5c0152d000-7f5c0152e000 ---p 00000000 00:00 0 
7f5c0152e000-7f5c01fe2000 rw-p 00000000 00:00 0                          [stack:20617]
7f5c01fe2000-7f5c02190000 r--s 01cf4000 08:01 4071185                    /usr/lib/jvm/java-7-openjdk-amd64/jre/lib/rt.jar
7f5c02190000-7f5c04005000 rw-p 00000000 00:00 0 
7f5c04005000-7f5c04006000 ---p 00000000 00:00 0 
7f5c04006000-7f5c04106000 rw-p 00000000 00:00 0                          [stack:20616]
7f5c04106000-7f5c04107000 ---p 00000000 00:00 0 
7f5c04107000-7f5c04212000 rw-p 00000000 00:00 0                          [stack:20615]
7f5c04212000-7f5c0425a000 rw-p 00000000 00:00 0 
7f5c0425a000-7f5c04269000 rw-p 00000000 00:00 0 
7f5c04269000-7f5c0434b000 rw-p 00000000 00:00 0 
7f5c0434b000-7f5c04356000 rw-p 00000000 00:00 0 
7f5c04356000-7f5c0439e000 rw-p 00000000 00:00 0 
7f5c0439e000-7f5c043ad000 rw-p 00000000 00:00 0 
7f5c043ad000-7f5c0448e000 rw-p 00000000 00:00 0 
7f5c0448e000-7f5c04496000 rw-p 00000000 00:00 0 
7f5c04496000-7f5c04507000 rw-p 00000000 00:00 0 
7f5c04507000-7f5c04508000 rw-p 00000000 00:00 0 
7f5c04508000-7f5c04778000 rwxp 00000000 00:00 0 
7f5c04778000-7f5c07508000 rw-p 00000000 00:00 0 
7f5c07508000-7f5c07510000 r-xp 00000000 08:01 4071118                    /usr/lib/jvm/java-7-openjdk-amd64/jre/lib/amd64/libzip.so
7f5c07510000-7f5c0770f000 ---p 00008000 08:01 4071118                    /usr/lib/jvm/java-7-openjdk-amd64/jre/lib/amd64/libzip.so
7f5c0770f000-7f5c07710000 r--p 00007000 08:01 4071118                    /usr/lib/jvm/java-7-openjdk-amd64/jre/lib/amd64/libzip.so
7f5c07710000-7f5c07711000 rw-p 00008000 08:01 4071118                    /usr/lib/jvm/java-7-openjdk-amd64/jre/lib/amd64/libzip.so
7f5c07711000-7f5c0771d000 r-xp 00000000 08:01 5509056                    /lib/x86_64-linux-gnu/libnss_files-2.17.so
7f5c0771d000-7f5c0791c000 ---p 0000c000 08:01 5509056                    /lib/x86_64-linux-gnu/libnss_files-2.17.so
7f5c0791c000-7f5c0791d000 r--p 0000b000 08:01 5509056                    /lib/x86_64-linux-gnu/libnss_files-2.17.so
7f5c0791d000-7f5c0791e000 rw-p 0000c000 08:01 5509056                    /lib/x86_64-linux-gnu/libnss_files-2.17.so
7f5c0791e000-7f5c08000000 r--p 00000000 08:01 2497353                    /usr/lib/locale/locale-archive
7f5c08000000-7f5c082e7000 rw-p 00000000 00:00 0 
7f5c082e7000-7f5c0c000000 ---p 00000000 00:00 0 
7f5c0c001000-7f5c0c017000 r--s 00154000 08:01 2228310                    /root/git/Masterchef/masterchef/lib/gdx.jar
7f5c0c017000-7f5c0c022000 r-xp 00000000 08:01 5509060                    /lib/x86_64-linux-gnu/libnss_nis-2.17.so
7f5c0c022000-7f5c0c221000 ---p 0000b000 08:01 5509060                    /lib/x86_64-linux-gnu/libnss_nis-2.17.so
7f5c0c221000-7f5c0c222000 r--p 0000a000 08:01 5509060                    /lib/x86_64-linux-gnu/libnss_nis-2.17.so
7f5c0c222000-7f5c0c223000 rw-p 0000b000 08:01 5509060                    /lib/x86_64-linux-gnu/libnss_nis-2.17.so
7f5c0c223000-7f5c0c23a000 r-xp 00000000 08:01 5509050                    /lib/x86_64-linux-gnu/libnsl-2.17.so
7f5c0c23a000-7f5c0c439000 ---p 00017000 08:01 5509050                    /lib/x86_64-linux-gnu/libnsl-2.17.so
7f5c0c439000-7f5c0c43a000 r--p 00016000 08:01 5509050                    /lib/x86_64-linux-gnu/libnsl-2.17.so
7f5c0c43a000-7f5c0c43b000 rw-p 00017000 08:01 5509050                    /lib/x86_64-linux-gnu/libnsl-2.17.so
7f5c0c43b000-7f5c0c43d000 rw-p 00000000 00:00 0 
7f5c0c43d000-7f5c0c445000 r-xp 00000000 08:01 5509052                    /lib/x86_64-linux-gnu/libnss_compat-2.17.so
7f5c0c445000-7f5c0c644000 ---p 00008000 08:01 5509052                    /lib/x86_64-linux-gnu/libnss_compat-2.17.so
7f5c0c644000-7f5c0c645000 r--p 00007000 08:01 5509052                    /lib/x86_64-linux-gnu/libnss_compat-2.17.so
7f5c0c645000-7f5c0c646000 rw-p 00008000 08:01 5509052                    /lib/x86_64-linux-gnu/libnss_compat-2.17.so
7f5c0c646000-7f5c0c649000 r-xp 00000000 08:01 4071127                    /usr/lib/jvm/java-7-openjdk-amd64/jre/lib/amd64/libnpt.so
7f5c0c649000-7f5c0c848000 ---p 00003000 08:01 4071127                    /usr/lib/jvm/java-7-openjdk-amd64/jre/lib/amd64/libnpt.so
7f5c0c848000-7f5c0c849000 r--p 00002000 08:01 4071127                    /usr/lib/jvm/java-7-openjdk-amd64/jre/lib/amd64/libnpt.so
7f5c0c849000-7f5c0c84a000 rw-p 00003000 08:01 4071127                    /usr/lib/jvm/java-7-openjdk-amd64/jre/lib/amd64/libnpt.so
7f5c0c84a000-7f5c0c884000 r-xp 00000000 08:01 4071128                    /usr/lib/jvm/java-7-openjdk-amd64/jre/lib/amd64/libjdwp.so
7f5c0c884000-7f5c0ca83000 ---p 0003a000 08:01 4071128                    /usr/lib/jvm/java-7-openjdk-amd64/jre/lib/amd64/libjdwp.so
7f5c0ca83000-7f5c0ca84000 r--p 00039000 08:01 4071128                    /usr/lib/jvm/java-7-openjdk-amd64/jre/lib/amd64/libjdwp.so
7f5c0ca84000-7f5c0ca85000 rw-p 0003a000 08:01 4071128                    /usr/lib/jvm/java-7-openjdk-amd64/jre/lib/amd64/libjdwp.so
7f5c0ca85000-7f5c0cab0000 r-xp 00000000 08:01 4071115                    /usr/lib/jvm/java-7-openjdk-amd64/jre/lib/amd64/libjava.so
7f5c0cab0000-7f5c0ccaf000 ---p 0002b000 08:01 4071115                    /usr/lib/jvm/java-7-openjdk-amd64/jre/lib/amd64/libjava.so
7f5c0ccaf000-7f5c0ccb0000 r--p 0002a000 08:01 4071115                    /usr/lib/jvm/java-7-openjdk-amd64/jre/lib/amd64/libjava.so
7f5c0ccb0000-7f5c0ccb2000 rw-p 0002b000 08:01 4071115                    /usr/lib/jvm/java-7-openjdk-amd64/jre/lib/amd64/libjava.so
7f5c0ccb2000-7f5c0ccc2000 r-xp 00000000 08:01 4071129                    /usr/lib/jvm/java-7-openjdk-amd64/jre/lib/amd64/libverify.so
7f5c0ccc2000-7f5c0cec1000 ---p 00010000 08:01 4071129                    /usr/lib/jvm/java-7-openjdk-amd64/jre/lib/amd64/libverify.so
7f5c0cec1000-7f5c0cec3000 r--p 0000f000 08:01 4071129                    /usr/lib/jvm/java-7-openjdk-amd64/jre/lib/amd64/libverify.so
7f5c0cec3000-7f5c0cec4000 rw-p 00011000 08:01 4071129                    /usr/lib/jvm/java-7-openjdk-amd64/jre/lib/amd64/libverify.so
7f5c0cec4000-7f5c0cecb000 r-xp 00000000 08:01 5509103                    /lib/x86_64-linux-gnu/librt-2.17.so
7f5c0cecb000-7f5c0d0ca000 ---p 00007000 08:01 5509103                    /lib/x86_64-linux-gnu/librt-2.17.so
7f5c0d0ca000-7f5c0d0cb000 r--p 00006000 08:01 5509103                    /lib/x86_64-linux-gnu/librt-2.17.so
7f5c0d0cb000-7f5c0d0cc000 rw-p 00007000 08:01 5509103                    /lib/x86_64-linux-gnu/librt-2.17.so
7f5c0d0cc000-7f5c0d0e1000 r-xp 00000000 08:01 5505029                    /lib/x86_64-linux-gnu/libgcc_s.so.1
7f5c0d0e1000-7f5c0d2e0000 ---p 00015000 08:01 5505029                    /lib/x86_64-linux-gnu/libgcc_s.so.1
7f5c0d2e0000-7f5c0d2e1000 r--p 00014000 08:01 5505029                    /lib/x86_64-linux-gnu/libgcc_s.so.1
7f5c0d2e1000-7f5c0d2e2000 rw-p 00015000 08:01 5505029                    /lib/x86_64-linux-gnu/libgcc_s.so.1
7f5c0d2e2000-7f5c0d3e5000 r-xp 00000000 08:01 5509031                    /lib/x86_64-linux-gnu/libm-2.17.so
7f5c0d3e5000-7f5c0d5e4000 ---p 00103000 08:01 5509031                    /lib/x86_64-linux-gnu/libm-2.17.so
7f5c0d5e4000-7f5c0d5e5000 r--p 00102000 08:01 5509031                    /lib/x86_64-linux-gnu/libm-2.17.so
7f5c0d5e5000-7f5c0d5e6000 rw-p 00103000 08:01 5509031                    /lib/x86_64-linux-gnu/libm-2.17.so
7f5c0d5e6000-7f5c0d6cc000 r-xp 00000000 08:01 2496355                    /usr/lib/x86_64-linux-gnu/libstdc++.so.6.0.18
7f5c0d6cc000-7f5c0d8cb000 ---p 000e6000 08:01 2496355                    /usr/lib/x86_64-linux-gnu/libstdc++.so.6.0.18
7f5c0d8cb000-7f5c0d8d3000 r--p 000e5000 08:01 2496355                    /usr/lib/x86_64-linux-gnu/libstdc++.so.6.0.18
7f5c0d8d3000-7f5c0d8d5000 rw-p 000ed000 08:01 2496355                    /usr/lib/x86_64-linux-gnu/libstdc++.so.6.0.18
7f5c0d8d5000-7f5c0d8ea000 rw-p 00000000 00:00 0 
7f5c0d8ea000-7f5c0e3c9000 r-xp 00000000 08:01 4071143                    /usr/lib/jvm/java-7-openjdk-amd64/jre/lib/amd64/server/libjvm.so
7f5c0e3c9000-7f5c0e5c8000 ---p 00adf000 08:01 4071143                    /usr/lib/jvm/java-7-openjdk-amd64/jre/lib/amd64/server/libjvm.so
7f5c0e5c8000-7f5c0e65a000 r--p 00ade000 08:01 4071143                    /usr/lib/jvm/java-7-openjdk-amd64/jre/lib/amd64/server/libjvm.so
7f5c0e65a000-7f5c0e67d000 rw-p 00b70000 08:01 4071143                    /usr/lib/jvm/java-7-openjdk-amd64/jre/lib/amd64/server/libjvm.so
7f5c0e67d000-7f5c0e6aa000 rw-p 00000000 00:00 0 
7f5c0e6aa000-7f5c0e6c2000 r-xp 00000000 08:01 5509138                    /lib/x86_64-linux-gnu/libz.so.1.2.8
7f5c0e6c2000-7f5c0e8c1000 ---p 00018000 08:01 5509138                    /lib/x86_64-linux-gnu/libz.so.1.2.8
7f5c0e8c1000-7f5c0e8c2000 r--p 00017000 08:01 5509138                    /lib/x86_64-linux-gnu/libz.so.1.2.8
7f5c0e8c2000-7f5c0e8c3000 rw-p 00018000 08:01 5509138                    /lib/x86_64-linux-gnu/libz.so.1.2.8
7f5c0e8c3000-7f5c0e8da000 r-xp 00000000 08:01 5509095                    /lib/x86_64-linux-gnu/libpthread-2.17.so
7f5c0e8da000-7f5c0eada000 ---p 00017000 08:01 5509095                    /lib/x86_64-linux-gnu/libpthread-2.17.so
7f5c0eada000-7f5c0eadb000 r--p 00017000 08:01 5509095                    /lib/x86_64-linux-gnu/libpthread-2.17.so
7f5c0eadb000-7f5c0eadc000 rw-p 00018000 08:01 5509095                    /lib/x86_64-linux-gnu/libpthread-2.17.so
7f5c0eadc000-7f5c0eae0000 rw-p 00000000 00:00 0 
7f5c0eae0000-7f5c0eae3000 r-xp 00000000 08:01 5508995                    /lib/x86_64-linux-gnu/libdl-2.17.so
7f5c0eae3000-7f5c0ece2000 ---p 00003000 08:01 5508995                    /lib/x86_64-linux-gnu/libdl-2.17.so
7f5c0ece2000-7f5c0ece3000 r--p 00002000 08:01 5508995                    /lib/x86_64-linux-gnu/libdl-2.17.so
7f5c0ece3000-7f5c0ece4000 rw-p 00003000 08:01 5508995                    /lib/x86_64-linux-gnu/libdl-2.17.so
7f5c0ece4000-7f5c0eea1000 r-xp 00000000 08:01 5508980                    /lib/x86_64-linux-gnu/libc-2.17.so
7f5c0eea1000-7f5c0f0a1000 ---p 001bd000 08:01 5508980                    /lib/x86_64-linux-gnu/libc-2.17.so
7f5c0f0a1000-7f5c0f0a5000 r--p 001bd000 08:01 5508980                    /lib/x86_64-linux-gnu/libc-2.17.so
7f5c0f0a5000-7f5c0f0a7000 rw-p 001c1000 08:01 5508980                    /lib/x86_64-linux-gnu/libc-2.17.so
7f5c0f0a7000-7f5c0f0ac000 rw-p 00000000 00:00 0 
7f5c0f0ac000-7f5c0f0b9000 r-xp 00000000 08:01 4071149                    /usr/lib/jvm/java-7-openjdk-amd64/jre/lib/amd64/jli/libjli.so
7f5c0f0b9000-7f5c0f2b8000 ---p 0000d000 08:01 4071149                    /usr/lib/jvm/java-7-openjdk-amd64/jre/lib/amd64/jli/libjli.so
7f5c0f2b8000-7f5c0f2b9000 r--p 0000c000 08:01 4071149                    /usr/lib/jvm/java-7-openjdk-amd64/jre/lib/amd64/jli/libjli.so
7f5c0f2b9000-7f5c0f2ba000 rw-p 0000d000 08:01 4071149                    /usr/lib/jvm/java-7-openjdk-amd64/jre/lib/amd64/jli/libjli.so
7f5c0f2ba000-7f5c0f2dd000 r-xp 00000000 08:01 5508956                    /lib/x86_64-linux-gnu/ld-2.17.so
7f5c0f2df000-7f5c0f2e0000 rw-s 116fa7000 00:05 7824                      /dev/dri/card0
7f5c0f2e0000-7f5c0f2e1000 rw-s 12a77e000 00:05 7824                      /dev/dri/card0
7f5c0f2e1000-7f5c0f2e2000 rwxp 00000000 00:00 0 
7f5c0f2e2000-7f5c0f2e3000 r--s 00127000 08:01 2228338                    /root/git/Masterchef/masterchef-desktop/lib/gdx-natives.jar
7f5c0f2e3000-7f5c0f2e5000 r--s 001a1000 08:01 2228269                    /root/git/Masterchef/masterchef-desktop/lib/gdx-backend-lwjgl-natives.jar
7f5c0f2e5000-7f5c0f2e9000 r--s 00085000 08:01 4071161                    /usr/lib/jvm/java-7-openjdk-amd64/jre/lib/ext/localedata.jar
7f5c0f2e9000-7f5c0f305000 rw-p 00000000 00:00 0 
7f5c0f305000-7f5c0f3bb000 rw-p 00000000 00:00 0 
7f5c0f3bb000-7f5c0f3be000 ---p 00000000 00:00 0 
7f5c0f3be000-7f5c0f4c1000 rw-p 00000000 00:00 0                          [stack:20614]
7f5c0f4c1000-7f5c0f4c3000 r--s 00006000 08:01 2898303                    /usr/share/java/java-atk-wrapper.jar
7f5c0f4c3000-7f5c0f4c6000 r--s 00032000 08:01 4071164                    /usr/lib/jvm/java-7-openjdk-amd64/jre/lib/ext/sunjce_provider.jar
7f5c0f4c6000-7f5c0f4c9000 r--s 0000f000 08:01 4071162                    /usr/lib/jvm/java-7-openjdk-amd64/jre/lib/ext/pulse-java.jar
7f5c0f4c9000-7f5c0f4ca000 r--s 00002000 08:01 4071165                    /usr/lib/jvm/java-7-openjdk-amd64/jre/lib/ext/dnsns.jar
7f5c0f4ca000-7f5c0f4cc000 r--s 00012000 08:01 4071163                    /usr/lib/jvm/java-7-openjdk-amd64/jre/lib/ext/zipfs.jar
7f5c0f4cc000-7f5c0f4d0000 r--s 0003b000 08:01 4071166                    /usr/lib/jvm/java-7-openjdk-amd64/jre/lib/ext/sunpkcs11.jar
7f5c0f4d0000-7f5c0f4d8000 rw-s 00000000 08:01 5242933                    /tmp/hsperfdata_root/20608
7f5c0f4d8000-7f5c0f4d9000 rw-p 00000000 00:00 0 
7f5c0f4d9000-7f5c0f4da000 r--p 00000000 00:00 0 
7f5c0f4da000-7f5c0f4dc000 rw-p 00000000 00:00 0 
7f5c0f4dc000-7f5c0f4dd000 r--p 00022000 08:01 5508956                    /lib/x86_64-linux-gnu/ld-2.17.so
7f5c0f4dd000-7f5c0f4df000 rw-p 00023000 08:01 5508956                    /lib/x86_64-linux-gnu/ld-2.17.so
7fff14ec8000-7fff14ee9000 rw-p 00000000 00:00 0                          [stack]
7fff14ffe000-7fff15000000 r-xp 00000000 00:00 0                          [vdso]
ffffffffff600000-ffffffffff601000 r-xp 00000000 00:00 0                  [vsyscall]

VM Arguments:
jvm_args: -agentlib:jdwp=transport=dt_socket,suspend=y,address=localhost:59210 -Dfile.encoding=UTF-8 
java_command: com.masterchef.DesktopGame
Launcher Type: SUN_STANDARD

Environment Variables:
PATH=/home/albert/apache-ant-1.9.3/bin:/usr/local/sbin:/usr/local/bin:/usr/sbin:/usr/bin:/sbin:/bin
USERNAME=root
SHELL=/bin/bash
DISPLAY=:0

Signal Handlers:
SIGSEGV: [libjvm.so+0x916ea0], sa_mask[0]=0x7ffbfeff, sa_flags=0x10000004
SIGBUS: [libjvm.so+0x916ea0], sa_mask[0]=0x7ffbfeff, sa_flags=0x10000004
SIGFPE: [libjvm.so+0x794800], sa_mask[0]=0x7ffbfeff, sa_flags=0x10000004
SIGPIPE: [libjvm.so+0x794800], sa_mask[0]=0x7ffbfeff, sa_flags=0x10000004
SIGXFSZ: [libjvm.so+0x794800], sa_mask[0]=0x7ffbfeff, sa_flags=0x10000004
SIGILL: [libjvm.so+0x794800], sa_mask[0]=0x7ffbfeff, sa_flags=0x10000004
SIGUSR1: SIG_DFL, sa_mask[0]=0x00000000, sa_flags=0x00000000
SIGUSR2: [libjvm.so+0x7946a0], sa_mask[0]=0x00000004, sa_flags=0x10000004
SIGHUP: [libjvm.so+0x794880], sa_mask[0]=0x7ffbfeff, sa_flags=0x10000004
SIGINT: [libjvm.so+0x794880], sa_mask[0]=0x7ffbfeff, sa_flags=0x10000004
SIGTERM: [libjvm.so+0x794880], sa_mask[0]=0x7ffbfeff, sa_flags=0x10000004
SIGQUIT: [libjvm.so+0x794880], sa_mask[0]=0x7ffbfeff, sa_flags=0x10000004


---------------  S Y S T E M  ---------------

OS: