#
# A fatal error has been detected by the Java Runtime Environment:
#
#  SIGSEGV (0xb) at pc=0x0000000000000000, pid=20750, tid=140423170709248
#
# JRE version: OpenJDK Runtime Environment (7.0_51) (build 1.7.0_51-b00)
# Java VM: OpenJDK 64-Bit Server VM (24.45-b08 mixed mode linux-amd64 compressed oops)
# Problematic frame:
# C  0x0000000000000000
#
# Failed to write core dump. Core dumps have been disabled. To enable core dumping, try "ulimit -c unlimited" before starting Java again
#
# If you would like to submit a bug report, please include
# instructions on how to reproduce the bug and visit:
#   http://icedtea.classpath.org/bugzilla
#

---------------  T H R E A D  ---------------

Current thread is native thread

siginfo:si_signo=SIGSEGV: si_errno=0, si_code=1 (SEGV_MAPERR), si_addr=0x0000000000000000

Registers:
RAX=0x00007fb6d36167c0, RBX=0x0000000000000400, RCX=0x0000000000000000, RDX=0x0000000000000000
RSP=0x00007fb6d1354ca8, RBP=0x00007fb71822f820, RSI=0x0000000000000000, RDI=0x00007fb71822f820
R8 =0x0000000000000000, R9 =0x0000000000180000, R10=0x0000000000000000, R11=0x00007fb71ef16c0d
R12=0x00007fb7182339b0, R13=0x0000000000012000, R14=0x0000000000001000, R15=0x00007fb6d1354e58
RIP=0x0000000000000000, EFLAGS=0x0000000000010246, CSGSFS=0x0000000000000033, ERR=0x0000000000000014
  TRAPNO=0x000000000000000e

Top of Stack: (sp=0x00007fb6d1354ca8)
0x00007fb6d1354ca8:   00007fb6d33df4d1 00007fb71ee8fef0
0x00007fb6d1354cb8:   00007fb6cc005410 00007fb6bb800000
0x00007fb6d1354cc8:   00007fb71ef76729 0000000000000000
0x00007fb6d1354cd8:   00007fb6d2d27fa2 00007fb71822c7c0
0x00007fb6d1354ce8:   0000000000000000 0000000000000000
0x00007fb6d1354cf8:   0000000000000000 00007fb71822f0b0
0x00007fb6d1354d08:   00007fb71822ece0 0000000000002000
0x00007fb6d1354d18:   00007fb6d2d2fcba 00007fb71822bdd0
0x00007fb6d1354d28:   00007fb6e0000e20 0000000000000000
0x00007fb6d1354d38:   5700000000000001 0000000000002000
0x00007fb6d1354d48:   00007fb6d2d317cb 0000000000000000
0x00007fb6d1354d58:   0000000000000000 0000000000000000
0x00007fb6d1354d68:   0000000000000000 0000000000000000
0x00007fb6d1354d78:   0000000000002000 00007fb71822ece0
0x00007fb6d1354d88:   00007fb6d1354e58 00007fb6d1354e50
0x00007fb6d1354d98:   00007fb7182339b0 00007fb6d2d4ac60
0x00007fb6d1354da8:   00007fb6d319abe2 00007fb6c7fff040
0x00007fb6d1354db8:   00007fb6c7fff040 000004001ec812e0
0x00007fb6d1354dc8:   00007fb6d1354de0 0000000000000000
0x00007fb6d1354dd8:   00007fb6d319feb2 00001fa00000037f
0x00007fb6d1354de8:   00007fb6d2d159ff 00007fb71822f0b0
0x00007fb6d1354df8:   0000000000002000 00007fb71822e630
0x00007fb6d1354e08:   0000000000000000 00007fb71822f820
0x00007fb6d1354e18:   0000000000000008 00007fb6d1354e58
0x00007fb6d1354e28:   00007fb6d33f5544 0000000000000000
0x00007fb6d1354e38:   00007fb6d1354e50 0000000000002000
0x00007fb6d1354e48:   0000000000006000 00007fb6c7fff040
0x00007fb6d1354e58:   0000000000002000 0000000000000000
0x00007fb6d1354e68:   00007fb718251ba0 0000000000000000
0x00007fb6d1354e78:   0000000000000000 00007fb71f683060
0x00007fb6d1354e88:   00007fb71f660300 0000000000001000
0x00007fb6d1354e98:   00007fb6d33e873a 0000000000000000 

Instructions: (pc=0x0000000000000000)
0xffffffffffffffe0:   

Register to memory mapping:

RAX=0x00007fb6d36167c0: <offset 0x2577c0> in /tmp/libgdxroot/7b43be9b/libopenal64.so at 0x00007fb6d33bf000
RBX=0x0000000000000400 is an unknown value
RCX=0x0000000000000000 is an unknown value
RDX=0x0000000000000000 is an unknown value
RSP=0x00007fb6d1354ca8 is an unknown value
RBP=0x00007fb71822f820 is an unknown value
RSI=0x0000000000000000 is an unknown value
RDI=0x00007fb71822f820 is an unknown value
R8 =0x0000000000000000 is an unknown value
R9 =0x0000000000180000 is an unknown value
R10=0x0000000000000000 is an unknown value
R11=0x00007fb71ef16c0d: <offset 0x8cc0d> in /lib/x86_64-linux-gnu/libc.so.6 at 0x00007fb71ee8a000
R12=0x00007fb7182339b0 is an unknown value
R13=0x0000000000012000 is an unknown value
R14=0x0000000000001000 is an unknown value
R15=0x00007fb6d1354e58 is an unknown value


Stack: [0x00007fb6d1255000,0x00007fb6d1356000],  sp=0x00007fb6d1354ca8,  free space=1023k

---------------  P R O C E S S  ---------------

VM state:at safepoint (normal execution)

VM Mutex/Monitor currently owned by a thread:  ([mutex/lock_event])
[0x00007fb718008cc0] Threads_lock - owner thread: 0x00007fb718073800

Heap
 PSYoungGen      total 13824K, used 9156K [0x00000000f0f00000, 0x00000000f1e00000, 0x0000000100000000)
  eden space 12288K, 62% used [0x00000000f0f00000,0x00000000f1673078,0x00000000f1b00000)
  from space 1536K, 99% used [0x00000000f1c80000,0x00000000f1dfe260,0x00000000f1e00000)
  to   space 1536K, 0% used [0x00000000f1b00000,0x00000000f1b00000,0x00000000f1c80000)
 ParOldGen       total 30720K, used 1273K [0x00000000d2e00000, 0x00000000d4c00000, 0x00000000f0f00000)
  object space 30720K, 4% used [0x00000000d2e00000,0x00000000d2f3e608,0x00000000d4c00000)
 PSPermGen       total 21504K, used 8397K [0x00000000c8800000, 0x00000000c9d00000, 0x00000000d2e00000)
  object space 21504K, 39% used [0x00000000c8800000,0x00000000c90335f8,0x00000000c9d00000)

Card table byte_map: [0x00007fb7143fe000,0x00007fb7145bb000] byte_map_base: 0x00007fb713dba000

Polling page: 0x00007fb71f67f000

Code Cache  [0x00007fb7145bb000, 0x00007fb71482b000, 0x00007fb7175bb000)
 total_blobs=703 nmethods=214 adapters=452 free_code_cache=48229Kb largest_free_block=49362944

Compilation events (10 events):
Event: 67.134 Thread 0x00007fb7180b1800 nmethod 209 0x00007fb71469f810 code [0x00007fb71469f960, 0x00007fb71469fa48]
Event: 67.143 Thread 0x00007fb7180ae800 nmethod 210 0x00007fb7146a3250 code [0x00007fb7146a3400, 0x00007fb7146a39b8]
Event: 70.151 Thread 0x00007fb7180b1800  211             java.util.concurrent.locks.ReentrantLock$Sync::nonfairTryAcquire (67 bytes)
Event: 70.155 Thread 0x00007fb7180b1800 nmethod 211 0x00007fb7146a4410 code [0x00007fb7146a4540, 0x00007fb7146a4618]
Event: 71.626 Thread 0x00007fb7180ae800  212             com.badlogic.gdx.math.Vector3::scl (23 bytes)
Event: 71.628 Thread 0x00007fb7180ae800 nmethod 212 0x00007fb71469d8d0 code [0x00007fb71469da00, 0x00007fb71469da78]
Event: 72.234 Thread 0x00007fb7180b1800  213   !         org.lwjgl.input.Keyboard::isCreated (17 bytes)
Event: 72.237 Thread 0x00007fb7180b1800 nmethod 213 0x00007fb71469f410 code [0x00007fb71469f560, 0x00007fb71469f798]
Event: 85.520 Thread 0x00007fb7180ae800  214             java.util.concurrent.locks.ReentrantLock$Sync::tryRelease (45 bytes)
Event: 85.521 Thread 0x00007fb7180ae800 nmethod 214 0x00007fb7146a2f90 code [0x00007fb7146a30c0, 0x00007fb7146a3178]

GC Heap History (4 events):
Event: 3.980 GC heap before
{Heap before GC invocations=1 (full 0):
 PSYoungGen      total 13824K, used 12175K [0x00000000f0f00000, 0x00000000f1e00000, 0x0000000100000000)
  eden space 12288K, 99% used [0x00000000f0f00000,0x00000000f1ae3f98,0x00000000f1b00000)
  from space 1536K, 0% used [0x00000000f1c80000,0x00000000f1c80000,0x00000000f1e00000)
  to   space 1536K, 0% used [0x00000000f1b00000,0x00000000f1b00000,0x00000000f1c80000)
 ParOldGen       total 30720K, used 0K [0x00000000d2e00000, 0x00000000d4c00000, 0x00000000f0f00000)
  object space 30720K, 0% used [0x00000000d2e00000,0x00000000d2e00000,0x00000000d4c00000)
 PSPermGen       total 21504K, used 8167K [0x00000000c8800000, 0x00000000c9d00000, 0x00000000d2e00000)
  object space 21504K, 37% used [0x00000000c8800000,0x00000000c8ff9e70,0x00000000c9d00000)
Event: 3.986 GC heap after
Heap after GC invocations=1 (full 0):
 PSYoungGen      total 13824K, used 1528K [0x00000000f0f00000, 0x00000000f1e00000, 0x0000000100000000)
  eden space 12288K, 0% used [0x00000000f0f00000,0x00000000f0f00000,0x00000000f1b00000)
  from space 1536K, 99% used [0x00000000f1b00000,0x00000000f1c7e270,0x00000000f1c80000)
  to   space 1536K, 0% used [0x00000000f1c80000,0x00000000f1c80000,0x00000000f1e00000)
 ParOldGen       total 30720K, used 1166K [0x00000000d2e00000, 0x00000000d4c00000, 0x00000000f0f00000)
  object space 30720K, 3% used [0x00000000d2e00000,0x00000000d2f23840,0x00000000d4c00000)
 PSPermGen       total 21504K, used 8167K [0x00000000c8800000, 0x00000000c9d00000, 0x00000000d2e00000)
  object space 21504K, 37% used [0x00000000c8800000,0x00000000c8ff9e70,0x00000000c9d00000)
}
Event: 46.955 GC heap before
{Heap before GC invocations=2 (full 0):
 PSYoungGen      total 13824K, used 13816K [0x00000000f0f00000, 0x00000000f1e00000, 0x0000000100000000)
  eden space 12288K, 100% used [0x00000000f0f00000,0x00000000f1b00000,0x00000000f1b00000)
  from space 1536K, 99% used [0x00000000f1b00000,0x00000000f1c7e270,0x00000000f1c80000)
  to   space 1536K, 0% used [0x00000000f1c80000,0x00000000f1c80000,0x00000000f1e00000)
 ParOldGen       total 30720K, used 1166K [0x00000000d2e00000, 0x00000000d4c00000, 0x00000000f0f00000)
  object space 30720K, 3% used [0x00000000d2e00000,0x00000000d2f23840,0x00000000d4c00000)
 PSPermGen       total 21504K, used 8333K [0x00000000c8800000, 0x00000000c9d00000, 0x00000000d2e00000)
  object space 21504K, 38% used [0x00000000c8800000,0x00000000c9023510,0x00000000c9d00000)
Event: 46.964 GC heap after
Heap after GC invocations=2 (full 0):
 PSYoungGen      total 13824K, used 1528K [0x00000000f0f00000, 0x00000000f1e00000, 0x0000000100000000)
  eden space 12288K, 0% used [0x00000000f0f00000,0x00000000f0f00000,0x00000000f1b00000)
  from space 1536K, 99% used [0x00000000f1c80000,0x00000000f1dfe260,0x00000000f1e00000)
  to   space 1536K, 0% used [0x00000000f1b00000,0x00000000f1b00000,0x00000000f1c80000)
 ParOldGen       total 30720K, used 1273K [0x00000000d2e00000, 0x00000000d4c00000, 0x00000000f0f00000)
  object space 30720K, 4% used [0x00000000d2e00000,0x00000000d2f3e608,0x00000000d4c00000)
 PSPermGen       total 21504K, used 8333K [0x00000000c8800000, 0x00000000c9d00000, 0x00000000d2e00000)
  object space 21504K, 38% used [0x00000000c8800000,0x00000000c9023510,0x00000000c9d00000)
}

Deoptimization events (3 events):
Event: 23.208 Thread 0x00007fb7182bf000 Uncommon trap: reason=unreached action=reinterpret pc=0x00007fb71466e8c0 method=com.badlogic.gdx.utils.Array$ArrayIterable.iterator()Ljava/util/Iterator; @ 4
Event: 62.780 Thread 0x00007fb6dc013800 Uncommon trap: reason=unreached action=reinterpret pc=0x00007fb71468628c method=java.util.concurrent.locks.AbstractQueuedSynchronizer.release(I)Z @ 14
Event: 63.104 Thread 0x00007fb6dc003800 Uncommon trap: reason=unreached action=reinterpret pc=0x00007fb714694f08 method=java.util.concurrent.locks.AbstractQueuedSynchronizer.release(I)Z @ 14

Internal exceptions (10 events):
Event: 4.586 Thread 0x00007fb7182bf000 Threw 0x00000000f1345fe0 at /build/buildd/openjdk-7-7u51-2.4.4/build/openjdk/hotspot/src/share/vm/prims/jvm.cpp:1244
Event: 4.587 Thread 0x00007fb7182bf000 Threw 0x00000000f134b4d0 at /build/buildd/openjdk-7-7u51-2.4.4/build/openjdk/hotspot/src/share/vm/prims/jvm.cpp:1244
Event: 4.601 Thread 0x00007fb7182bf000 Threw 0x00000000f13598e0 at /build/buildd/openjdk-7-7u51-2.4.4/build/openjdk/hotspot/src/share/vm/prims/jvm.cpp:1244
Event: 4.605 Thread 0x00007fb7182bf000 Threw 0x00000000f135e298 at /build/buildd/openjdk-7-7u51-2.4.4/build/openjdk/hotspot/src/share/vm/prims/jvm.cpp:1244
Event: 5.992 Thread 0x00007fb7182bf000 Threw 0x00000000f13a1f78 at /build/buildd/openjdk-7-7u51-2.4.4/build/openjdk/hotspot/src/share/vm/prims/jvm.cpp:1244
Event: 5.994 Thread 0x00007fb7182bf000 Threw 0x00000000f13b0318 at /build/buildd/openjdk-7-7u51-2.4.4/build/openjdk/hotspot/src/share/vm/prims/jvm.cpp:1244
Event: 23.175 Thread 0x00007fb7182bf000 Implicit null exception at 0x00007fb71466e800 to 0x00007fb71466e8ad
Event: 62.780 Thread 0x00007fb6dc013800 Implicit null exception at 0x00007fb714686145 to 0x00007fb714686275
Event: 63.104 Thread 0x00007fb6dc003800 Implicit null exception at 0x00007fb714694dcf to 0x00007fb714694ef1
Event: 85.519 Thread 0x00007fb6ec004800 Threw 0x00000000f164ac28 at /build/buildd/openjdk-7-7u51-2.4.4/build/openjdk/hotspot/src/share/vm/prims/jvm.cpp:1244

Events (10 events):
Event: 85.522 loading class 0x00007fb6e4123d10
Event: 85.522 loading class 0x00007fb6e4123d10 done
Event: 85.522 loading class 0x00007fb6e8081e50 done
Event: 85.587 Thread 0x00007fb6e4079000 Thread added: 0x00007fb6e4079000
Event: 85.876 Thread 0x00007fb6ec004800 Thread exited: 0x00007fb6ec004800
Event: 85.876 Executing VM operation: RevokeBias
Event: 85.903 Executing VM operation: RevokeBias done
Event: 85.922 Thread 0x00007fb6ec003800 Thread exited: 0x00007fb6ec003800
Event: 85.922 Thread 0x00007fb71809c000 Thread exited: 0x00007fb71809c000
Event: 85.922 Executing VM operation: Exit


Dynamic libraries:
00400000-00401000 r-xp 00000000 08:01 4071200                            /usr/lib/jvm/java-7-openjdk-amd64/jre/bin/java
00600000-00601000 r--p 00000000 08:01 4071200                            /usr/lib/jvm/java-7-openjdk-amd64/jre/bin/java
00601000-00602000 rw-p 00001000 08:01 4071200                            /usr/lib/jvm/java-7-openjdk-amd64/jre/bin/java
01425000-01446000 rw-p 00000000 00:00 0                                  [heap]
c8800000-c9d00000 rw-p 00000000 00:00 0 
c9d00000-d2e00000 rw-p 00000000 00:00 0 
d2e00000-d4c00000 rw-p 00000000 00:00 0 
d4c00000-f0f00000 rw-p 00000000 00:00 0 
f0f00000-f1e00000 rw-p 00000000 00:00 0 
f1e00000-100000000 rw-p 00000000 00:00 0 
7fb6c0960000-7fb6c0f60000 rw-s 12fea1000 00:05 7824                      /dev/dri/card0
7fb6c0f60000-7fb6c1560000 rw-s 12f027000 00:05 7824                      /dev/dri/card0
7fb6c1560000-7fb6c1b60000 rw-s 12ea21000 00:05 7824                      /dev/dri/card0
7fb6c1b60000-7fb6c2160000 rw-s 12e421000 00:05 7824                      /dev/dri/card0
7fb6c2160000-7fb6c2760000 rw-s 12de1b000 00:05 7824                      /dev/dri/card0
7fb6c2760000-7fb6c2d60000 rw-s 12d81b000 00:05 7824                      /dev/dri/card0
7fb6c2d60000-7fb6c3360000 rw-s 12d20f000 00:05 7824                      /dev/dri/card0
7fb6c3360000-7fb6c3960000 rw-s 12cc0f000 00:05 7824                      /dev/dri/card0
7fb6c3960000-7fb6c3f60000 rw-s 12c609000 00:05 7824                      /dev/dri/card0
7fb6c3f60000-7fb6c4560000 rw-s 12c009000 00:05 7824                      /dev/dri/card0
7fb6c4560000-7fb6c4b60000 rw-s 12ba09000 00:05 7824                      /dev/dri/card0
7fb6c4b60000-7fb6c5160000 rw-s 12b403000 00:05 7824                      /dev/dri/card0
7fb6c5160000-7fb6c5760000 rw-s 12ae03000 00:05 7824                      /dev/dri/card0
7fb6c5760000-7fb6c5d60000 rw-s 12a803000 00:05 7824                      /dev/dri/card0
7fb6c5fe2000-7fb6c5fe5000 ---p 00000000 00:00 0 
7fb6c5fe5000-7fb6c60e3000 rw-p 00000000 00:00 0 
7fb6c60e3000-7fb6c6263000 rw-s 1304b3000 00:05 7824                      /dev/dri/card0
7fb6c6263000-7fb6c73b6000 rw-p 00000000 00:00 0 
7fb6c73b6000-7fb6c73e8000 r-xp 00000000 08:01 2499209                    /usr/lib/x86_64-linux-gnu/libtxc_dxtn_s2tc.so.0.0.0
7fb6c73e8000-7fb6c75e7000 ---p 00032000 08:01 2499209                    /usr/lib/x86_64-linux-gnu/libtxc_dxtn_s2tc.so.0.0.0
7fb6c75e7000-7fb6c75e8000 r--p 00031000 08:01 2499209                    /usr/lib/x86_64-linux-gnu/libtxc_dxtn_s2tc.so.0.0.0
7fb6c75e8000-7fb6c75e9000 rw-p 00032000 08:01 2499209                    /usr/lib/x86_64-linux-gnu/libtxc_dxtn_s2tc.so.0.0.0
7fb6c75e9000-7fb6c75f1000 r-xp 00000000 08:01 2499051                    /usr/lib/x86_64-linux-gnu/libpciaccess.so.0.11.1
7fb6c75f1000-7fb6c77f0000 ---p 00008000 08:01 2499051                    /usr/lib/x86_64-linux-gnu/libpciaccess.so.0.11.1
7fb6c77f0000-7fb6c77f1000 r--p 00007000 08:01 2499051                    /usr/lib/x86_64-linux-gnu/libpciaccess.so.0.11.1
7fb6c77f1000-7fb6c77f2000 rw-p 00008000 08:01 2499051                    /usr/lib/x86_64-linux-gnu/libpciaccess.so.0.11.1
7fb6c77f2000-7fb6c7811000 r-xp 00000000 08:01 2494856                    /usr/lib/x86_64-linux-gnu/libdrm_intel.so.1.0.0
7fb6c7811000-7fb6c7a10000 ---p 0001f000 08:01 2494856                    /usr/lib/x86_64-linux-gnu/libdrm_intel.so.1.0.0
7fb6c7a10000-7fb6c7a11000 r--p 0001e000 08:01 2494856                    /usr/lib/x86_64-linux-gnu/libdrm_intel.so.1.0.0
7fb6c7a11000-7fb6c7a12000 rw-p 0001f000 08:01 2494856                    /usr/lib/x86_64-linux-gnu/libdrm_intel.so.1.0.0
7fb6c7a12000-7fb6c7dd0000 r-xp 00000000 08:01 2498568                    /usr/lib/x86_64-linux-gnu/libdricore9.2.1.so.1.0.0
7fb6c7dd0000-7fb6c7fcf000 ---p 003be000 08:01 2498568                    /usr/lib/x86_64-linux-gnu/libdricore9.2.1.so.1.0.0
7fb6c7fcf000-7fb6c7fdf000 r--p 003bd000 08:01 2498568                    /usr/lib/x86_64-linux-gnu/libdricore9.2.1.so.1.0.0
7fb6c7fdf000-7fb6c7fe7000 rw-p 003cd000 08:01 2498568                    /usr/lib/x86_64-linux-gnu/libdricore9.2.1.so.1.0.0
7fb6c7fe7000-7fb6c7fff000 rw-p 00000000 00:00 0 
7fb6c7fff000-7fb6cc000000 rw-s 00000000 00:13 441411                     /run/shm/pulse-shm-2639642190
7fb6cc000000-7fb6cc021000 rw-p 00000000 00:00 0 
7fb6cc021000-7fb6d0000000 ---p 00000000 00:00 0 
7fb6d002a000-7fb6d002d000 ---p 00000000 00:00 0 
7fb6d002d000-7fb6d012b000 rw-p 00000000 00:00 0 
7fb6d012b000-7fb6d012f000 rw-s 00000000 00:04 441520                     /drm mm object (deleted)
7fb6d012f000-7fb6d0135000 rw-s 1304ad000 00:05 7824                      /dev/dri/card0
7fb6d0135000-7fb6d013b000 rw-s 1304a7000 00:05 7824                      /dev/dri/card0
7fb6d013b000-7fb6d0141000 rw-s 1304a1000 00:05 7824                      /dev/dri/card0
7fb6d0141000-7fb6d0147000 rw-s 12f021000 00:05 7824                      /dev/dri/card0
7fb6d0147000-7fb6d014d000 rw-s 12e41b000 00:05 7824                      /dev/dri/card0
7fb6d014d000-7fb6d0153000 rw-s 12d815000 00:05 7824                      /dev/dri/card0
7fb6d0153000-7fb6d0159000 rw-s 12d80f000 00:05 7824                      /dev/dri/card0
7fb6d0159000-7fb6d015f000 rw-s 12cc09000 00:05 7824                      /dev/dri/card0
7fb6d015f000-7fb6d0165000 rw-s 12ba03000 00:05 7824                      /dev/dri/card0
7fb6d0165000-7fb6d016b000 rw-s 125e5f000 00:05 7824                      /dev/dri/card0
7fb6d016b000-7fb6d01cb000 rw-s 125df3000 00:05 7824                      /dev/dri/card0
7fb6d01cb000-7fb6d02a0000 r-xp 00000000 08:01 2754990                    /usr/lib/x86_64-linux-gnu/dri/i965_dri.so
7fb6d02a0000-7fb6d04a0000 ---p 000d5000 08:01 2754990                    /usr/lib/x86_64-linux-gnu/dri/i965_dri.so
7fb6d04a0000-7fb6d04a3000 r--p 000d5000 08:01 2754990                    /usr/lib/x86_64-linux-gnu/dri/i965_dri.so
7fb6d04a3000-7fb6d04a5000 rw-p 000d8000 08:01 2754990                    /usr/lib/x86_64-linux-gnu/dri/i965_dri.so
7fb6d04a5000-7fb6d04a6000 rw-p 00000000 00:00 0 
7fb6d04a6000-7fb6d04b1000 r-xp 00000000 08:01 2494625                    /usr/lib/x86_64-linux-gnu/libdrm.so.2.4.0
7fb6d04b1000-7fb6d06b0000 ---p 0000b000 08:01 2494625                    /usr/lib/x86_64-linux-gnu/libdrm.so.2.4.0
7fb6d06b0000-7fb6d06b1000 r--p 0000a000 08:01 2494625                    /usr/lib/x86_64-linux-gnu/libdrm.so.2.4.0
7fb6d06b1000-7fb6d06b2000 rw-p 0000b000 08:01 2494625                    /usr/lib/x86_64-linux-gnu/libdrm.so.2.4.0
7fb6d06b2000-7fb6d06b5000 r-xp 00000000 08:01 2499282                    /usr/lib/x86_64-linux-gnu/libxcb-dri2.so.0.0.0
7fb6d06b5000-7fb6d08b5000 ---p 00003000 08:01 2499282                    /usr/lib/x86_64-linux-gnu/libxcb-dri2.so.0.0.0
7fb6d08b5000-7fb6d08b6000 r--p 00003000 08:01 2499282                    /usr/lib/x86_64-linux-gnu/libxcb-dri2.so.0.0.0
7fb6d08b6000-7fb6d08b7000 rw-p 00004000 08:01 2499282                    /usr/lib/x86_64-linux-gnu/libxcb-dri2.so.0.0.0
7fb6d08b7000-7fb6d08cc000 r-xp 00000000 08:01 2499284                    /usr/lib/x86_64-linux-gnu/libxcb-glx.so.0.0.0
7fb6d08cc000-7fb6d0acb000 ---p 00015000 08:01 2499284                    /usr/lib/x86_64-linux-gnu/libxcb-glx.so.0.0.0
7fb6d0acb000-7fb6d0acd000 r--p 00014000 08:01 2499284                    /usr/lib/x86_64-linux-gnu/libxcb-glx.so.0.0.0
7fb6d0acd000-7fb6d0ace000 rw-p 00016000 08:01 2499284                    /usr/lib/x86_64-linux-gnu/libxcb-glx.so.0.0.0
7fb6d0ace000-7fb6d0acf000 r-xp 00000000 08:01 2498350                    /usr/lib/x86_64-linux-gnu/libX11-xcb.so.1.0.0
7fb6d0acf000-7fb6d0cce000 ---p 00001000 08:01 2498350                    /usr/lib/x86_64-linux-gnu/libX11-xcb.so.1.0.0
7fb6d0cce000-7fb6d0ccf000 r--p 00000000 08:01 2498350                    /usr/lib/x86_64-linux-gnu/libX11-xcb.so.1.0.0
7fb6d0ccf000-7fb6d0cd0000 rw-p 00001000 08:01 2498350                    /usr/lib/x86_64-linux-gnu/libX11-xcb.so.1.0.0
7fb6d0cd0000-7fb6d0cf1000 r-xp 00000000 08:01 2498711                    /usr/lib/x86_64-linux-gnu/libglapi.so.0.0.0
7fb6d0cf1000-7fb6d0ef1000 ---p 00021000 08:01 2498711                    /usr/lib/x86_64-linux-gnu/libglapi.so.0.0.0
7fb6d0ef1000-7fb6d0ef4000 r--p 00021000 08:01 2498711                    /usr/lib/x86_64-linux-gnu/libglapi.so.0.0.0
7fb6d0ef4000-7fb6d0ef5000 rw-p 00024000 08:01 2498711                    /usr/lib/x86_64-linux-gnu/libglapi.so.0.0.0
7fb6d0ef5000-7fb6d0ef6000 rw-p 00000000 00:00 0 
7fb6d0ef6000-7fb6d0f50000 r-xp 00000000 08:01 2884213                    /usr/lib/x86_64-linux-gnu/mesa/libGL.so.1.2.0
7fb6d0f50000-7fb6d1150000 ---p 0005a000 08:01 2884213                    /usr/lib/x86_64-linux-gnu/mesa/libGL.so.1.2.0
7fb6d1150000-7fb6d1152000 r--p 0005a000 08:01 2884213                    /usr/lib/x86_64-linux-gnu/mesa/libGL.so.1.2.0
7fb6d1152000-7fb6d1153000 rw-p 0005c000 08:01 2884213                    /usr/lib/x86_64-linux-gnu/mesa/libGL.so.1.2.0
7fb6d1153000-7fb6d1154000 rw-p 00000000 00:00 0 
7fb6d1154000-7fb6d1157000 ---p 00000000 00:00 0 
7fb6d1157000-7fb6d1255000 rw-p 00000000 00:00 0                          [stack:20782]
7fb6d1255000-7fb6d1256000 ---p 00000000 00:00 0 
7fb6d1256000-7fb6d1356000 rw-p 00000000 00:00 0                          [stack:20781]
7fb6d1356000-7fb6d1357000 ---p 00000000 00:00 0 
7fb6d1357000-7fb6d1b57000 rw-p 00000000 00:00 0                          [stack:20780]
7fb6d1b57000-7fb6d1b5e000 r-xp 00000000 08:01 2499019                    /usr/lib/x86_64-linux-gnu/libogg.so.0.8.1
7fb6d1b5e000-7fb6d1d5e000 ---p 00007000 08:01 2499019                    /usr/lib/x86_64-linux-gnu/libogg.so.0.8.1
7fb6d1d5e000-7fb6d1d5f000 r--p 00007000 08:01 2499019                    /usr/lib/x86_64-linux-gnu/libogg.so.0.8.1
7fb6d1d5f000-7fb6d1d60000 rw-p 00008000 08:01 2499019                    /usr/lib/x86_64-linux-gnu/libogg.so.0.8.1
7fb6d1d60000-7fb6d1d8b000 r-xp 00000000 08:01 2499250                    /usr/lib/x86_64-linux-gnu/libvorbis.so.0.4.5
7fb6d1d8b000-7fb6d1f8b000 ---p 0002b000 08:01 2499250                    /usr/lib/x86_64-linux-gnu/libvorbis.so.0.4.5
7fb6d1f8b000-7fb6d1f8c000 r--p 0002b000 08:01 2499250                    /usr/lib/x86_64-linux-gnu/libvorbis.so.0.4.5
7fb6d1f8c000-7fb6d1f8d000 rw-p 0002c000 08:01 2499250                    /usr/lib/x86_64-linux-gnu/libvorbis.so.0.4.5
7fb6d1f8d000-7fb6d2240000 r-xp 00000000 08:01 2499252                    /usr/lib/x86_64-linux-gnu/libvorbisenc.so.2.0.8
7fb6d2240000-7fb6d243f000 ---p 002b3000 08:01 2499252                    /usr/lib/x86_64-linux-gnu/libvorbisenc.so.2.0.8
7fb6d243f000-7fb6d245b000 r--p 002b2000 08:01 2499252                    /usr/lib/x86_64-linux-gnu/libvorbisenc.so.2.0.8
7fb6d245b000-7fb6d245c000 rw-p 002ce000 08:01 2499252                    /usr/lib/x86_64-linux-gnu/libvorbisenc.so.2.0.8
7fb6d245c000-7fb6d248b000 r-xp 00000000 08:01 2498217                    /usr/lib/x86_64-linux-gnu/libFLAC.so.8.3.0
7fb6d248b000-7fb6d268b000 ---p 0002f000 08:01 2498217                    /usr/lib/x86_64-linux-gnu/libFLAC.so.8.3.0
7fb6d268b000-7fb6d268c000 r--p 0002f000 08:01 2498217                    /usr/lib/x86_64-linux-gnu/libFLAC.so.8.3.0
7fb6d268c000-7fb6d268d000 rw-p 00030000 08:01 2498217                    /usr/lib/x86_64-linux-gnu/libFLAC.so.8.3.0
7fb6d268d000-7fb6d2692000 r-xp 00000000 08:01 2498434                    /usr/lib/x86_64-linux-gnu/libasyncns.so.0.3.1
7fb6d2692000-7fb6d2891000 ---p 00005000 08:01 2498434                    /usr/lib/x86_64-linux-gnu/libasyncns.so.0.3.1
7fb6d2891000-7fb6d2892000 r--p 00004000 08:01 2498434                    /usr/lib/x86_64-linux-gnu/libasyncns.so.0.3.1
7fb6d2892000-7fb6d2893000 rw-p 00005000 08:01 2498434                    /usr/lib/x86_64-linux-gnu/libasyncns.so.0.3.1
7fb6d2893000-7fb6d28f4000 r-xp 00000000 08:01 2499145                    /usr/lib/x86_64-linux-gnu/libsndfile.so.1.0.25
7fb6d28f4000-7fb6d2af4000 ---p 00061000 08:01 2499145                    /usr/lib/x86_64-linux-gnu/libsndfile.so.1.0.25
7fb6d2af4000-7fb6d2af6000 r--p 00061000 08:01 2499145                    /usr/lib/x86_64-linux-gnu/libsndfile.so.1.0.25
7fb6d2af6000-7fb6d2af7000 rw-p 00063000 08:01 2499145                    /usr/lib/x86_64-linux-gnu/libsndfile.so.1.0.25
7fb6d2af7000-7fb6d2afb000 rw-p 00000000 00:00 0 
7fb6d2afb000-7fb6d2b03000 r-xp 00000000 08:01 5509135                    /lib/x86_64-linux-gnu/libwrap.so.0.7.6
7fb6d2b03000-7fb6d2d03000 ---p 00008000 08:01 5509135                    /lib/x86_64-linux-gnu/libwrap.so.0.7.6
7fb6d2d03000-7fb6d2d04000 r--p 00008000 08:01 5509135                    /lib/x86_64-linux-gnu/libwrap.so.0.7.6
7fb6d2d04000-7fb6d2d05000 rw-p 00009000 08:01 5509135                    /lib/x86_64-linux-gnu/libwrap.so.0.7.6
7fb6d2d05000-7fb6d2d6b000 r-xp 00000000 08:01 2884270                    /usr/lib/x86_64-linux-gnu/pulseaudio/libpulsecommon-4.0.so
7fb6d2d6b000-7fb6d2f6a000 ---p 00066000 08:01 2884270                    /usr/lib/x86_64-linux-gnu/pulseaudio/libpulsecommon-4.0.so
7fb6d2f6a000-7fb6d2f6b000 r--p 00065000 08:01 2884270                    /usr/lib/x86_64-linux-gnu/pulseaudio/libpulsecommon-4.0.so
7fb6d2f6b000-7fb6d2f6c000 rw-p 00066000 08:01 2884270                    /usr/lib/x86_64-linux-gnu/pulseaudio/libpulsecommon-4.0.so
7fb6d2f6c000-7fb6d2f75000 r-xp 00000000 08:01 5509020                    /lib/x86_64-linux-gnu/libjson-c.so.2.0.1
7fb6d2f75000-7fb6d3174000 ---p 00009000 08:01 5509020                    /lib/x86_64-linux-gnu/libjson-c.so.2.0.1
7fb6d3174000-7fb6d3175000 r--p 00008000 08:01 5509020                    /lib/x86_64-linux-gnu/libjson-c.so.2.0.1
7fb6d3175000-7fb6d3176000 rw-p 00009000 08:01 5509020                    /lib/x86_64-linux-gnu/libjson-c.so.2.0.1
7fb6d3176000-7fb6d31bd000 r-xp 00000000 08:01 2499082                    /usr/lib/x86_64-linux-gnu/libpulse.so.0.16.2
7fb6d31bd000-7fb6d33bd000 ---p 00047000 08:01 2499082                    /usr/lib/x86_64-linux-gnu/libpulse.so.0.16.2
7fb6d33bd000-7fb6d33be000 r--p 00047000 08:01 2499082                    /usr/lib/x86_64-linux-gnu/libpulse.so.0.16.2
7fb6d33be000-7fb6d33bf000 rw-p 00048000 08:01 2499082                    /usr/lib/x86_64-linux-gnu/libpulse.so.0.16.2
7fb6d33bf000-7fb6d3414000 r-xp 00000000 08:01 5242926                    /tmp/libgdxroot/7b43be9b/libopenal64.so
7fb6d3414000-7fb6d3613000 ---p 00055000 08:01 5242926                    /tmp/libgdxroot/7b43be9b/libopenal64.so
7fb6d3613000-7fb6d3616000 r--p 00054000 08:01 5242926                    /tmp/libgdxroot/7b43be9b/libopenal64.so
7fb6d3616000-7fb6d3617000 rw-p 00057000 08:01 5242926                    /tmp/libgdxroot/7b43be9b/libopenal64.so
7fb6d3617000-7fb6d3618000 rw-p 00000000 00:00 0 
7fb6d3618000-7fb6d361c000 r-xp 00000000 08:01 2498401                    /usr/lib/x86_64-linux-gnu/libXxf86vm.so.1.0.0
7fb6d361c000-7fb6d381c000 ---p 00004000 08:01 2498401                    /usr/lib/x86_64-linux-gnu/libXxf86vm.so.1.0.0
7fb6d381c000-7fb6d381d000 r--p 00004000 08:01 2498401                    /usr/lib/x86_64-linux-gnu/libXxf86vm.so.1.0.0
7fb6d381d000-7fb6d381e000 rw-p 00005000 08:01 2498401                    /usr/lib/x86_64-linux-gnu/libXxf86vm.so.1.0.0
7fb6d381e000-7fb6d388a000 r-xp 00000000 08:01 5242922                    /tmp/libgdxroot/7b43be9b/liblwjgl64.so
7fb6d388a000-7fb6d3a89000 ---p 0006c000 08:01 5242922                    /tmp/libgdxroot/7b43be9b/liblwjgl64.so
7fb6d3a89000-7fb6d3a8b000 r--p 0006b000 08:01 5242922                    /tmp/libgdxroot/7b43be9b/liblwjgl64.so
7fb6d3a8b000-7fb6d3a8c000 rw-p 0006d000 08:01 5242922                    /tmp/libgdxroot/7b43be9b/liblwjgl64.so
7fb6d3a8c000-7fb6d3a8d000 r-xp 00000000 08:01 4071135                    /usr/lib/jvm/java-7-openjdk-amd64/jre/lib/amd64/libjawt.so
7fb6d3a8d000-7fb6d3c8c000 ---p 00001000 08:01 4071135                    /usr/lib/jvm/java-7-openjdk-amd64/jre/lib/amd64/libjawt.so
7fb6d3c8c000-7fb6d3c8d000 r--p 00000000 08:01 4071135                    /usr/lib/jvm/java-7-openjdk-amd64/jre/lib/amd64/libjawt.so
7fb6d3c8d000-7fb6d3c8e000 rw-p 00001000 08:01 4071135                    /usr/lib/jvm/java-7-openjdk-amd64/jre/lib/amd64/libjawt.so
7fb6d3c8e000-7fb6d3c91000 ---p 00000000 00:00 0 
7fb6d3c91000-7fb6d3d8f000 rw-p 00000000 00:00 0                          [stack:20778]
7fb6d3d8f000-7fb6d3d92000 ---p 00000000 00:00 0 
7fb6d3d92000-7fb6d3e90000 rw-p 00000000 00:00 0                          [stack:20777]
7fb6d3e90000-7fb6d3e94000 r-xp 00000000 08:01 5509011                    /lib/x86_64-linux-gnu/libgpg-error.so.0.10.0
7fb6d3e94000-7fb6d4093000 ---p 00004000 08:01 5509011                    /lib/x86_64-linux-gnu/libgpg-error.so.0.10.0
7fb6d4093000-7fb6d4094000 r--p 00003000 08:01 5509011                    /lib/x86_64-linux-gnu/libgpg-error.so.0.10.0
7fb6d4094000-7fb6d4095000 rw-p 00004000 08:01 5509011                    /lib/x86_64-linux-gnu/libgpg-error.so.0.10.0
7fb6d4095000-7fb6d4097000 r-xp 00000000 08:01 5509023                    /lib/x86_64-linux-gnu/libkeyutils.so.1.4
7fb6d4097000-7fb6d4297000 ---p 00002000 08:01 5509023                    /lib/x86_64-linux-gnu/libkeyutils.so.1.4
7fb6d4297000-7fb6d4298000 r--p 00002000 08:01 5509023                    /lib/x86_64-linux-gnu/libkeyutils.so.1.4
7fb6d4298000-7fb6d4299000 rw-p 00003000 08:01 5509023                    /lib/x86_64-linux-gnu/libkeyutils.so.1.4
7fb6d4299000-7fb6d42b1000 r-xp 00000000 08:01 2498753                    /usr/lib/x86_64-linux-gnu/libgraphite2.so.3.0.1
7fb6d42b1000-7fb6d44b0000 ---p 00018000 08:01 2498753                    /usr/lib/x86_64-linux-gnu/libgraphite2.so.3.0.1
7fb6d44b0000-7fb6d44b2000 r--p 00017000 08:01 2498753                    /usr/lib/x86_64-linux-gnu/libgraphite2.so.3.0.1
7fb6d44b2000-7fb6d44b3000 rw-p 00019000 08:01 2498753                    /usr/lib/x86_64-linux-gnu/libgraphite2.so.3.0.1
7fb6d44b3000-7fb6d44f7000 r-xp 00000000 08:01 5508992                    /lib/x86_64-linux-gnu/libdbus-1.so.3.7.4
7fb6d44f7000-7fb6d46f6000 ---p 00044000 08:01 5508992                    /lib/x86_64-linux-gnu/libdbus-1.so.3.7.4
7fb6d46f6000-7fb6d46f7000 r--p 00043000 08:01 5508992                    /lib/x86_64-linux-gnu/libdbus-1.so.3.7.4
7fb6d46f7000-7fb6d46f8000 rw-p 00044000 08:01 5508992                    /lib/x86_64-linux-gnu/libdbus-1.so.3.7.4
7fb6d46f8000-7fb6d4716000 r-xp 00000000 08:01 2499027                    /usr/lib/x86_64-linux-gnu/libp11-kit.so.0.0.0
7fb6d4716000-7fb6d4915000 ---p 0001e000 08:01 2499027                    /usr/lib/x86_64-linux-gnu/libp11-kit.so.0.0.0
7fb6d4915000-7fb6d4917000 r--p 0001d000 08:01 2499027                    /usr/lib/x86_64-linux-gnu/libp11-kit.so.0.0.0
7fb6d4917000-7fb6d4918000 rw-p 0001f000 08:01 2499027                    /usr/lib/x86_64-linux-gnu/libp11-kit.so.0.0.0
7fb6d4918000-7fb6d4928000 r-xp 00000000 08:01 2499181                    /usr/lib/x86_64-linux-gnu/libtasn1.so.3.2.0
7fb6d4928000-7fb6d4b27000 ---p 00010000 08:01 2499181                    /usr/lib/x86_64-linux-gnu/libtasn1.so.3.2.0
7fb6d4b27000-7fb6d4b28000 r--p 0000f000 08:01 2499181                    /usr/lib/x86_64-linux-gnu/libtasn1.so.3.2.0
7fb6d4b28000-7fb6d4b29000 rw-p 00010000 08:01 2499181                    /usr/lib/x86_64-linux-gnu/libtasn1.so.3.2.0
7fb6d4b29000-7fb6d4ba3000 r-xp 00000000 08:01 5509007                    /lib/x86_64-linux-gnu/libgcrypt.so.11.7.0
7fb6d4ba3000-7fb6d4da3000 ---p 0007a000 08:01 5509007                    /lib/x86_64-linux-gnu/libgcrypt.so.11.7.0
7fb6d4da3000-7fb6d4da4000 r--p 0007a000 08:01 5509007                    /lib/x86_64-linux-gnu/libgcrypt.so.11.7.0
7fb6d4da4000-7fb6d4da7000 rw-p 0007b000 08:01 5509007                    /lib/x86_64-linux-gnu/libgcrypt.so.11.7.0
7fb6d4da7000-7fb6d4dae000 r-xp 00000000 08:01 2498926                    /usr/lib/x86_64-linux-gnu/libkrb5support.so.0.1
7fb6d4dae000-7fb6d4fad000 ---p 00007000 08:01 2498926                    /usr/lib/x86_64-linux-gnu/libkrb5support.so.0.1
7fb6d4fad000-7fb6d4fae000 r--p 00006000 08:01 2498926                    /usr/lib/x86_64-linux-gnu/libkrb5support.so.0.1
7fb6d4fae000-7fb6d4faf000 rw-p 00007000 08:01 2498926                    /usr/lib/x86_64-linux-gnu/libkrb5support.so.0.1
7fb6d4faf000-7fb6d4fb2000 r-xp 00000000 08:01 5508987                    /lib/x86_64-linux-gnu/libcom_err.so.2.1
7fb6d4fb2000-7fb6d51b1000 ---p 00003000 08:01 5508987                    /lib/x86_64-linux-gnu/libcom_err.so.2.1
7fb6d51b1000-7fb6d51b2000 r--p 00002000 08:01 5508987                    /lib/x86_64-linux-gnu/libcom_err.so.2.1
7fb6d51b2000-7fb6d51b3000 rw-p 00003000 08:01 5508987                    /lib/x86_64-linux-gnu/libcom_err.so.2.1
7fb6d51b3000-7fb6d51d9000 r-xp 00000000 08:01 2498920                    /usr/lib/x86_64-linux-gnu/libk5crypto.so.3.1
7fb6d51d9000-7fb6d53d8000 ---p 00026000 08:01 2498920                    /usr/lib/x86_64-linux-gnu/libk5crypto.so.3.1
7fb6d53d8000-7fb6d53d9000 r--p 00025000 08:01 2498920                    /usr/lib/x86_64-linux-gnu/libk5crypto.so.3.1
7fb6d53d9000-7fb6d53da000 rw-p 00026000 08:01 2498920                    /usr/lib/x86_64-linux-gnu/libk5crypto.so.3.1
7fb6d53da000-7fb6d53db000 rw-p 00000000 00:00 0 
7fb6d53db000-7fb6d54a0000 r-xp 00000000 08:01 2498924                    /usr/lib/x86_64-linux-gnu/libkrb5.so.3.3
7fb6d54a0000-7fb6d569f000 ---p 000c5000 08:01 2498924                    /usr/lib/x86_64-linux-gnu/libkrb5.so.3.3
7fb6d569f000-7fb6d56a9000 r--p 000c4000 08:01 2498924                    /usr/lib/x86_64-linux-gnu/libkrb5.so.3.3
7fb6d56a9000-7fb6d56aa000 rw-p 000ce000 08:01 2498924                    /usr/lib/x86_64-linux-gnu/libkrb5.so.3.3
7fb6d56aa000-7fb6d56b0000 r-xp 00000000 08:01 2498545                    /usr/lib/x86_64-linux-gnu/libdatrie.so.1.2.0
7fb6d56b0000-7fb6d58af000 ---p 00006000 08:01 2498545                    /usr/lib/x86_64-linux-gnu/libdatrie.so.1.2.0
7fb6d58af000-7fb6d58b0000 r--p 00005000 08:01 2498545                    /usr/lib/x86_64-linux-gnu/libdatrie.so.1.2.0
7fb6d58b0000-7fb6d58b1000 rw-p 00006000 08:01 2498545                    /usr/lib/x86_64-linux-gnu/libdatrie.so.1.2.0
7fb6d58b1000-7fb6d5901000 r-xp 00000000 08:01 2498861                    /usr/lib/x86_64-linux-gnu/libharfbuzz.so.0.919.0
7fb6d5901000-7fb6d5b01000 ---p 00050000 08:01 2498861                    /usr/lib/x86_64-linux-gnu/libharfbuzz.so.0.919.0
7fb6d5b01000-7fb6d5b02000 r--p 00050000 08:01 2498861                    /usr/lib/x86_64-linux-gnu/libharfbuzz.so.0.919.0
7fb6d5b02000-7fb6d5b03000 rw-p 00051000 08:01 2498861                    /usr/lib/x86_64-linux-gnu/libharfbuzz.so.0.919.0
7fb6d5b03000-7fb6d5b0b000 r-xp 00000000 08:01 2499296                    /usr/lib/x86_64-linux-gnu/libxcb-render.so.0.0.0
7fb6d5b0b000-7fb6d5d0a000 ---p 00008000 08:01 2499296                    /usr/lib/x86_64-linux-gnu/libxcb-render.so.0.0.0
7fb6d5d0a000-7fb6d5d0b000 r--p 00007000 08:01 2499296                    /usr/lib/x86_64-linux-gnu/libxcb-render.so.0.0.0
7fb6d5d0b000-7fb6d5d0c000 rw-p 00008000 08:01 2499296                    /usr/lib/x86_64-linux-gnu/libxcb-render.so.0.0.0
7fb6d5d0c000-7fb6d5d0e000 r-xp 00000000 08:01 2499300                    /usr/lib/x86_64-linux-gnu/libxcb-shm.so.0.0.0
7fb6d5d0e000-7fb6d5f0d000 ---p 00002000 08:01 2499300                    /usr/lib/x86_64-linux-gnu/libxcb-shm.so.0.0.0
7fb6d5f0d000-7fb6d5f0e000 r--p 00001000 08:01 2499300                    /usr/lib/x86_64-linux-gnu/libxcb-shm.so.0.0.0
7fb6d5f0e000-7fb6d5f0f000 rw-p 00002000 08:01 2499300                    /usr/lib/x86_64-linux-gnu/libxcb-shm.so.0.0.0
7fb6d5f0f000-7fb6d5f34000 r-xp 00000000 08:01 5509090                    /lib/x86_64-linux-gnu/libpng12.so.0.49.0
7fb6d5f34000-7fb6d6133000 ---p 00025000 08:01 5509090                    /lib/x86_64-linux-gnu/libpng12.so.0.49.0
7fb6d6133000-7fb6d6134000 r--p 00024000 08:01 5509090                    /lib/x86_64-linux-gnu/libpng12.so.0.49.0
7fb6d6134000-7fb6d6135000 rw-p 00025000 08:01 5509090                    /lib/x86_64-linux-gnu/libpng12.so.0.49.0
7fb6d6135000-7fb6d61d6000 r-xp 00000000 08:01 2496536                    /usr/lib/x86_64-linux-gnu/libpixman-1.so.0.30.2
7fb6d61d6000-7fb6d63d6000 ---p 000a1000 08:01 2496536                    /usr/lib/x86_64-linux-gnu/libpixman-1.so.0.30.2
7fb6d63d6000-7fb6d63dd000 r--p 000a1000 08:01 2496536                    /usr/lib/x86_64-linux-gnu/libpixman-1.so.0.30.2
7fb6d63dd000-7fb6d63de000 rw-p 000a8000 08:01 2496536                    /usr/lib/x86_64-linux-gnu/libpixman-1.so.0.30.2
7fb6d63de000-7fb6d63e3000 r-xp 00000000 08:01 2498367                    /usr/lib/x86_64-linux-gnu/libXdmcp.so.6.0.0
7fb6d63e3000-7fb6d65e2000 ---p 00005000 08:01 2498367                    /usr/lib/x86_64-linux-gnu/libXdmcp.so.6.0.0
7fb6d65e2000-7fb6d65e3000 r--p 00004000 08:01 2498367                    /usr/lib/x86_64-linux-gnu/libXdmcp.so.6.0.0
7fb6d65e3000-7fb6d65e4000 rw-p 00005000 08:01 2498367                    /usr/lib/x86_64-linux-gnu/libXdmcp.so.6.0.0
7fb6d65e4000-7fb6d65e6000 r-xp 00000000 08:01 2498356                    /usr/lib/x86_64-linux-gnu/libXau.so.6.0.0
7fb6d65e6000-7fb6d67e6000 ---p 00002000 08:01 2498356                    /usr/lib/x86_64-linux-gnu/libXau.so.6.0.0
7fb6d67e6000-7fb6d67e7000 r--p 00002000 08:01 2498356                    /usr/lib/x86_64-linux-gnu/libXau.so.6.0.0
7fb6d67e7000-7fb6d67e8000 rw-p 00003000 08:01 2498356                    /usr/lib/x86_64-linux-gnu/libXau.so.6.0.0
7fb6d67e8000-7fb6d67f7000 r-xp 00000000 08:01 2494634                    /usr/lib/x86_64-linux-gnu/libavahi-client.so.3.2.9
7fb6d67f7000-7fb6d69f7000 ---p 0000f000 08:01 2494634                    /usr/lib/x86_64-linux-gnu/libavahi-client.so.3.2.9
7fb6d69f7000-7fb6d69f8000 r--p 0000f000 08:01 2494634                    /usr/lib/x86_64-linux-gnu/libavahi-client.so.3.2.9
7fb6d69f8000-7fb6d69f9000 rw-p 00010000 08:01 2494634                    /usr/lib/x86_64-linux-gnu/libavahi-client.so.3.2.9
7fb6d69f9000-7fb6d6a04000 r-xp 00000000 08:01 2490790                    /usr/lib/x86_64-linux-gnu/libavahi-common.so.3.5.3
7fb6d6a04000-7fb6d6c03000 ---p 0000b000 08:01 2490790                    /usr/lib/x86_64-linux-gnu/libavahi-common.so.3.5.3
7fb6d6c03000-7fb6d6c04000 r--p 0000a000 08:01 2490790                    /usr/lib/x86_64-linux-gnu/libavahi-common.so.3.5.3
7fb6d6c04000-7fb6d6c05000 rw-p 0000b000 08:01 2490790                    /usr/lib/x86_64-linux-gnu/libavahi-common.so.3.5.3
7fb6d6c05000-7fb6d6cbb000 r-xp 00000000 08:01 2498729                    /usr/lib/x86_64-linux-gnu/libgnutls.so.26.22.6
7fb6d6cbb000-7fb6d6ebb000 ---p 000b6000 08:01 2498729                    /usr/lib/x86_64-linux-gnu/libgnutls.so.26.22.6
7fb6d6ebb000-7fb6d6ec1000 r--p 000b6000 08:01 2498729                    /usr/lib/x86_64-linux-gnu/libgnutls.so.26.22.6
7fb6d6ec1000-7fb6d6ec2000 rw-p 000bc000 08:01 2498729                    /usr/lib/x86_64-linux-gnu/libgnutls.so.26.22.6
7fb6d6ec2000-7fb6d6ec3000 rw-p 00000000 00:00 0 
7fb6d6ec3000-7fb6d6efe000 r-xp 00000000 08:01 2498759                    /usr/lib/x86_64-linux-gnu/libgssapi_krb5.so.2.2
7fb6d6efe000-7fb6d70fe000 ---p 0003b000 08:01 2498759                    /usr/lib/x86_64-linux-gnu/libgssapi_krb5.so.2.2
7fb6d70fe000-7fb6d70ff000 r--p 0003b000 08:01 2498759                    /usr/lib/x86_64-linux-gnu/libgssapi_krb5.so.2.2
7fb6d70ff000-7fb6d7101000 rw-p 0003c000 08:01 2498759                    /usr/lib/x86_64-linux-gnu/libgssapi_krb5.so.2.2
7fb6d7101000-7fb6d713e000 r-xp 00000000 08:01 5509078                    /lib/x86_64-linux-gnu/libpcre.so.3.13.1
7fb6d713e000-7fb6d733e000 ---p 0003d000 08:01 5509078                    /lib/x86_64-linux-gnu/libpcre.so.3.13.1
7fb6d733e000-7fb6d733f000 r--p 0003d000 08:01 5509078                    /lib/x86_64-linux-gnu/libpcre.so.3.13.1
7fb6d733f000-7fb6d7340000 rw-p 0003e000 08:01 5509078                    /lib/x86_64-linux-gnu/libpcre.so.3.13.1
7fb6d7340000-7fb6d7347000 r-xp 00000000 08:01 2498604                    /usr/lib/x86_64-linux-gnu/libffi.so.6.0.1
7fb6d7347000-7fb6d7546000 ---p 00007000 08:01 2498604                    /usr/lib/x86_64-linux-gnu/libffi.so.6.0.1
7fb6d7546000-7fb6d7547000 r--p 00006000 08:01 2498604                    /usr/lib/x86_64-linux-gnu/libffi.so.6.0.1
7fb6d7547000-7fb6d7548000 rw-p 00007000 08:01 2498604                    /usr/lib/x86_64-linux-gnu/libffi.so.6.0.1
7fb6d7548000-7fb6d756f000 r-xp 00000000 08:01 5509000                    /lib/x86_64-linux-gnu/libexpat.so.1.6.0
7fb6d756f000-7fb6d776f000 ---p 00027000 08:01 5509000                    /lib/x86_64-linux-gnu/libexpat.so.1.6.0
7fb6d776f000-7fb6d7771000 r--p 00027000 08:01 5509000                    /lib/x86_64-linux-gnu/libexpat.so.1.6.0
7fb6d7771000-7fb6d7772000 rw-p 00029000 08:01 5509000                    /lib/x86_64-linux-gnu/libexpat.so.1.6.0
7fb6d7772000-7fb6d780e000 r-xp 00000000 08:01 2498646                    /usr/lib/x86_64-linux-gnu/libfreetype.so.6.10.1
7fb6d780e000-7fb6d7a0e000 ---p 0009c000 08:01 2498646                    /usr/lib/x86_64-linux-gnu/libfreetype.so.6.10.1
7fb6d7a0e000-7fb6d7a13000 r--p 0009c000 08:01 2498646                    /usr/lib/x86_64-linux-gnu/libfreetype.so.6.10.1
7fb6d7a13000-7fb6d7a14000 rw-p 000a1000 08:01 2498646                    /usr/lib/x86_64-linux-gnu/libfreetype.so.6.10.1
7fb6d7a14000-7fb6d7a1c000 r-xp 00000000 08:01 2499193                    /usr/lib/x86_64-linux-gnu/libthai.so.0.2.0
7fb6d7a1c000-7fb6d7c1b000 ---p 00008000 08:01 2499193                    /usr/lib/x86_64-linux-gnu/libthai.so.0.2.0
7fb6d7c1b000-7fb6d7c1c000 r--p 00007000 08:01 2499193                    /usr/lib/x86_64-linux-gnu/libthai.so.0.2.0
7fb6d7c1c000-7fb6d7c1d000 rw-p 00008000 08:01 2499193                    /usr/lib/x86_64-linux-gnu/libthai.so.0.2.0
7fb6d7c1d000-7fb6d7c33000 r-xp 00000000 08:01 5509101                    /lib/x86_64-linux-gnu/libresolv-2.17.so
7fb6d7c33000-7fb6d7e33000 ---p 00016000 08:01 5509101                    /lib/x86_64-linux-gnu/libresolv-2.17.so
7fb6d7e33000-7fb6d7e34000 r--p 00016000 08:01 5509101                    /lib/x86_64-linux-gnu/libresolv-2.17.so
7fb6d7e34000-7fb6d7e35000 rw-p 00017000 08:01 5509101                    /lib/x86_64-linux-gnu/libresolv-2.17.so
7fb6d7e35000-7fb6d7e37000 rw-p 00000000 00:00 0 
7fb6d7e37000-7fb6d7e56000 r-xp 00000000 08:01 5509105                    /lib/x86_64-linux-gnu/libselinux.so.1
7fb6d7e56000-7fb6d8056000 ---p 0001f000 08:01 5509105                    /lib/x86_64-linux-gnu/libselinux.so.1
7fb6d8056000-7fb6d8057000 r--p 0001f000 08:01 5509105                    /lib/x86_64-linux-gnu/libselinux.so.1
7fb6d8057000-7fb6d8058000 rw-p 00020000 08:01 5509105                    /lib/x86_64-linux-gnu/libselinux.so.1
7fb6d8058000-7fb6d8059000 rw-p 00000000 00:00 0 
7fb6d8059000-7fb6d805b000 r-xp 00000000 08:01 2498365                    /usr/lib/x86_64-linux-gnu/libXdamage.so.1.1.0
7fb6d805b000-7fb6d825a000 ---p 00002000 08:01 2498365                    /usr/lib/x86_64-linux-gnu/libXdamage.so.1.1.0
7fb6d825a000-7fb6d825b000 r--p 00001000 08:01 2498365                    /usr/lib/x86_64-linux-gnu/libXdamage.so.1.1.0
7fb6d825b000-7fb6d825c000 rw-p 00002000 08:01 2498365                    /usr/lib/x86_64-linux-gnu/libXdamage.so.1.1.0
7fb6d825c000-7fb6d825e000 r-xp 00000000 08:01 2498361                    /usr/lib/x86_64-linux-gnu/libXcomposite.so.1.0.0
7fb6d825e000-7fb6d845d000 ---p 00002000 08:01 2498361                    /usr/lib/x86_64-linux-gnu/libXcomposite.so.1.0.0
7fb6d845d000-7fb6d845e000 r--p 00001000 08:01 2498361                    /usr/lib/x86_64-linux-gnu/libXcomposite.so.1.0.0
7fb6d845e000-7fb6d845f000 rw-p 00002000 08:01 2498361                    /usr/lib/x86_64-linux-gnu/libXcomposite.so.1.0.0
7fb6d845f000-7fb6d8468000 r-xp 00000000 08:01 2498363                    /usr/lib/x86_64-linux-gnu/libXcursor.so.1.0.2
7fb6d8468000-7fb6d8667000 ---p 00009000 08:01 2498363                    /usr/lib/x86_64-linux-gnu/libXcursor.so.1.0.2
7fb6d8667000-7fb6d8668000 r--p 00008000 08:01 2498363                    /usr/lib/x86_64-linux-gnu/libXcursor.so.1.0.2
7fb6d8668000-7fb6d8669000 rw-p 00009000 08:01 2498363                    /usr/lib/x86_64-linux-gnu/libXcursor.so.1.0.2
7fb6d8669000-7fb6d8672000 r-xp 00000000 08:01 2498389                    /usr/lib/x86_64-linux-gnu/libXrandr.so.2.2.0
7fb6d8672000-7fb6d8871000 ---p 00009000 08:01 2498389                    /usr/lib/x86_64-linux-gnu/libXrandr.so.2.2.0
7fb6d8871000-7fb6d8872000 r--p 00008000 08:01 2498389                    /usr/lib/x86_64-linux-gnu/libXrandr.so.2.2.0
7fb6d8872000-7fb6d8873000 rw-p 00009000 08:01 2498389                    /usr/lib/x86_64-linux-gnu/libXrandr.so.2.2.0
7fb6d8873000-7fb6d8875000 r-xp 00000000 08:01 2498379                    /usr/lib/x86_64-linux-gnu/libXinerama.so.1.0.0
7fb6d8875000-7fb6d8a74000 ---p 00002000 08:01 2498379                    /usr/lib/x86_64-linux-gnu/libXinerama.so.1.0.0
7fb6d8a74000-7fb6d8a75000 r--p 00001000 08:01 2498379                    /usr/lib/x86_64-linux-gnu/libXinerama.so.1.0.0
7fb6d8a75000-7fb6d8a76000 rw-p 00002000 08:01 2498379                    /usr/lib/x86_64-linux-gnu/libXinerama.so.1.0.0
7fb6d8a76000-7fb6d8a8a000 r-xp 00000000 08:01 2499039                    /usr/lib/x86_64-linux-gnu/libpangoft2-1.0.so.0.3200.5
7fb6d8a8a000-7fb6d8c89000 ---p 00014000 08:01 2499039                    /usr/lib/x86_64-linux-gnu/libpangoft2-1.0.so.0.3200.5
7fb6d8c89000-7fb6d8c8a000 r--p 00013000 08:01 2499039                    /usr/lib/x86_64-linux-gnu/libpangoft2-1.0.so.0.3200.5
7fb6d8c8a000-7fb6d8c8b000 rw-p 00014000 08:01 2499039                    /usr/lib/x86_64-linux-gnu/libpangoft2-1.0.so.0.3200.5
7fb6d8c8b000-7fb6d8d8f000 r-xp 00000000 08:01 2498476                    /usr/lib/x86_64-linux-gnu/libcairo.so.2.11200.16
7fb6d8d8f000-7fb6d8f8e000 ---p 00104000 08:01 2498476                    /usr/lib/x86_64-linux-gnu/libcairo.so.2.11200.16
7fb6d8f8e000-7fb6d8f91000 r--p 00103000 08:01 2498476                    /usr/lib/x86_64-linux-gnu/libcairo.so.2.11200.16
7fb6d8f91000-7fb6d8f92000 rw-p 00106000 08:01 2498476                    /usr/lib/x86_64-linux-gnu/libcairo.so.2.11200.16
7fb6d8f92000-7fb6d8f94000 rw-p 00000000 00:00 0 
7fb6d8f94000-7fb6d8fb3000 r-xp 00000000 08:01 2498436                    /usr/lib/x86_64-linux-gnu/libatk-1.0.so.0.21009.1
7fb6d8fb3000-7fb6d91b3000 ---p 0001f000 08:01 2498436                    /usr/lib/x86_64-linux-gnu/libatk-1.0.so.0.21009.1
7fb6d91b3000-7fb6d91b5000 r--p 0001f000 08:01 2498436                    /usr/lib/x86_64-linux-gnu/libatk-1.0.so.0.21009.1
7fb6d91b5000-7fb6d91b6000 rw-p 00021000 08:01 2498436                    /usr/lib/x86_64-linux-gnu/libatk-1.0.so.0.21009.1
7fb6d91b6000-7fb6d91bb000 r-xp 00000000 08:01 2498371                    /usr/lib/x86_64-linux-gnu/libXfixes.so.3.1.0
7fb6d91bb000-7fb6d93ba000 ---p 00005000 08:01 2498371                    /usr/lib/x86_64-linux-gnu/libXfixes.so.3.1.0
7fb6d93ba000-7fb6d93bb000 r--p 00004000 08:01 2498371                    /usr/lib/x86_64-linux-gnu/libXfixes.so.3.1.0
7fb6d93bb000-7fb6d93bc000 rw-p 00005000 08:01 2498371                    /usr/lib/x86_64-linux-gnu/libXfixes.so.3.1.0
7fb6d93bc000-7fb6d93c7000 r-xp 00000000 08:01 2499037                    /usr/lib/x86_64-linux-gnu/libpangocairo-1.0.so.0.3200.5
7fb6d93c7000-7fb6d95c7000 ---p 0000b000 08:01 2499037                    /usr/lib/x86_64-linux-gnu/libpangocairo-1.0.so.0.3200.5
7fb6d95c7000-7fb6d95c8000 r--p 0000b000 08:01 2499037                    /usr/lib/x86_64-linux-gnu/libpangocairo-1.0.so.0.3200.5
7fb6d95c8000-7fb6d95c9000 rw-p 0000c000 08:01 2499037                    /usr/lib/x86_64-linux-gnu/libpangocairo-1.0.so.0.3200.5
7fb6d95c9000-7fb6d95cc000 r-xp 00000000 08:01 2494833                    /usr/lib/x86_64-linux-gnu/libgmodule-2.0.so.0.3800.1
7fb6d95cc000-7fb6d97cb000 ---p 00003000 08:01 2494833                    /usr/lib/x86_64-linux-gnu/libgmodule-2.0.so.0.3800.1
7fb6d97cb000-7fb6d97cc000 r--p 00002000 08:01 2494833                    /usr/lib/x86_64-linux-gnu/libgmodule-2.0.so.0.3800.1
7fb6d97cc000-7fb6d97cd000 rw-p 00003000 08:01 2494833                    /usr/lib/x86_64-linux-gnu/libgmodule-2.0.so.0.3800.1
7fb6d97cd000-7fb6d97ea000 r-xp 00000000 08:01 2499308                    /usr/lib/x86_64-linux-gnu/libxcb.so.1.1.0
7fb6d97ea000-7fb6d99e9000 ---p 0001d000 08:01 2499308                    /usr/lib/x86_64-linux-gnu/libxcb.so.1.1.0
7fb6d99e9000-7fb6d99ea000 r--p 0001c000 08:01 2499308                    /usr/lib/x86_64-linux-gnu/libxcb.so.1.1.0
7fb6d99ea000-7fb6d99eb000 rw-p 0001d000 08:01 2499308                    /usr/lib/x86_64-linux-gnu/libxcb.so.1.1.0
7fb6d99eb000-7fb6d9a57000 r-xp 00000000 08:01 2490885                    /usr/lib/x86_64-linux-gnu/libcups.so.2
7fb6d9a57000-7fb6d9c56000 ---p 0006c000 08:01 2490885                    /usr/lib/x86_64-linux-gnu/libcups.so.2
7fb6d9c56000-7fb6d9c5d000 r--p 0006b000 08:01 2490885                    /usr/lib/x86_64-linux-gnu/libcups.so.2
7fb6d9c5d000-7fb6d9c5e000 rw-p 00072000 08:01 2490885                    /usr/lib/x86_64-linux-gnu/libcups.so.2
7fb6d9c5e000-7fb6d9d5c000 r-xp 00000000 08:01 5508930                    /lib/x86_64-linux-gnu/libglib-2.0.so.0.3800.1
7fb6d9d5c000-7fb6d9f5c000 ---p 000fe000 08:01 5508930                    /lib/x86_64-linux-gnu/libglib-2.0.so.0.3800.1
7fb6d9f5c000-7fb6d9f5d000 r--p 000fe000 08:01 5508930                    /lib/x86_64-linux-gnu/libglib-2.0.so.0.3800.1
7fb6d9f5d000-7fb6d9f5e000 rw-p 000ff000 08:01 5508930                    /lib/x86_64-linux-gnu/libglib-2.0.so.0.3800.1
7fb6d9f5e000-7fb6d9f5f000 rw-p 00000000 00:00 0 
7fb6d9f5f000-7fb6d9f60000 r-xp 00000000 08:01 2494832                    /usr/lib/x86_64-linux-gnu/libgthread-2.0.so.0.3800.1
7fb6d9f60000-7fb6da15f000 ---p 00001000 08:01 2494832                    /usr/lib/x86_64-linux-gnu/libgthread-2.0.so.0.3800.1
7fb6da15f000-7fb6da160000 r--p 00000000 08:01 2494832                    /usr/lib/x86_64-linux-gnu/libgthread-2.0.so.0.3800.1
7fb6da160000-7fb6da161000 rw-p 00001000 08:01 2494832                    /usr/lib/x86_64-linux-gnu/libgthread-2.0.so.0.3800.1
7fb6da161000-7fb6da1b0000 r-xp 00000000 08:01 2490772                    /usr/lib/x86_64-linux-gnu/libgobject-2.0.so.0.3800.1
7fb6da1b0000-7fb6da3b0000 ---p 0004f000 08:01 2490772                    /usr/lib/x86_64-linux-gnu/libgobject-2.0.so.0.3800.1
7fb6da3b0000-7fb6da3b1000 r--p 0004f000 08:01 2490772                    /usr/lib/x86_64-linux-gnu/libgobject-2.0.so.0.3800.1
7fb6da3b1000-7fb6da3b2000 rw-p 00050000 08:01 2490772                    /usr/lib/x86_64-linux-gnu/libgobject-2.0.so.0.3800.1
7fb6da3b2000-7fb6da3eb000 r-xp 00000000 08:01 2498618                    /usr/lib/x86_64-linux-gnu/libfontconfig.so.1.7.0
7fb6da3eb000-7fb6da5eb000 ---p 00039000 08:01 2498618                    /usr/lib/x86_64-linux-gnu/libfontconfig.so.1.7.0
7fb6da5eb000-7fb6da5ed000 r--p 00039000 08:01 2498618                    /usr/lib/x86_64-linux-gnu/libfontconfig.so.1.7.0
7fb6da5ed000-7fb6da5ee000 rw-p 0003b000 08:01 2498618                    /usr/lib/x86_64-linux-gnu/libfontconfig.so.1.7.0
7fb6da5ee000-7fb6da638000 r-xp 00000000 08:01 2499035                    /usr/lib/x86_64-linux-gnu/libpango-1.0.so.0.3200.5
7fb6da638000-7fb6da837000 ---p 0004a000 08:01 2499035                    /usr/lib/x86_64-linux-gnu/libpango-1.0.so.0.3200.5
7fb6da837000-7fb6da839000 r--p 00049000 08:01 2499035                    /usr/lib/x86_64-linux-gnu/libpango-1.0.so.0.3200.5
7fb6da839000-7fb6da83a000 rw-p 0004b000 08:01 2499035                    /usr/lib/x86_64-linux-gnu/libpango-1.0.so.0.3200.5
7fb6da83a000-7fb6da859000 r-xp 00000000 08:01 2498685                    /usr/lib/x86_64-linux-gnu/libgdk_pixbuf-2.0.so.0.2800.1
7fb6da859000-7fb6daa58000 ---p 0001f000 08:01 2498685                    /usr/lib/x86_64-linux-gnu/libgdk_pixbuf-2.0.so.0.2800.1
7fb6daa58000-7fb6daa59000 r--p 0001e000 08:01 2498685                    /usr/lib/x86_64-linux-gnu/libgdk_pixbuf-2.0.so.0.2800.1
7fb6daa59000-7fb6daa5a000 rw-p 0001f000 08:01 2498685                    /usr/lib/x86_64-linux-gnu/libgdk_pixbuf-2.0.so.0.2800.1
7fb6daa5a000-7fb6dabb6000 r-xp 00000000 08:01 2490753                    /usr/lib/x86_64-linux-gnu/libgio-2.0.so.0.3800.1
7fb6dabb6000-7fb6dadb5000 ---p 0015c000 08:01 2490753                    /usr/lib/x86_64-linux-gnu/libgio-2.0.so.0.3800.1
7fb6dadb5000-7fb6dadb9000 r--p 0015b000 08:01 2490753                    /usr/lib/x86_64-linux-gnu/libgio-2.0.so.0.3800.1
7fb6dadb9000-7fb6dadbb000 rw-p 0015f000 08:01 2490753                    /usr/lib/x86_64-linux-gnu/libgio-2.0.so.0.3800.1
7fb6dadbb000-7fb6dadbd000 rw-p 00000000 00:00 0 
7fb6dadbd000-7fb6dae6a000 r-xp 00000000 08:01 2498683                    /usr/lib/x86_64-linux-gnu/libgdk-x11-2.0.so.0.2400.20
7fb6dae6a000-7fb6db069000 ---p 000ad000 08:01 2498683                    /usr/lib/x86_64-linux-gnu/libgdk-x11-2.0.so.0.2400.20
7fb6db069000-7fb6db06d000 r--p 000ac000 08:01 2498683                    /usr/lib/x86_64-linux-gnu/libgdk-x11-2.0.so.0.2400.20
7fb6db06d000-7fb6db06f000 rw-p 000b0000 08:01 2498683                    /usr/lib/x86_64-linux-gnu/libgdk-x11-2.0.so.0.2400.20
7fb6db06f000-7fb6db49e000 r-xp 00000000 08:01 2498843                    /usr/lib/x86_64-linux-gnu/libgtk-x11-2.0.so.0.2400.20
7fb6db49e000-7fb6db69d000 ---p 0042f000 08:01 2498843                    /usr/lib/x86_64-linux-gnu/libgtk-x11-2.0.so.0.2400.20
7fb6db69d000-7fb6db6a4000 r--p 0042e000 08:01 2498843                    /usr/lib/x86_64-linux-gnu/libgtk-x11-2.0.so.0.2400.20
7fb6db6a4000-7fb6db6a8000 rw-p 00435000 08:01 2498843                    /usr/lib/x86_64-linux-gnu/libgtk-x11-2.0.so.0.2400.20
7fb6db6a8000-7fb6db6ab000 rw-p 00000000 00:00 0 
7fb6db6ab000-7fb6db6ba000 r-xp 00000000 08:01 2498377                    /usr/lib/x86_64-linux-gnu/libXi.so.6.1.0
7fb6db6ba000-7fb6db8b9000 ---p 0000f000 08:01 2498377                    /usr/lib/x86_64-linux-gnu/libXi.so.6.1.0
7fb6db8b9000-7fb6db8ba000 r--p 0000e000 08:01 2498377                    /usr/lib/x86_64-linux-gnu/libXi.so.6.1.0
7fb6db8ba000-7fb6db8bb000 rw-p 0000f000 08:01 2498377                    /usr/lib/x86_64-linux-gnu/libXi.so.6.1.0
7fb6db8bb000-7fb6db8c0000 r-xp 00000000 08:01 2498395                    /usr/lib/x86_64-linux-gnu/libXtst.so.6.1.0
7fb6db8c0000-7fb6dbabf000 ---p 00005000 08:01 2498395                    /usr/lib/x86_64-linux-gnu/libXtst.so.6.1.0
7fb6dbabf000-7fb6dbac0000 r--p 00004000 08:01 2498395                    /usr/lib/x86_64-linux-gnu/libXtst.so.6.1.0
7fb6dbac0000-7fb6dbac1000 rw-p 00005000 08:01 2498395                    /usr/lib/x86_64-linux-gnu/libXtst.so.6.1.0
7fb6dbac1000-7fb6dbaca000 r-xp 00000000 08:01 2498391                    /usr/lib/x86_64-linux-gnu/libXrender.so.1.3.0
7fb6dbaca000-7fb6dbcc9000 ---p 00009000 08:01 2498391                    /usr/lib/x86_64-linux-gnu/libXrender.so.1.3.0
7fb6dbcc9000-7fb6dbcca000 r--p 00008000 08:01 2498391                    /usr/lib/x86_64-linux-gnu/libXrender.so.1.3.0
7fb6dbcca000-7fb6dbccb000 rw-p 00009000 08:01 2498391                    /usr/lib/x86_64-linux-gnu/libXrender.so.1.3.0
7fb6dbccb000-7fb6dbdfb000 r-xp 00000000 08:01 2498352                    /usr/lib/x86_64-linux-gnu/libX11.so.6.3.0
7fb6dbdfb000-7fb6dbffb000 ---p 00130000 08:01 2498352                    /usr/lib/x86_64-linux-gnu/libX11.so.6.3.0
7fb6dbffb000-7fb6dbffc000 r--p 00130000 08:01 2498352                    /usr/lib/x86_64-linux-gnu/libX11.so.6.3.0
7fb6dbffc000-7fb6dc000000 rw-p 00131000 08:01 2498352                    /usr/lib/x86_64-linux-gnu/libX11.so.6.3.0
7fb6dc000000-7fb6dcac3000 rw-p 00000000 00:00 0 
7fb6dcac3000-7fb6e0000000 ---p 00000000 00:00 0 
7fb6e0000000-7fb6e0021000 rw-p 00000000 00:00 0 
7fb6e0021000-7fb6e4000000 ---p 00000000 00:00 0 
7fb6e4000000-7fb6e453f000 rw-p 00000000 00:00 0 
7fb6e453f000-7fb6e8000000 ---p 00000000 00:00 0 
7fb6e8000000-7fb6e843d000 rw-p 00000000 00:00 0 
7fb6e843d000-7fb6ec000000 ---p 00000000 00:00 0 
7fb6ec000000-7fb6ec021000 rw-p 00000000 00:00 0 
7fb6ec021000-7fb6f0000000 ---p 00000000 00:00 0 
7fb6f0000000-7fb6f0021000 rw-p 00000000 00:00 0 
7fb6f0021000-7fb6f4000000 ---p 00000000 00:00 0 
7fb6f4000000-7fb6f4021000 rw-p 00000000 00:00 0 
7fb6f4021000-7fb6f8000000 ---p 00000000 00:00 0 
7fb6f8000000-7fb6f8021000 rw-p 00000000 00:00 0 
7fb6f8021000-7fb6fc000000 ---p 00000000 00:00 0 
7fb6fc000000-7fb6fc021000 rw-p 00000000 00:00 0 
7fb6fc021000-7fb700000000 ---p 00000000 00:00 0 
7fb700000000-7fb700021000 rw-p 00000000 00:00 0 
7fb700021000-7fb704000000 ---p 00000000 00:00 0 
7fb704000000-7fb704021000 rw-p 00000000 00:00 0 
7fb704021000-7fb708000000 ---p 00000000 00:00 0 
7fb708000000-7fb708021000 rw-p 00000000 00:00 0 
7fb708021000-7fb70c000000 ---p 00000000 00:00 0 
7fb70c000000-7fb70c021000 rw-p 00000000 00:00 0 
7fb70c021000-7fb710000000 ---p 00000000 00:00 0 
7fb710003000-7fb710009000 rw-s 125e59000 00:05 7824                      /dev/dri/card0
7fb710009000-7fb71007d000 rw-p 00000000 00:00 0 
7fb71007d000-7fb710080000 ---p 00000000 00:00 0 
7fb710080000-7fb7100b6000 rw-p 00000000 00:00 0                          [stack:20806]
7fb7100b6000-7fb7100b9000 ---p 00000000 00:00 0 
7fb7100b9000-7fb7100ef000 rw-p 00000000 00:00 0 
7fb7100ef000-7fb710100000 r-xp 00000000 08:01 2498369                    /usr/lib/x86_64-linux-gnu/libXext.so.6.4.0
7fb710100000-7fb7102ff000 ---p 00011000 08:01 2498369                    /usr/lib/x86_64-linux-gnu/libXext.so.6.4.0
7fb7102ff000-7fb710300000 r--p 00010000 08:01 2498369                    /usr/lib/x86_64-linux-gnu/libXext.so.6.4.0
7fb710300000-7fb710301000 rw-p 00011000 08:01 2498369                    /usr/lib/x86_64-linux-gnu/libXext.so.6.4.0
7fb710302000-7fb710303000 rw-s 12f6fd000 00:05 7824                      /dev/dri/card0
7fb710303000-7fb710309000 rw-s 125e53000 00:05 7824                      /dev/dri/card0
7fb710309000-7fb710310000 r--s 00000000 08:01 2755354                    /usr/lib/x86_64-linux-gnu/gconv/gconv-modules.cache
7fb710310000-7fb71031a000 r--s 000b8000 08:01 4071158                    /usr/lib/jvm/java-7-openjdk-amd64/jre/lib/resources.jar
7fb71031a000-7fb71036b000 r-xp 00000000 08:01 4071304                    /usr/lib/jvm/java-7-openjdk-amd64/jre/lib/amd64/xawt/libmawt.so
7fb71036b000-7fb71056a000 ---p 00051000 08:01 4071304                    /usr/lib/jvm/java-7-openjdk-amd64/jre/lib/amd64/xawt/libmawt.so
7fb71056a000-7fb71056b000 r--p 00050000 08:01 4071304                    /usr/lib/jvm/java-7-openjdk-amd64/jre/lib/amd64/xawt/libmawt.so
7fb71056b000-7fb71056e000 rw-p 00051000 08:01 4071304                    /usr/lib/jvm/java-7-openjdk-amd64/jre/lib/amd64/xawt/libmawt.so
7fb71056e000-7fb71056f000 rw-p 00000000 00:00 0 
7fb71056f000-7fb71060f000 r-xp 00000000 08:01 4071152                    /usr/lib/jvm/java-7-openjdk-amd64/jre/lib/amd64/libawt.so
7fb71060f000-7fb71080e000 ---p 000a0000 08:01 4071152                    /usr/lib/jvm/java-7-openjdk-amd64/jre/lib/amd64/libawt.so
7fb71080e000-7fb71080f000 r--p 0009f000 08:01 4071152                    /usr/lib/jvm/java-7-openjdk-amd64/jre/lib/amd64/libawt.so
7fb71080f000-7fb71081a000 rw-p 000a0000 08:01 4071152                    /usr/lib/jvm/java-7-openjdk-amd64/jre/lib/amd64/libawt.so
7fb71081a000-7fb71083f000 rw-p 00000000 00:00 0 
7fb71083f000-7fb7108ae000 r-xp 00000000 08:01 5242911                    /tmp/libgdxroot/b4a54a2/libgdx64.so
7fb7108ae000-7fb710aad000 ---p 0006f000 08:01 5242911                    /tmp/libgdxroot/b4a54a2/libgdx64.so
7fb710aad000-7fb710aaf000 r--p 0006e000 08:01 5242911                    /tmp/libgdxroot/b4a54a2/libgdx64.so
7fb710aaf000-7fb710ab0000 rw-p 00070000 08:01 5242911                    /tmp/libgdxroot/b4a54a2/libgdx64.so
7fb710ab0000-7fb710ab1000 rw-p 00000000 00:00 0 
7fb710ab1000-7fb710ac2000 r--s 0012b000 08:01 2228340                    /root/git/Masterchef/masterchef-desktop/lib/gdx-backend-lwjgl.jar
7fb710ac2000-7fb710ac3000 ---p 00000000 00:00 0 
7fb710ac3000-7fb710bc3000 rw-p 00000000 00:00 0 
7fb710bc3000-7fb710bc6000 ---p 00000000 00:00 0 
7fb710bc6000-7fb710cc4000 rw-p 00000000 00:00 0                          [stack:20775]
7fb710cc4000-7fb710cc7000 ---p 00000000 00:00 0 
7fb710cc7000-7fb710dc5000 rw-p 00000000 00:00 0                          [stack:20774]
7fb710dc5000-7fb710dc8000 ---p 00000000 00:00 0 
7fb710dc8000-7fb710ec6000 rw-p 00000000 00:00 0                          [stack:20773]
7fb710ec6000-7fb710ec9000 ---p 00000000 00:00 0 
7fb710ec9000-7fb710fc7000 rw-p 00000000 00:00 0                          [stack:20800]
7fb710fc7000-7fb710fca000 ---p 00000000 00:00 0 
7fb710fca000-7fb7110c8000 rw-p 00000000 00:00 0                          [stack:20768]
7fb7110c8000-7fb7110cb000 ---p 00000000 00:00 0 
7fb7110cb000-7fb7111c9000 rw-p 00000000 00:00 0                          [stack:20766]
7fb7111c9000-7fb7111cd000 r-xp 00000000 08:01 4071150                    /usr/lib/jvm/java-7-openjdk-amd64/jre/lib/amd64/libdt_socket.so
7fb7111cd000-7fb7113cc000 ---p 00004000 08:01 4071150                    /usr/lib/jvm/java-7-openjdk-amd64/jre/lib/amd64/libdt_socket.so
7fb7113cc000-7fb7113cd000 r--p 00003000 08:01 4071150                    /usr/lib/jvm/java-7-openjdk-amd64/jre/lib/amd64/libdt_socket.so
7fb7113cd000-7fb7113ce000 rw-p 00004000 08:01 4071150                    /usr/lib/jvm/java-7-openjdk-amd64/jre/lib/amd64/libdt_socket.so
7fb7113ce000-7fb7113d1000 ---p 00000000 00:00 0 
7fb7113d1000-7fb7114cf000 rw-p 00000000 00:00 0 
7fb7114cf000-7fb7114d2000 ---p 00000000 00:00 0 
7fb7114d2000-7fb7115d0000 rw-p 00000000 00:00 0                          [stack:20763]
7fb7115d0000-7fb7115d3000 ---p 00000000 00:00 0 
7fb7115d3000-7fb7116d1000 rw-p 00000000 00:00 0                          [stack:20762]
7fb7116d1000-7fb7116d2000 ---p 00000000 00:00 0 
7fb7116d2000-7fb712186000 rw-p 00000000 00:00 0                          [stack:20761]
7fb712186000-7fb712334000 r--s 01cf4000 08:01 4071185                    /usr/lib/jvm/java-7-openjdk-amd64/jre/lib/rt.jar
7fb712334000-7fb7141a9000 rw-p 00000000 00:00 0 
7fb7141a9000-7fb7141aa000 ---p 00000000 00:00 0 
7fb7141aa000-7fb7142aa000 rw-p 00000000 00:00 0                          [stack:20760]
7fb7142aa000-7fb7142ab000 ---p 00000000 00:00 0 
7fb7142ab000-7fb7143b6000 rw-p 00000000 00:00 0                          [stack:20759]
7fb7143b6000-7fb7143fe000 rw-p 00000000 00:00 0 
7fb7143fe000-7fb714409000 rw-p 00000000 00:00 0 
7fb714409000-7fb714451000 rw-p 00000000 00:00 0 
7fb714451000-7fb714460000 rw-p 00000000 00:00 0 
7fb714460000-7fb714541000 rw-p 00000000 00:00 0 
7fb714541000-7fb714549000 rw-p 00000000 00:00 0 
7fb714549000-7fb7145ba000 rw-p 00000000 00:00 0 
7fb7145ba000-7fb7145bb000 rw-p 00000000 00:00 0 
7fb7145bb000-7fb71482b000 rwxp 00000000 00:00 0 
7fb71482b000-7fb7175bb000 rw-p 00000000 00:00 0 
7fb7175bb000-7fb7175c3000 r-xp 00000000 08:01 4071118                    /usr/lib/jvm/java-7-openjdk-amd64/jre/lib/amd64/libzip.so
7fb7175c3000-7fb7177c2000 ---p 00008000 08:01 4071118                    /usr/lib/jvm/java-7-openjdk-amd64/jre/lib/amd64/libzip.so
7fb7177c2000-7fb7177c3000 r--p 00007000 08:01 4071118                    /usr/lib/jvm/java-7-openjdk-amd64/jre/lib/amd64/libzip.so
7fb7177c3000-7fb7177c4000 rw-p 00008000 08:01 4071118                    /usr/lib/jvm/java-7-openjdk-amd64/jre/lib/amd64/libzip.so
7fb7177c4000-7fb7177d0000 r-xp 00000000 08:01 5509056                    /lib/x86_64-linux-gnu/libnss_files-2.17.so
7fb7177d0000-7fb7179cf000 ---p 0000c000 08:01 5509056                    /lib/x86_64-linux-gnu/libnss_files-2.17.so
7fb7179cf000-7fb7179d0000 r--p 0000b000 08:01 5509056                    /lib/x86_64-linux-gnu/libnss_files-2.17.so
7fb7179d0000-7fb7179d1000 rw-p 0000c000 08:01 5509056                    /lib/x86_64-linux-gnu/libnss_files-2.17.so
7fb7179d1000-7fb7179dc000 r-xp 00000000 08:01 5509060                    /lib/x86_64-linux-gnu/libnss_nis-2.17.so
7fb7179dc000-7fb717bdb000 ---p 0000b000 08:01 5509060                    /lib/x86_64-linux-gnu/libnss_nis-2.17.so
7fb717bdb000-7fb717bdc000 r--p 0000a000 08:01 5509060                    /lib/x86_64-linux-gnu/libnss_nis-2.17.so
7fb717bdc000-7fb717bdd000 rw-p 0000b000 08:01 5509060                    /lib/x86_64-linux-gnu/libnss_nis-2.17.so
7fb717bdd000-7fb717bf4000 r-xp 00000000 08:01 5509050                    /lib/x86_64-linux-gnu/libnsl-2.17.so
7fb717bf4000-7fb717df3000 ---p 00017000 08:01 5509050                    /lib/x86_64-linux-gnu/libnsl-2.17.so
7fb717df3000-7fb717df4000 r--p 00016000 08:01 5509050                    /lib/x86_64-linux-gnu/libnsl-2.17.so
7fb717df4000-7fb717df5000 rw-p 00017000 08:01 5509050                    /lib/x86_64-linux-gnu/libnsl-2.17.so
7fb717df5000-7fb717df7000 rw-p 00000000 00:00 0 
7fb717df7000-7fb717dff000 r-xp 00000000 08:01 5509052                    /lib/x86_64-linux-gnu/libnss_compat-2.17.so
7fb717dff000-7fb717ffe000 ---p 00008000 08:01 5509052                    /lib/x86_64-linux-gnu/libnss_compat-2.17.so
7fb717ffe000-7fb717fff000 r--p 00007000 08:01 5509052                    /lib/x86_64-linux-gnu/libnss_compat-2.17.so
7fb717fff000-7fb718000000 rw-p 00008000 08:01 5509052                    /lib/x86_64-linux-gnu/libnss_compat-2.17.so
7fb718000000-7fb7182cf000 rw-p 00000000 00:00 0 
7fb7182cf000-7fb71c000000 ---p 00000000 00:00 0 
7fb71c000000-7fb71c001000 rw-s 12f6fc000 00:05 7824                      /dev/dri/card0
7fb71c003000-7fb71c019000 r--s 00154000 08:01 2228310                    /root/git/Masterchef/masterchef/lib/gdx.jar
7fb71c019000-7fb71c028000 rw-p 00000000 00:00 0 
7fb71c028000-7fb71c10a000 rw-p 00000000 00:00 0 
7fb71c10a000-7fb71c7ec000 r--p 00000000 08:01 2497353                    /usr/lib/locale/locale-archive
7fb71c7ec000-7fb71c7ef000 r-xp 00000000 08:01 4071127                    /usr/lib/jvm/java-7-openjdk-amd64/jre/lib/amd64/libnpt.so
7fb71c7ef000-7fb71c9ee000 ---p 00003000 08:01 4071127                    /usr/lib/jvm/java-7-openjdk-amd64/jre/lib/amd64/libnpt.so
7fb71c9ee000-7fb71c9ef000 r--p 00002000 08:01 4071127                    /usr/lib/jvm/java-7-openjdk-amd64/jre/lib/amd64/libnpt.so
7fb71c9ef000-7fb71c9f0000 rw-p 00003000 08:01 4071127                    /usr/lib/jvm/java-7-openjdk-amd64/jre/lib/amd64/libnpt.so
7fb71c9f0000-7fb71ca2a000 r-xp 00000000 08:01 4071128                    /usr/lib/jvm/java-7-openjdk-amd64/jre/lib/amd64/libjdwp.so
7fb71ca2a000-7fb71cc29000 ---p 0003a000 08:01 4071128                    /usr/lib/jvm/java-7-openjdk-amd64/jre/lib/amd64/libjdwp.so
7fb71cc29000-7fb71cc2a000 r--p 00039000 08:01 4071128                    /usr/lib/jvm/java-7-openjdk-amd64/jre/lib/amd64/libjdwp.so
7fb71cc2a000-7fb71cc2b000 rw-p 0003a000 08:01 4071128                    /usr/lib/jvm/java-7-openjdk-amd64/jre/lib/amd64/libjdwp.so
7fb71cc2b000-7fb71cc56000 r-xp 00000000 08:01 4071115                    /usr/lib/jvm/java-7-openjdk-amd64/jre/lib/amd64/libjava.so
7fb71cc56000-7fb71ce55000 ---p 0002b000 08:01 4071115                    /usr/lib/jvm/java-7-openjdk-amd64/jre/lib/amd64/libjava.so
7fb71ce55000-7fb71ce56000 r--p 0002a000 08:01 4071115                    /usr/lib/jvm/java-7-openjdk-amd64/jre/lib/amd64/libjava.so
7fb71ce56000-7fb71ce58000 rw-p 0002b000 08:01 4071115                    /usr/lib/jvm/java-7-openjdk-amd64/jre/lib/amd64/libjava.so
7fb71ce58000-7fb71ce68000 r-xp 00000000 08:01 4071129                    /usr/lib/jvm/java-7-openjdk-amd64/jre/lib/amd64/libverify.so
7fb71ce68000-7fb71d067000 ---p 00010000 08:01 4071129                    /usr/lib/jvm/java-7-openjdk-amd64/jre/lib/amd64/libverify.so
7fb71d067000-7fb71d069000 r--p 0000f000 08:01 4071129                    /usr/lib/jvm/java-7-openjdk-amd64/jre/lib/amd64/libverify.so
7fb71d069000-7fb71d06a000 rw-p 00011000 08:01 4071129                    /usr/lib/jvm/java-7-openjdk-amd64/jre/lib/amd64/libverify.so
7fb71d06a000-7fb71d071000 r-xp 00000000 08:01 5509103                    /lib/x86_64-linux-gnu/librt-2.17.so
7fb71d071000-7fb71d270000 ---p 00007000 08:01 5509103                    /lib/x86_64-linux-gnu/librt-2.17.so
7fb71d270000-7fb71d271000 r--p 00006000 08:01 5509103                    /lib/x86_64-linux-gnu/librt-2.17.so
7fb71d271000-7fb71d272000 rw-p 00007000 08:01 5509103                    /lib/x86_64-linux-gnu/librt-2.17.so
7fb71d272000-7fb71d287000 r-xp 00000000 08:01 5505029                    /lib/x86_64-linux-gnu/libgcc_s.so.1
7fb71d287000-7fb71d486000 ---p 00015000 08:01 5505029                    /lib/x86_64-linux-gnu/libgcc_s.so.1
7fb71d486000-7fb71d487000 r--p 00014000 08:01 5505029                    /lib/x86_64-linux-gnu/libgcc_s.so.1
7fb71d487000-7fb71d488000 rw-p 00015000 08:01 5505029                    /lib/x86_64-linux-gnu/libgcc_s.so.1
7fb71d488000-7fb71d58b000 r-xp 00000000 08:01 5509031                    /lib/x86_64-linux-gnu/libm-2.17.so
7fb71d58b000-7fb71d78a000 ---p 00103000 08:01 5509031                    /lib/x86_64-linux-gnu/libm-2.17.so
7fb71d78a000-7fb71d78b000 r--p 00102000 08:01 5509031                    /lib/x86_64-linux-gnu/libm-2.17.so
7fb71d78b000-7fb71d78c000 rw-p 00103000 08:01 5509031                    /lib/x86_64-linux-gnu/libm-2.17.so
7fb71d78c000-7fb71d872000 r-xp 00000000 08:01 2496355                    /usr/lib/x86_64-linux-gnu/libstdc++.so.6.0.18
7fb71d872000-7fb71da71000 ---p 000e6000 08:01 2496355                    /usr/lib/x86_64-linux-gnu/libstdc++.so.6.0.18
7fb71da71000-7fb71da79000 r--p 000e5000 08:01 2496355                    /usr/lib/x86_64-linux-gnu/libstdc++.so.6.0.18
7fb71da79000-7fb71da7b000 rw-p 000ed000 08:01 2496355                    /usr/lib/x86_64-linux-gnu/libstdc++.so.6.0.18
7fb71da7b000-7fb71da90000 rw-p 00000000 00:00 0 
7fb71da90000-7fb71e56f000 r-xp 00000000 08:01 4071143                    /usr/lib/jvm/java-7-openjdk-amd64/jre/lib/amd64/server/libjvm.so
7fb71e56f000-7fb71e76e000 ---p 00adf000 08:01 4071143                    /usr/lib/jvm/java-7-openjdk-amd64/jre/lib/amd64/server/libjvm.so
7fb71e76e000-7fb71e800000 r--p 00ade000 08:01 4071143                    /usr/lib/jvm/java-7-openjdk-amd64/jre/lib/amd64/server/libjvm.so
7fb71e800000-7fb71e823000 rw-p 00b70000 08:01 4071143                    /usr/lib/jvm/java-7-openjdk-amd64/jre/lib/amd64/server/libjvm.so
7fb71e823000-7fb71e850000 rw-p 00000000 00:00 0 
7fb71e850000-7fb71e868000 r-xp 00000000 08:01 5509138                    /lib/x86_64-linux-gnu/libz.so.1.2.8
7fb71e868000-7fb71ea67000 ---p 00018000 08:01 5509138                    /lib/x86_64-linux-gnu/libz.so.1.2.8
7fb71ea67000-7fb71ea68000 r--p 00017000 08:01 5509138                    /lib/x86_64-linux-gnu/libz.so.1.2.8
7fb71ea68000-7fb71ea69000 rw-p 00018000 08:01 5509138                    /lib/x86_64-linux-gnu/libz.so.1.2.8
7fb71ea69000-7fb71ea80000 r-xp 00000000 08:01 5509095                    /lib/x86_64-linux-gnu/libpthread-2.17.so
7fb71ea80000-7fb71ec80000 ---p 00017000 08:01 5509095                    /lib/x86_64-linux-gnu/libpthread-2.17.so
7fb71ec80000-7fb71ec81000 r--p 00017000 08:01 5509095                    /lib/x86_64-linux-gnu/libpthread-2.17.so
7fb71ec81000-7fb71ec82000 rw-p 00018000 08:01 5509095                    /lib/x86_64-linux-gnu/libpthread-2.17.so
7fb71ec82000-7fb71ec86000 rw-p 00000000 00:00 0 
7fb71ec86000-7fb71ec89000 r-xp 00000000 08:01 5508995                    /lib/x86_64-linux-gnu/libdl-2.17.so
7fb71ec89000-7fb71ee88000 ---p 00003000 08:01 5508995                    /lib/x86_64-linux-gnu/libdl-2.17.so
7fb71ee88000-7fb71ee89000 r--p 00002000 08:01 5508995                    /lib/x86_64-linux-gnu/libdl-2.17.so
7fb71ee89000-7fb71ee8a000 rw-p 00003000 08:01 5508995                    /lib/x86_64-linux-gnu/libdl-2.17.so
7fb71ee8a000-7fb71f047000 r-xp 00000000 08:01 5508980                    /lib/x86_64-linux-gnu/libc-2.17.so
7fb71f047000-7fb71f247000 ---p 001bd000 08:01 5508980                    /lib/x86_64-linux-gnu/libc-2.17.so
7fb71f247000-7fb71f24b000 r--p 001bd000 08:01 5508980                    /lib/x86_64-linux-gnu/libc-2.17.so
7fb71f24b000-7fb71f24d000 rw-p 001c1000 08:01 5508980                    /lib/x86_64-linux-gnu/libc-2.17.so
7fb71f24d000-7fb71f252000 rw-p 00000000 00:00 0 
7fb71f252000-7fb71f25f000 r-xp 00000000 08:01 4071149                    /usr/lib/jvm/java-7-openjdk-amd64/jre/lib/amd64/jli/libjli.so
7fb71f25f000-7fb71f45e000 ---p 0000d000 08:01 4071149                    /usr/lib/jvm/java-7-openjdk-amd64/jre/lib/amd64/jli/libjli.so
7fb71f45e000-7fb71f45f000 r--p 0000c000 08:01 4071149                    /usr/lib/jvm/java-7-openjdk-amd64/jre/lib/amd64/jli/libjli.so
7fb71f45f000-7fb71f460000 rw-p 0000d000 08:01 4071149                    /usr/lib/jvm/java-7-openjdk-amd64/jre/lib/amd64/jli/libjli.so
7fb71f460000-7fb71f483000 r-xp 00000000 08:01 5508956                    /lib/x86_64-linux-gnu/ld-2.17.so
7fb71f483000-7fb71f484000 rw-s 00000000 00:04 441515                     /drm mm object (deleted)
7fb71f484000-7fb71f485000 rw-s 130633000 00:05 7824                      /dev/dri/card0
7fb71f485000-7fb71f486000 rw-s 125df2000 00:05 7824                      /dev/dri/card0
7fb71f486000-7fb71f487000 rw-s 00000000 00:04 440574                     /drm mm object (deleted)
7fb71f487000-7fb71f488000 rwxp 00000000 00:00 0 
7fb71f488000-7fb71f489000 r--s 00127000 08:01 2228338                    /root/git/Masterchef/masterchef-desktop/lib/gdx-natives.jar
7fb71f489000-7fb71f48b000 r--s 001a1000 08:01 2228269                    /root/git/Masterchef/masterchef-desktop/lib/gdx-backend-lwjgl-natives.jar
7fb71f48b000-7fb71f48f000 r--s 00085000 08:01 4071161                    /usr/lib/jvm/java-7-openjdk-amd64/jre/lib/ext/localedata.jar
7fb71f48f000-7fb71f4ab000 rw-p 00000000 00:00 0 
7fb71f4ab000-7fb71f561000 rw-p 00000000 00:00 0 
7fb71f561000-7fb71f564000 ---p 00000000 00:00 0 
7fb71f564000-7fb71f667000 rw-p 00000000 00:00 0                          [stack:20757]
7fb71f667000-7fb71f669000 r--s 00006000 08:01 2898303                    /usr/share/java/java-atk-wrapper.jar
7fb71f669000-7fb71f66c000 r--s 00032000 08:01 4071164                    /usr/lib/jvm/java-7-openjdk-amd64/jre/lib/ext/sunjce_provider.jar
7fb71f66c000-7fb71f66f000 r--s 0000f000 08:01 4071162                    /usr/lib/jvm/java-7-openjdk-amd64/jre/lib/ext/pulse-java.jar
7fb71f66f000-7fb71f670000 r--s 00002000 08:01 4071165                    /usr/lib/jvm/java-7-openjdk-amd64/jre/lib/ext/dnsns.jar
7fb71f670000-7fb71f672000 r--s 00012000 08:01 4071163                    /usr/lib/jvm/java-7-openjdk-amd64/jre/lib/ext/zipfs.jar
7fb71f672000-7fb71f676000 r--s 0003b000 08:01 4071166                    /usr/lib/jvm/java-7-openjdk-amd64/jre/lib/ext/sunpkcs11.jar
7fb71f676000-7fb71f67e000 rw-s 00000000 08:01 5242933                    /tmp/hsperfdata_root/20750
7fb71f67e000-7fb71f67f000 rw-p 00000000 00:00 0 
7fb71f67f000-7fb71f680000 ---p 00000000 00:00 0 
7fb71f680000-7fb71f682000 rw-p 00000000 00:00 0 
7fb71f682000-7fb71f683000 r--p 00022000 08:01 5508956                    /lib/x86_64-linux-gnu/ld-2.17.so
7fb71f683000-7fb71f685000 rw-p 00023000 08:01 5508956                    /lib/x86_64-linux-gnu/ld-2.17.so
7fff6641d000-7fff6643e000 rw-p 00000000 00:00 0                          [stack]
7fff665f0000-7fff665f2000 r-xp 00000000 00:00 0                          [vdso]
ffffffffff600000-ffffffffff601000 r-xp 00000000 00:00 0                  [vsyscall]

VM Arguments:
jvm_args: -agentlib:jdwp=transport=dt_socket,suspend=y,address=localhost:45733 -Dfile.encoding=UTF-8 
java_command: com.masterchef.DesktopGame
Launcher Type: SUN_STANDARD

Environment Variables:
PATH=/home/albert/apache-ant-1.9.3/bin:/usr/local/sbin:/usr/local/bin:/usr/sbin:/usr/bin:/sbin:/bin
USERNAME=root
SHELL=/bin/bash
DISPLAY=:0

Signal Handlers:
SIGSEGV: [libjvm.so+0x916ea0], sa_mask[0]=0x7ffbfeff, sa_flags=0x10000004
SIGBUS: [libjvm.so+0x916ea0], sa_mask[0]=0x7ffbfeff, sa_flags=0x10000004
SIGFPE: [libjvm.so+0x794800], sa_mask[0]=0x7ffbfeff, sa_flags=0x10000004
SIGPIPE: [libjvm.so+0x794800], sa_mask[0]=0x7ffbfeff, sa_flags=0x10000004
SIGXFSZ: [libjvm.so+0x794800], sa_mask[0]=0x7ffbfeff, sa_flags=0x10000004
SIGILL: [libjvm.so+0x794800], sa_mask[0]=0x7ffbfeff, sa_flags=0x10000004
SIGUSR1: SIG_DFL, sa_mask[0]=0x00000000, sa_flags=0x00000000
SIGUSR2: [libjvm.so+0x7946a0], sa_mask[0]=0x00000004, sa_flags=0x10000004
SIGHUP: [libjvm.so+0x794880], sa_mask[0]=0x7ffbfeff, sa_flags=0x10000004
SIGINT: [libjvm.so+0x794880], sa_mask[0]=0x7ffbfeff, sa_flags=0x10000004
SIGTERM: [libjvm.so+0x794880], sa_mask[0]=0x7ffbfeff, sa_flags=0x10000004
SIGQUIT: [libjvm.so+0x794880], sa_mask[0]=0x7ffbfeff, sa_flags=0x10000004


---------------  S Y S T E M  ---------------

OS:Ubuntu 13.10 (saucy)
uname:Linux 3.11.0-15-generic #25-Ubuntu SMP Thu Jan 30 17:22:01 UTC 2014 x86_64
libc:glibc 2.17 NPTL 2.17 
rlimit: STACK 8192k, CORE 0k, NPROC 22886, NOFILE 4096, AS infinity
load average:0.87 0.56 0.44

/proc/meminfo:
MemTotal:        2949656 kB
MemFree:           85244 kB
Buffers:            1532 kB
Cached:           714516 kB
SwapCached:        20640 kB
Active:          2122868 kB
Inactive:         563360 kB
Active(anon):    2060528 kB
Inactive(anon):   522108 kB
Active(file):      62340 kB
Inactive(file):    41252 kB
Unevictable:         248 kB
Mlocked:             248 kB
SwapTotal:       2928636 kB
SwapFree:        2336888 kB
Dirty:                80 kB
Writeback:             0 kB
AnonPages:       1959520 kB
Mapped:           171396 kB
Shmem:            612500 kB
Slab:              73832 kB
SReclaimable:      36960 kB
SUnreclaim:        36872 kB
KernelStack:        5112 kB
PageTables:        52412 kB
NFS_Unstable:          0 kB
Bounce:                0 kB
WritebackTmp:          0 kB
CommitLimit:     4403464 kB
Committed_AS:    8032856 kB
VmallocTotal:   34359738367 kB
VmallocUsed:      548940 kB
VmallocChunk:   34359183872 kB
HardwareCorrupted:     0 kB
AnonHugePages:         0 kB
HugePages_Total:       0
HugePages_Free:        0
HugePages_Rsvd:        0
HugePages_Surp:        0
Hugepagesize:       2048 kB
DirectMap4k:       49588 kB
DirectMap2M:     2961408 kB


CPU:total 2 (2 cores per cpu, 1 threads per core) family 6 model 23 stepping 6, cmov, cx8, fxsr, mmx, sse, sse2, sse3, ssse3, sse4.1, tsc

/proc/cpuinfo:
processor	: 0
vendor_id	: GenuineIntel
cpu family	: 6
model		: 23
model name	: Intel(R) Core(TM)2 Duo CPU     P8400  @ 2.26GHz
stepping	: 6
microcode	: 0x60c
cpu MHz		: 2267.000
cache size	: 3072 KB
physical id	: 0
siblings	: 2
core id		: 0
cpu cores	: 2
apicid		: 0
initial apicid	: 0
fpu		: yes
fpu_exception	: yes
cpuid level	: 10
wp		: yes
flags		: fpu vme de pse tsc msr pae mce cx8 apic sep mtrr pge mca cmov pat pse36 clflush dts acpi mmx fxsr sse sse2 ss ht tm pbe syscall nx lm constant_tsc arch_perfmon pebs bts rep_good nopl aperfmperf pni dtes64 monitor ds_cpl vmx smx est tm2 ssse3 cx16 xtpr pdcm sse4_1 lahf_lm dtherm tpr_shadow vnmi flexpriority
bogomips	: 4518.65
clflush size	: 64
cache_alignment	: 64
address sizes	: 36 bits physical, 48 bits virtual
power management:

processor	: 1
vendor_id	: GenuineIntel
cpu family	: 6
model		: 23
model name	: Intel(R) Core(TM)2 Duo CPU     P8400  @ 2.26GHz
stepping	: 6
microcode	: 0x60c
cpu MHz		: 2267.000
cache size	: 3072 KB
physical id	: 0
siblings	: 2
core id		: 1
cpu cores	: 2
apicid		: 1
initial apicid	: 1
fpu		: yes
fpu_exception	: yes
cpuid level	: 10
wp		: yes
flags		: fpu vme de pse tsc msr pae mce cx8 apic sep mtrr pge mca cmov pat pse36 clflush dts acpi mmx fxsr sse sse2 ss ht tm pbe syscall nx lm constant_tsc arch_perfmon pebs bts rep_good nopl aperfmperf pni dtes64 monitor ds_cpl vmx smx est tm2 ssse3 cx16 xtpr pdcm sse4_1 lahf_lm dtherm tpr_shadow vnmi flexpriority
bogomips	: 4518.65
clflush size	: 64
cache_alignment	: 64
address sizes	: 36 bits physical, 48 bits virtual
power management:



Memory: 4k page, physical 2949656k(85244k free), swap 2928636k(2336888k free)

vm_info: OpenJDK 64-Bit Server VM (24.45-b08) for linux-amd64 JRE (1.7.0_51-b00), built on Jan 15 2014 22:02:57 by "buildd" with gcc 4.8.1

time: Sat Feb 15 22:17:54 2014
elapsed time: 86 seconds

