#
# A fatal error has been detected by the Java Runtime Environment:
#
#  SIGBUS (0x7) at pc=0x00007f3450aa9570, pid=4539, tid=139862560642816
#
# JRE version: OpenJDK Runtime Environment (7.0_51) (build 1.7.0_51-b00)
# Java VM: OpenJDK 64-Bit Server VM (24.45-b08 mixed mode linux-amd64 compressed oops)
# Problematic frame:
# 
[error occurred during error reporting (printing problematic frame), id 0x7]

# Failed to write core dump. Core dumps have been disabled. To enable core dumping, try "ulimit -c unlimited" before starting Java again
#
# If you would like to submit a bug report, please include
# instructions on how to reproduce the bug and visit:
#   http://icedtea.classpath.org/bugzilla
# The crash happened outside the Java Virtual Machine in native code.
# See problematic frame for where to report the bug.
#

---------------  T H R E A D  ---------------

Current thread (0x00007f3488250000):  JavaThread "LWJGL Application" [_thread_in_native, id=4561, stack(0x00007f344a2e9000,0x00007f344a3ea000)]

siginfo:si_signo=SIGBUS: si_errno=0, si_code=2 (BUS_ADRERR), si_addr=0x00007f3450aa9570

Registers:
RAX=0x00000000c8f2bfd8, RBX=0x00000000f1b3fe70, RCX=0x00007f3449e6f5c0, RDX=0x0000000000000000
RSP=0x00007f344a3e8808, RBP=0x00007f344a3e8850, RSI=0x00007f344a3e8840, RDI=0x00007f34882501d8
R8 =0x00000000f1b3a600, R9 =0x00000000f1b39080, R10=0x00007f34850d9164, R11=0x00000000f1b39080
R12=0x0000000000000000, R13=0x00000000f1b8a150, R14=0x00007f344a3e8840, R15=0x00007f3488250000
RIP=0x00007f3450aa9570, EFLAGS=0x0000000000010246, CSGSFS=0x0000000000000033, ERR=0x0000000000000014
  TRAPNO=0x000000000000000e

Top of Stack: (sp=0x00007f344a3e8808)
0x00007f344a3e8808:   00007f34850d91d6 00000000f1b89e18
0x00007f344a3e8818:   0000000000000000 0000000000000029
0x00007f344a3e8828:   00007f344a3e8870 00000000f1b3fce8
0x00007f344a3e8838:   00007f34850c1478 00000000f1b872a8
0x00007f344a3e8848:   415965ef40a00000 00000000f1b3a618
0x00007f344a3e8858:   00007f34850d94bc 00000000f1b4a3e8
0x00007f344a3e8868:   00000000f1b921b0 0000000000000029
0x00007f344a3e8878:   00007f3488250000 00000000f1b8a150
0x00007f344a3e8888:   00007f34850c4de0 00000000f1b8a150
0x00007f344a3e8898:   00000000f1b3fe70 000000003f800000
0x00007f344a3e88a8:   00007f3488250000 00007f344a3e88e0
0x00007f344a3e88b8:   00007f348f7cc96d 00000000f1b3fce8
0x00007f344a3e88c8:   00007f348ea59a9f 0000000000000c3e
0x00007f344a3e88d8:   00000000217f1c06 000000000000003d
0x00007f344a3e88e8:   00007f3485117788 00000000f1b8e538
0x00007f344a3e88f8:   00000000f1b8e538 0000032000000320
0x00007f344a3e8908:   0000000000000000 00000000f1b3eb78
0x00007f344a3e8918:   00000000f1b8e538 00000000f1b8e538
0x00007f344a3e8928:   0000000000000001 0000000000000007
0x00007f344a3e8938:   0000000000000000 0000000000000029
0x00007f344a3e8948:   0000000000000001 0000000000000000
0x00007f344a3e8958:   0000000000000000 00007f344a3e89c0
0x00007f344a3e8968:   00007f3485006058 00000000f1b8e538
0x00007f344a3e8978:   00000000f1b3eb78 00007f344a3e8980
0x00007f344a3e8988:   00000000c8ac85bb 00007f344a3e89d8
0x00007f344a3e8998:   00000000c8dee890 0000000000000000
0x00007f344a3e89a8:   00000000c8ac8620 00007f344a3e8978
0x00007f344a3e89b8:   00007f344a3e89d8 00007f344a3e8a40
0x00007f344a3e89c8:   00007f34850004e7 0000000000000000
0x00007f344a3e89d8:   00000000f1b39080 00007f3400001fa0
0x00007f344a3e89e8:   00007f344a3e8a80 00007f344a3e8ca0
0x00007f344a3e89f8:   00007f344a3e8bd0 00007f3488250000 

Instructions: (pc=0x00007f3450aa9570)
0x00007f3450aa9550:   
[error occurred during error reporting (printing registers, top of stack, instructions near pc), id 0x7]

Register to memory mapping:

RAX=0x00000000c8f2bfd8 is an oop
{instance class} 
 - klass: {other class}
RBX=0x00000000f1b3fe70 is an oop
com.masterchef.Game 
 - klass: 'com/masterchef/Game'
RCX=0x00007f3449e6f5c0: <offset 0xa5c0> in /usr/lib/x86_64-linux-gnu/libglapi.so.0 at 0x00007f3449e65000
RDX=0x0000000000000000 is an unknown value
RSP=0x00007f344a3e8808 is pointing into the stack for thread: 0x00007f3488250000
RBP=0x00007f344a3e8850 is pointing into the stack for thread: 0x00007f3488250000
RSI=0x00007f344a3e8840 is pointing into the stack for thread: 0x00007f3488250000
RDI=0x00007f34882501d8 is an unknown value
R8 =0x00000000f1b3a600 is an oop
org.lwjgl.opengl.GLContext$CapabilitiesCacheEntry 
 - klass: 'org/lwjgl/opengl/GLContext$CapabilitiesCacheEntry'
R9 =0x00000000f1b39080 is an oop
com.badlogic.gdx.backends.lwjgl.LwjglApplication$1 
 - klass: 'com/badlogic/gdx/backends/lwjgl/LwjglApplication$1'
R10=0x00007f34850d9164 is at entry_point+68 in (nmethod*)0x00007f34850d8f90
R11=0x00000000f1b39080 is an oop
com.badlogic.gdx.backends.lwjgl.LwjglApplication$1 
 - klass: 'com/badlogic/gdx/backends/lwjgl/LwjglApplication$1'
R12=0x0000000000000000 is an unknown value
R13=0x00000000f1b8a150 is an oop
com.badlogic.gdx.graphics.g2d.SpriteBatch 
 - klass: 'com/badlogic/gdx/graphics/g2d/SpriteBatch'
R14=0x00007f344a3e8840 is pointing into the stack for thread: 0x00007f3488250000
R15=0x00007f3488250000 is a thread


Stack: [0x00007f344a2e9000,0x00007f344a3ea000],  sp=0x00007f344a3e8808,  free space=1022k
Native frames: (J=compiled Java code, j=interpreted, Vv=VM code, C=native code)

[error occurred during error reporting (printing native stack), id 0x7]

Java frames: (J=compiled Java code, j=interpreted, Vv=VM code)
J  org.lwjgl.opengl.GL11.nglDepthMask(ZJ)V
J  com.badlogic.gdx.backends.lwjgl.LwjglGL10.glDepthMask(Z)V
J  com.masterchef.Game.render()V
J  com.badlogic.gdx.backends.lwjgl.LwjglApplication.mainLoop()V
j  com.badlogic.gdx.backends.lwjgl.LwjglApplication$1.run()V+27
v  ~StubRoutines::call_stub

---------------  P R O C E S S  ---------------

Java Threads: ( => current thread )
  0x00007f348800a000 JavaThread "DestroyJavaVM" [_thread_blocked, id=4541, stack(0x00007f348fd94000,0x00007f348fe95000)]
=>0x00007f3488250000 JavaThread "LWJGL Application" [_thread_in_native, id=4561, stack(0x00007f344a2e9000,0x00007f344a3ea000)]
  0x00007f3488210000 JavaThread "AWT-XAWT" daemon [_thread_in_native, id=4557, stack(0x00007f3450ecc000,0x00007f3450fcd000)]
  0x00007f34881e9800 JavaThread "Java2D Disposer" daemon [_thread_blocked, id=4556, stack(0x00007f3458005000,0x00007f3458106000)]
  0x00007f34880a2000 JavaThread "Service Thread" daemon [_thread_blocked, id=4553, stack(0x00007f3481d4e000,0x00007f3481e4f000)]
  0x00007f348809f800 JavaThread "C2 CompilerThread1" daemon [_thread_blocked, id=4552, stack(0x00007f3481e4f000,0x00007f3481f50000)]
  0x00007f348809c800 JavaThread "C2 CompilerThread0" daemon [_thread_blocked, id=4551, stack(0x00007f3481f50000,0x00007f3482051000)]
  0x00007f348809a800 JavaThread "Signal Dispatcher" daemon [_thread_blocked, id=4550, stack(0x00007f3482051000,0x00007f3482152000)]
  0x00007f3488077800 JavaThread "Finalizer" daemon [_thread_blocked, id=4549, stack(0x00007f3482834000,0x00007f3482935000)]
  0x00007f3488075800 JavaThread "Reference Handler" daemon [_thread_blocked, id=4548, stack(0x00007f3482935000,0x00007f3482a36000)]

Other Threads:
  0x00007f3488071000 VMThread [stack: 0x00007f3482a36000,0x00007f3482b37000] [id=4547]
  0x00007f34880ac800 WatcherThread [stack: 0x00007f3481c4d000,0x00007f3481d4e000] [id=4554]

VM state:not at safepoint (normal execution)

VM Mutex/Monitor currently owned by a thread: None

Heap
 PSYoungGen      total 13824K, used 8000K [0x00000000f0f00000, 0x00000000f2100000, 0x0000000100000000)
  eden space 12288K, 52% used [0x00000000f0f00000,0x00000000f1552090,0x00000000f1b00000)
  from space 1536K, 99% used [0x00000000f1b00000,0x00000000f1c7e260,0x00000000f1c80000)
  to   space 3072K, 0% used [0x00000000f1e00000,0x00000000f1e00000,0x00000000f2100000)
 ParOldGen       total 30720K, used 1271K [0x00000000d2e00000, 0x00000000d4c00000, 0x00000000f0f00000)
  object space 30720K, 4% used [0x00000000d2e00000,0x00000000d2f3ddb0,0x00000000d4c00000)
 PSPermGen       total 21504K, used 8299K [0x00000000c8800000, 0x00000000c9d00000, 0x00000000d2e00000)
  object space 21504K, 38% used [0x00000000c8800000,0x00000000c901afb0,0x00000000c9d00000)

Card table byte_map: [0x00007f348c85c000,0x00007f348ca19000] byte_map_base: 0x00007f348c218000

Polling page: 0x00007f348feb2000

Code Cache  [0x00007f3485000000, 0x00007f3485270000, 0x00007f3488000000)
 total_blobs=836 nmethods=343 adapters=448 free_code_cache=48052Kb largest_free_block=49168192

Compilation events (10 events):
Event: 225.451 Thread 0x00007f348809f800  338             com.badlogic.gdx.graphics.OrthographicCamera::update (164 bytes)
Event: 225.469 Thread 0x00007f348809f800 nmethod 338 0x00007f3485110290 code [0x00007f34851104a0, 0x00007f34851109f0]
Event: 245.885 Thread 0x00007f348809c800  339 % !         com.badlogic.gdx.backends.lwjgl.LwjglApplication::mainLoop @ 94 (820 bytes)
Event: 246.006 Thread 0x00007f348809c800 nmethod 339% 0x00007f3485117210 code [0x00007f3485117680, 0x00007f348511a1b0]
Event: 247.977 Thread 0x00007f348809f800  340             sun.awt.X11.XToolkit::getDisplay (4 bytes)
Event: 247.977 Thread 0x00007f348809f800 nmethod 340 0x00007f348510bf50 code [0x00007f348510c080, 0x00007f348510c0d8]
Event: 248.763 Thread 0x00007f348809c800  341             java.lang.Enum::ordinal (5 bytes)
Event: 248.764 Thread 0x00007f348809c800 nmethod 341 0x00007f348510f290 code [0x00007f348510f3c0, 0x00007f348510f418]
Event: 249.463 Thread 0x00007f348809f800  342             sun.util.logging.PlatformLogger$Level::intValue (9 bytes)
Event: 249.464 Thread 0x00007f348809f800 nmethod 342 0x00007f348510f050 code [0x00007f348510f180, 0x00007f348510f1f8]

GC Heap History (10 events):
Event: 1.194 GC heap before
{Heap before GC invocations=1 (full 0):
 PSYoungGen      total 13824K, used 12288K [0x00000000f0f00000, 0x00000000f1e00000, 0x0000000100000000)
  eden space 12288K, 100% used [0x00000000f0f00000,0x00000000f1b00000,0x00000000f1b00000)
  from space 1536K, 0% used [0x00000000f1c80000,0x00000000f1c80000,0x00000000f1e00000)
  to   space 1536K, 0% used [0x00000000f1b00000,0x00000000f1b00000,0x00000000f1c80000)
 ParOldGen       total 30720K, used 0K [0x00000000d2e00000, 0x00000000d4c00000, 0x00000000f0f00000)
  object space 30720K, 0% used [0x00000000d2e00000,0x00000000d2e00000,0x00000000d4c00000)
 PSPermGen       total 21504K, used 8085K [0x00000000c8800000, 0x00000000c9d00000, 0x00000000d2e00000)
  object space 21504K, 37% used [0x00000000c8800000,0x00000000c8fe56e8,0x00000000c9d00000)
Event: 1.201 GC heap after
Heap after GC invocations=1 (full 0):
 PSYoungGen      total 13824K, used 1528K [0x00000000f0f00000, 0x00000000f1e00000, 0x0000000100000000)
  eden space 12288K, 0% used [0x00000000f0f00000,0x00000000f0f00000,0x00000000f1b00000)
  from space 1536K, 99% used [0x00000000f1b00000,0x00000000f1c7e270,0x00000000f1c80000)
  to   space 1536K, 0% used [0x00000000f1c80000,0x00000000f1c80000,0x00000000f1e00000)
 ParOldGen       total 30720K, used 1148K [0x00000000d2e00000, 0x00000000d4c00000, 0x00000000f0f00000)
  object space 30720K, 3% used [0x00000000d2e00000,0x00000000d2f1f018,0x00000000d4c00000)
 PSPermGen       total 21504K, used 8085K [0x00000000c8800000, 0x00000000c9d00000, 0x00000000d2e00000)
  object space 21504K, 37% used [0x00000000c8800000,0x00000000c8fe56e8,0x00000000c9d00000)
}
Event: 45.875 GC heap before
{Heap before GC invocations=2 (full 0):
 PSYoungGen      total 13824K, used 13816K [0x00000000f0f00000, 0x00000000f1e00000, 0x0000000100000000)
  eden space 12288K, 100% used [0x00000000f0f00000,0x00000000f1b00000,0x00000000f1b00000)
  from space 1536K, 99% used [0x00000000f1b00000,0x00000000f1c7e270,0x00000000f1c80000)
  to   space 1536K, 0% used [0x00000000f1c80000,0x00000000f1c80000,0x00000000f1e00000)
 ParOldGen       total 30720K, used 1148K [0x00000000d2e00000, 0x00000000d4c00000, 0x00000000f0f00000)
  object space 30720K, 3% used [0x00000000d2e00000,0x00000000d2f1f018,0x00000000d4c00000)
 PSPermGen       total 21504K, used 8251K [0x00000000c8800000, 0x00000000c9d00000, 0x00000000d2e00000)
  object space 21504K, 38% used [0x00000000c8800000,0x00000000c900efd0,0x00000000c9d00000)
Event: 45.888 GC heap after
Heap after GC invocations=2 (full 0):
 PSYoungGen      total 13824K, used 1512K [0x00000000f0f00000, 0x00000000f1e00000, 0x0000000100000000)
  eden space 12288K, 0% used [0x00000000f0f00000,0x00000000f0f00000,0x00000000f1b00000)
  from space 1536K, 98% used [0x00000000f1c80000,0x00000000f1dfa270,0x00000000f1e00000)
  to   space 1536K, 0% used [0x00000000f1b00000,0x00000000f1b00000,0x00000000f1c80000)
 ParOldGen       total 30720K, used 1239K [0x00000000d2e00000, 0x00000000d4c00000, 0x00000000f0f00000)
  object space 30720K, 4% used [0x00000000d2e00000,0x00000000d2f35db0,0x00000000d4c00000)
 PSPermGen       total 21504K, used 8251K [0x00000000c8800000, 0x00000000c9d00000, 0x00000000d2e00000)
  object space 21504K, 38% used [0x00000000c8800000,0x00000000c900efd0,0x00000000c9d00000)
}
Event: 113.766 GC heap before
{Heap before GC invocations=3 (full 0):
 PSYoungGen      total 13824K, used 13800K [0x00000000f0f00000, 0x00000000f1e00000, 0x0000000100000000)
  eden space 12288K, 100% used [0x00000000f0f00000,0x00000000f1b00000,0x00000000f1b00000)
  from space 1536K, 98% used [0x00000000f1c80000,0x00000000f1dfa270,0x00000000f1e00000)
  to   space 1536K, 0% used [0x00000000f1b00000,0x00000000f1b00000,0x00000000f1c80000)
 ParOldGen       total 30720K, used 1239K [0x00000000d2e00000, 0x00000000d4c00000, 0x00000000f0f00000)
  object space 30720K, 4% used [0x00000000d2e00000,0x00000000d2f35db0,0x00000000d4c00000)
 PSPermGen       total 21504K, used 8291K [0x00000000c8800000, 0x00000000c9d00000, 0x00000000d2e00000)
  object space 21504K, 38% used [0x00000000c8800000,0x00000000c9018fa0,0x00000000c9d00000)
Event: 113.773 GC heap after
Heap after GC invocations=3 (full 0):
 PSYoungGen      total 13824K, used 1512K [0x00000000f0f00000, 0x00000000f1e00000, 0x0000000100000000)
  eden space 12288K, 0% used [0x00000000f0f00000,0x00000000f0f00000,0x00000000f1b00000)
  from space 1536K, 98% used [0x00000000f1b00000,0x00000000f1c7a270,0x00000000f1c80000)
  to   space 1536K, 0% used [0x00000000f1c80000,0x00000000f1c80000,0x00000000f1e00000)
 ParOldGen       total 30720K, used 1247K [0x00000000d2e00000, 0x00000000d4c00000, 0x00000000f0f00000)
  object space 30720K, 4% used [0x00000000d2e00000,0x00000000d2f37db0,0x00000000d4c00000)
 PSPermGen       total 21504K, used 8291K [0x00000000c8800000, 0x00000000c9d00000, 0x00000000d2e00000)
  object space 21504K, 38% used [0x00000000c8800000,0x00000000c9018fa0,0x00000000c9d00000)
}
Event: 181.577 GC heap before
{Heap before GC invocations=4 (full 0):
 PSYoungGen      total 13824K, used 13800K [0x00000000f0f00000, 0x00000000f1e00000, 0x0000000100000000)
  eden space 12288K, 100% used [0x00000000f0f00000,0x00000000f1b00000,0x00000000f1b00000)
  from space 1536K, 98% used [0x00000000f1b00000,0x00000000f1c7a270,0x00000000f1c80000)
  to   space 1536K, 0% used [0x00000000f1c80000,0x00000000f1c80000,0x00000000f1e00000)
 ParOldGen       total 30720K, used 1247K [0x00000000d2e00000, 0x00000000d4c00000, 0x00000000f0f00000)
  object space 30720K, 4% used [0x00000000d2e00000,0x00000000d2f37db0,0x00000000d4c00000)
 PSPermGen       total 21504K, used 8299K [0x00000000c8800000, 0x00000000c9d00000, 0x00000000d2e00000)
  object space 21504K, 38% used [0x00000000c8800000,0x00000000c901acd0,0x00000000c9d00000)
Event: 181.586 GC heap after
Heap after GC invocations=4 (full 0):
 PSYoungGen      total 13824K, used 1512K [0x00000000f0f00000, 0x00000000f1e00000, 0x0000000100000000)
  eden space 12288K, 0% used [0x00000000f0f00000,0x00000000f0f00000,0x00000000f1b00000)
  from space 1536K, 98% used [0x00000000f1c80000,0x00000000f1dfa270,0x00000000f1e00000)
  to   space 1536K, 0% used [0x00000000f1b00000,0x00000000f1b00000,0x00000000f1c80000)
 ParOldGen       total 30720K, used 1263K [0x00000000d2e00000, 0x00000000d4c00000, 0x00000000f0f00000)
  object space 30720K, 4% used [0x00000000d2e00000,0x00000000d2f3bdb0,0x00000000d4c00000)
 PSPermGen       total 21504K, used 8299K [0x00000000c8800000, 0x00000000c9d00000, 0x00000000d2e00000)
  object space 21504K, 38% used [0x00000000c8800000,0x00000000c901acd0,0x00000000c9d00000)
}
Event: 249.049 GC heap before
{Heap before GC invocations=5 (full 0):
 PSYoungGen      total 13824K, used 13800K [0x00000000f0f00000, 0x00000000f1e00000, 0x0000000100000000)
  eden space 12288K, 100% used [0x00000000f0f00000,0x00000000f1b00000,0x00000000f1b00000)
  from space 1536K, 98% used [0x00000000f1c80000,0x00000000f1dfa270,0x00000000f1e00000)
  to   space 1536K, 0% used [0x00000000f1b00000,0x00000000f1b00000,0x00000000f1c80000)
 ParOldGen       total 30720K, used 1263K [0x00000000d2e00000, 0x00000000d4c00000, 0x00000000f0f00000)
  object space 30720K, 4% used [0x00000000d2e00000,0x00000000d2f3bdb0,0x00000000d4c00000)
 PSPermGen       total 21504K, used 8299K [0x00000000c8800000, 0x00000000c9d00000, 0x00000000d2e00000)
  object space 21504K, 38% used [0x00000000c8800000,0x00000000c901afb0,0x00000000c9d00000)
Event: 249.061 GC heap after
Heap after GC invocations=5 (full 0):
 PSYoungGen      total 13824K, used 1528K [0x00000000f0f00000, 0x00000000f2100000, 0x0000000100000000)
  eden space 12288K, 0% used [0x00000000f0f00000,0x00000000f0f00000,0x00000000f1b00000)
  from space 1536K, 99% used [0x00000000f1b00000,0x00000000f1c7e260,0x00000000f1c80000)
  to   space 3072K, 0% used [0x00000000f1e00000,0x00000000f1e00000,0x00000000f2100000)
 ParOldGen       total 30720K, used 1271K [0x00000000d2e00000, 0x00000000d4c00000, 0x00000000f0f00000)
  object space 30720K, 4% used [0x00000000d2e00000,0x00000000d2f3ddb0,0x00000000d4c00000)
 PSPermGen       total 21504K, used 8299K [0x00000000c8800000, 0x00000000c9d00000, 0x00000000d2e00000)
  object space 21504K, 38% used [0x00000000c8800000,0x00000000c901afb0,0x00000000c9d00000)
}

Deoptimization events (2 events):
Event: 44.790 Thread 0x00007f3488250000 Uncommon trap: reason=unreached action=reinterpret pc=0x00007f34850afbf0 method=com.badlogic.gdx.utils.Array$ArrayIterable.iterator()Ljava/util/Iterator; @ 4
Event: 60.545 Thread 0x0000000001865800 Uncommon trap: reason=unreached action=reinterpret pc=0x00007f34850c8928 method=java.util.concurrent.locks.AbstractQueuedSynchronizer.release(I)Z @ 14

Internal exceptions (10 events):
Event: 1.695 Thread 0x00007f3488250000 Threw 0x00000000f12cbe40 at /build/buildd/openjdk-7-7u51-2.4.4/build/openjdk/hotspot/src/share/vm/prims/jvm.cpp:1244
Event: 1.696 Thread 0x00007f3488250000 Threw 0x00000000f12d1158 at /build/buildd/openjdk-7-7u51-2.4.4/build/openjdk/hotspot/src/share/vm/prims/jvm.cpp:1244
Event: 1.696 Thread 0x00007f3488250000 Threw 0x00000000f12d5dd0 at /build/buildd/openjdk-7-7u51-2.4.4/build/openjdk/hotspot/src/share/vm/prims/jvm.cpp:1244
Event: 1.697 Thread 0x00007f3488250000 Threw 0x00000000f12db2c0 at /build/buildd/openjdk-7-7u51-2.4.4/build/openjdk/hotspot/src/share/vm/prims/jvm.cpp:1244
Event: 1.701 Thread 0x00007f3488250000 Threw 0x00000000f12e7f30 at /build/buildd/openjdk-7-7u51-2.4.4/build/openjdk/hotspot/src/share/vm/prims/jvm.cpp:1244
Event: 1.702 Thread 0x00007f3488250000 Threw 0x00000000f12ec8e8 at /build/buildd/openjdk-7-7u51-2.4.4/build/openjdk/hotspot/src/share/vm/prims/jvm.cpp:1244
Event: 4.178 Thread 0x00007f3488250000 Threw 0x00000000f13663c0 at /build/buildd/openjdk-7-7u51-2.4.4/build/openjdk/hotspot/src/share/vm/prims/jvm.cpp:1244
Event: 4.181 Thread 0x00007f3488250000 Threw 0x00000000f1374760 at /build/buildd/openjdk-7-7u51-2.4.4/build/openjdk/hotspot/src/share/vm/prims/jvm.cpp:1244
Event: 44.790 Thread 0x00007f3488250000 Implicit null exception at 0x00007f34850afb80 to 0x00007f34850afbdd
Event: 60.545 Thread 0x0000000001865800 Implicit null exception at 0x00007f34850c8838 to 0x00007f34850c8915

Events (10 events):
Event: 60.545 Thread 0x0000000001865800 DEOPT UNPACKING pc=0x00007f3485039045 sp=0x00007f34500a7730 mode 2
Event: 60.545 Thread 0x0000000001865800 Thread exited: 0x0000000001865800
Event: 85.384 loading class 0x00007f348c30b1d0
Event: 85.384 loading class 0x00007f348c30b1d0 done
Event: 113.766 Executing VM operation: ParallelGCFailedAllocation
Event: 113.773 Executing VM operation: ParallelGCFailedAllocation done
Event: 181.577 Executing VM operation: ParallelGCFailedAllocation
Event: 181.586 Executing VM operation: ParallelGCFailedAllocation done
Event: 249.049 Executing VM operation: ParallelGCFailedAllocation
Event: 249.061 Executing VM operation: ParallelGCFailedAllocation done


Dynamic libraries:
00400000-00401000 r-xp 00000000 08:01 4071200                            /usr/lib/jvm/java-7-openjdk-amd64/jre/bin/java
00600000-00601000 r--p 00000000 08:01 4071200                            /usr/lib/jvm/java-7-openjdk-amd64/jre/bin/java
00601000-00602000 rw-p 00001000 08:01 4071200                            /usr/lib/jvm/java-7-openjdk-amd64/jre/bin/java
01847000-02321000 rw-p 00000000 00:00 0                                  [heap]
c8800000-c9d00000 rw-p 00000000 00:00 0 
c9d00000-d2e00000 rw-p 00000000 00:00 0 
d2e00000-d4c00000 rw-p 00000000 00:00 0 
d4c00000-f0f00000 rw-p 00000000 00:00 0 
f0f00000-f2100000 rw-p 00000000 00:00 0 
f2100000-100000000 rw-p 00000000 00:00 0 
7f3430000000-7f3430021000 rw-p 00000000 00:00 0 
7f3430021000-7f3434000000 ---p 00000000 00:00 0 
7f3435600000-7f3435c00000 rw-s 118c16000 00:05 2035                      /dev/dri/card0
7f3435c00000-7f3436200000 rw-s 118616000 00:05 2035                      /dev/dri/card0
7f3436200000-7f3436800000 rw-s 10e31a000 00:05 2035                      /dev/dri/card0
7f3436800000-7f3436e00000 rw-s 10dd1a000 00:05 2035                      /dev/dri/card0
7f3436e00000-7f3437400000 rw-s 10d71a000 00:05 2035                      /dev/dri/card0
7f3437400000-7f3437a00000 rw-s 10d10e000 00:05 2035                      /dev/dri/card0
7f3437a00000-7f3438000000 rw-s 10cb0e000 00:05 2035                      /dev/dri/card0
7f3438000000-7f3438021000 rw-p 00000000 00:00 0 
7f3438021000-7f343c000000 ---p 00000000 00:00 0 
7f343c13a000-7f343c73a000 rw-s 10c50e000 00:05 2035                      /dev/dri/card0
7f343c73a000-7f343cd3a000 rw-s 10bf08000 00:05 2035                      /dev/dri/card0
7f343cd3a000-7f343d33a000 rw-s 10b8f0000 00:05 2035                      /dev/dri/card0
7f343d33a000-7f343d93a000 rw-s 10b2f0000 00:05 2035                      /dev/dri/card0
7f343d93a000-7f343df3a000 rw-s 10acde000 00:05 2035                      /dev/dri/card0
7f343df3a000-7f343e53a000 rw-s 10a6de000 00:05 2035                      /dev/dri/card0
7f343e53a000-7f343eb3a000 rw-s 10a0de000 00:05 2035                      /dev/dri/card0
7f343eb3a000-7f343f13a000 rw-s 109ade000 00:05 2035                      /dev/dri/card0
7f343f13a000-7f343ffff000 rw-p 00000000 00:00 0 
7f343ffff000-7f3444000000 rw-s 00000000 00:13 46325                      /run/shm/pulse-shm-3850077320
7f3444000000-7f3444021000 rw-p 00000000 00:00 0 
7f3444021000-7f3448000000 ---p 00000000 00:00 0 
7f344808b000-7f344820b000 rw-s 10471b000 00:05 2035                      /dev/dri/card0
7f344820b000-7f344838b000 rw-s 10459b000 00:05 2035                      /dev/dri/card0
7f344838b000-7f3448619000 rw-p 00000000 00:00 0 
7f3448619000-7f344864b000 r-xp 00000000 08:01 2499209                    /usr/lib/x86_64-linux-gnu/libtxc_dxtn_s2tc.so.0.0.0
7f344864b000-7f344884a000 ---p 00032000 08:01 2499209                    /usr/lib/x86_64-linux-gnu/libtxc_dxtn_s2tc.so.0.0.0
7f344884a000-7f344884b000 r--p 00031000 08:01 2499209                    /usr/lib/x86_64-linux-gnu/libtxc_dxtn_s2tc.so.0.0.0
7f344884b000-7f344884c000 rw-p 00032000 08:01 2499209                    /usr/lib/x86_64-linux-gnu/libtxc_dxtn_s2tc.so.0.0.0
7f344884c000-7f34488c0000 rw-p 00000000 00:00 0 
7f344894a000-7f3448952000 r-xp 00000000 08:01 2499051                    /usr/lib/x86_64-linux-gnu/libpciaccess.so.0.11.1
7f3448952000-7f3448b51000 ---p 00008000 08:01 2499051                    /usr/lib/x86_64-linux-gnu/libpciaccess.so.0.11.1
7f3448b51000-7f3448b52000 r--p 00007000 08:01 2499051                    /usr/lib/x86_64-linux-gnu/libpciaccess.so.0.11.1
7f3448b52000-7f3448b53000 rw-p 00008000 08:01 2499051                    /usr/lib/x86_64-linux-gnu/libpciaccess.so.0.11.1
7f3448b53000-7f3448b72000 r-xp 00000000 08:01 2494856                    /usr/lib/x86_64-linux-gnu/libdrm_intel.so.1.0.0
7f3448b72000-7f3448d71000 ---p 0001f000 08:01 2494856                    /usr/lib/x86_64-linux-gnu/libdrm_intel.so.1.0.0
7f3448d71000-7f3448d72000 r--p 0001e000 08:01 2494856                    /usr/lib/x86_64-linux-gnu/libdrm_intel.so.1.0.0
7f3448d72000-7f3448d73000 rw-p 0001f000 08:01 2494856                    /usr/lib/x86_64-linux-gnu/libdrm_intel.so.1.0.0
7f3448d73000-7f3449131000 r-xp 00000000 08:01 2498568                    /usr/lib/x86_64-linux-gnu/libdricore9.2.1.so.1.0.0
7f3449131000-7f3449330000 ---p 003be000 08:01 2498568                    /usr/lib/x86_64-linux-gnu/libdricore9.2.1.so.1.0.0
7f3449330000-7f3449340000 r--p 003bd000 08:01 2498568                    /usr/lib/x86_64-linux-gnu/libdricore9.2.1.so.1.0.0
7f3449340000-7f3449348000 rw-p 003cd000 08:01 2498568                    /usr/lib/x86_64-linux-gnu/libdricore9.2.1.so.1.0.0
7f3449348000-7f3449360000 rw-p 00000000 00:00 0 
7f3449360000-7f3449435000 r-xp 00000000 08:01 2754990                    /usr/lib/x86_64-linux-gnu/dri/i965_dri.so
7f3449435000-7f3449635000 ---p 000d5000 08:01 2754990                    /usr/lib/x86_64-linux-gnu/dri/i965_dri.so
7f3449635000-7f3449638000 r--p 000d5000 08:01 2754990                    /usr/lib/x86_64-linux-gnu/dri/i965_dri.so
7f3449638000-7f344963a000 rw-p 000d8000 08:01 2754990                    /usr/lib/x86_64-linux-gnu/dri/i965_dri.so
7f344963a000-7f344963b000 rw-p 00000000 00:00 0 
7f344963b000-7f3449646000 r-xp 00000000 08:01 2494625                    /usr/lib/x86_64-linux-gnu/libdrm.so.2.4.0
7f3449646000-7f3449845000 ---p 0000b000 08:01 2494625                    /usr/lib/x86_64-linux-gnu/libdrm.so.2.4.0
7f3449845000-7f3449846000 r--p 0000a000 08:01 2494625                    /usr/lib/x86_64-linux-gnu/libdrm.so.2.4.0
7f3449846000-7f3449847000 rw-p 0000b000 08:01 2494625                    /usr/lib/x86_64-linux-gnu/libdrm.so.2.4.0
7f3449847000-7f344984a000 r-xp 00000000 08:01 2499282                    /usr/lib/x86_64-linux-gnu/libxcb-dri2.so.0.0.0
7f344984a000-7f3449a4a000 ---p 00003000 08:01 2499282                    /usr/lib/x86_64-linux-gnu/libxcb-dri2.so.0.0.0
7f3449a4a000-7f3449a4b000 r--p 00003000 08:01 2499282                    /usr/lib/x86_64-linux-gnu/libxcb-dri2.so.0.0.0
7f3449a4b000-7f3449a4c000 rw-p 00004000 08:01 2499282                    /usr/lib/x86_64-linux-gnu/libxcb-dri2.so.0.0.0
7f3449a4c000-7f3449a61000 r-xp 00000000 08:01 2499284                    /usr/lib/x86_64-linux-gnu/libxcb-glx.so.0.0.0
7f3449a61000-7f3449c60000 ---p 00015000 08:01 2499284                    /usr/lib/x86_64-linux-gnu/libxcb-glx.so.0.0.0
7f3449c60000-7f3449c62000 r--p 00014000 08:01 2499284                    /usr/lib/x86_64-linux-gnu/libxcb-glx.so.0.0.0
7f3449c62000-7f3449c63000 rw-p 00016000 08:01 2499284                    /usr/lib/x86_64-linux-gnu/libxcb-glx.so.0.0.0
7f3449c63000-7f3449c64000 r-xp 00000000 08:01 2498350                    /usr/lib/x86_64-linux-gnu/libX11-xcb.so.1.0.0
7f3449c64000-7f3449e63000 ---p 00001000 08:01 2498350                    /usr/lib/x86_64-linux-gnu/libX11-xcb.so.1.0.0
7f3449e63000-7f3449e64000 r--p 00000000 08:01 2498350                    /usr/lib/x86_64-linux-gnu/libX11-xcb.so.1.0.0
7f3449e64000-7f3449e65000 rw-p 00001000 08:01 2498350                    /usr/lib/x86_64-linux-gnu/libX11-xcb.so.1.0.0
7f3449e65000-7f3449e86000 r-xp 00000000 08:01 2498711                    /usr/lib/x86_64-linux-gnu/libglapi.so.0.0.0
7f3449e86000-7f344a086000 ---p 00021000 08:01 2498711                    /usr/lib/x86_64-linux-gnu/libglapi.so.0.0.0
7f344a086000-7f344a089000 r--p 00021000 08:01 2498711                    /usr/lib/x86_64-linux-gnu/libglapi.so.0.0.0
7f344a089000-7f344a08a000 rw-p 00024000 08:01 2498711                    /usr/lib/x86_64-linux-gnu/libglapi.so.0.0.0
7f344a08a000-7f344a08b000 rw-p 00000000 00:00 0 
7f344a08b000-7f344a0e5000 r-xp 00000000 08:01 2884213                    /usr/lib/x86_64-linux-gnu/mesa/libGL.so.1.2.0
7f344a0e5000-7f344a2e5000 ---p 0005a000 08:01 2884213                    /usr/lib/x86_64-linux-gnu/mesa/libGL.so.1.2.0
7f344a2e5000-7f344a2e7000 r--p 0005a000 08:01 2884213                    /usr/lib/x86_64-linux-gnu/mesa/libGL.so.1.2.0
7f344a2e7000-7f344a2e8000 rw-p 0005c000 08:01 2884213                    /usr/lib/x86_64-linux-gnu/mesa/libGL.so.1.2.0
7f344a2e8000-7f344a2e9000 rw-p 00000000 00:00 0 
7f344a2e9000-7f344a2ec000 ---p 00000000 00:00 0 
7f344a2ec000-7f344a3ea000 rw-p 00000000 00:00 0                          [stack:4561]
7f344a3ea000-7f344a3eb000 ---p 00000000 00:00 0 
7f344a3eb000-7f344abeb000 rw-p 00000000 00:00 0                          [stack:4559]
7f344abeb000-7f344abf2000 r-xp 00000000 08:01 2499019                    /usr/lib/x86_64-linux-gnu/libogg.so.0.8.1
7f344abf2000-7f344adf2000 ---p 00007000 08:01 2499019                    /usr/lib/x86_64-linux-gnu/libogg.so.0.8.1
7f344adf2000-7f344adf3000 r--p 00007000 08:01 2499019                    /usr/lib/x86_64-linux-gnu/libogg.so.0.8.1
7f344adf3000-7f344adf4000 rw-p 00008000 08:01 2499019                    /usr/lib/x86_64-linux-gnu/libogg.so.0.8.1
7f344adf4000-7f344ae1f000 r-xp 00000000 08:01 2499250                    /usr/lib/x86_64-linux-gnu/libvorbis.so.0.4.5
7f344ae1f000-7f344b01f000 ---p 0002b000 08:01 2499250                    /usr/lib/x86_64-linux-gnu/libvorbis.so.0.4.5
7f344b01f000-7f344b020000 r--p 0002b000 08:01 2499250                    /usr/lib/x86_64-linux-gnu/libvorbis.so.0.4.5
7f344b020000-7f344b021000 rw-p 0002c000 08:01 2499250                    /usr/lib/x86_64-linux-gnu/libvorbis.so.0.4.5
7f344b021000-7f344b2d4000 r-xp 00000000 08:01 2499252                    /usr/lib/x86_64-linux-gnu/libvorbisenc.so.2.0.8
7f344b2d4000-7f344b4d3000 ---p 002b3000 08:01 2499252                    /usr/lib/x86_64-linux-gnu/libvorbisenc.so.2.0.8
7f344b4d3000-7f344b4ef000 r--p 002b2000 08:01 2499252                    /usr/lib/x86_64-linux-gnu/libvorbisenc.so.2.0.8
7f344b4ef000-7f344b4f0000 rw-p 002ce000 08:01 2499252                    /usr/lib/x86_64-linux-gnu/libvorbisenc.so.2.0.8
7f344b4f0000-7f344b51f000 r-xp 00000000 08:01 2498217                    /usr/lib/x86_64-linux-gnu/libFLAC.so.8.3.0
7f344b51f000-7f344b71f000 ---p 0002f000 08:01 2498217                    /usr/lib/x86_64-linux-gnu/libFLAC.so.8.3.0
7f344b71f000-7f344b720000 r--p 0002f000 08:01 2498217                    /usr/lib/x86_64-linux-gnu/libFLAC.so.8.3.0
7f344b720000-7f344b721000 rw-p 00030000 08:01 2498217                    /usr/lib/x86_64-linux-gnu/libFLAC.so.8.3.0
7f344b721000-7f344b726000 r-xp 00000000 08:01 2498434                    /usr/lib/x86_64-linux-gnu/libasyncns.so.0.3.1
7f344b726000-7f344b925000 ---p 00005000 08:01 2498434                    /usr/lib/x86_64-linux-gnu/libasyncns.so.0.3.1
7f344b925000-7f344b926000 r--p 00004000 08:01 2498434                    /usr/lib/x86_64-linux-gnu/libasyncns.so.0.3.1
7f344b926000-7f344b927000 rw-p 00005000 08:01 2498434                    /usr/lib/x86_64-linux-gnu/libasyncns.so.0.3.1
7f344b927000-7f344b988000 r-xp 00000000 08:01 2499145                    /usr/lib/x86_64-linux-gnu/libsndfile.so.1.0.25
7f344b988000-7f344bb88000 ---p 00061000 08:01 2499145                    /usr/lib/x86_64-linux-gnu/libsndfile.so.1.0.25
7f344bb88000-7f344bb8a000 r--p 00061000 08:01 2499145                    /usr/lib/x86_64-linux-gnu/libsndfile.so.1.0.25
7f344bb8a000-7f344bb8b000 rw-p 00063000 08:01 2499145                    /usr/lib/x86_64-linux-gnu/libsndfile.so.1.0.25
7f344bb8b000-7f344bb8f000 rw-p 00000000 00:00 0 
7f344bb8f000-7f344bb97000 r-xp 00000000 08:01 5509135                    /lib/x86_64-linux-gnu/libwrap.so.0.7.6
7f344bb97000-7f344bd97000 ---p 00008000 08:01 5509135                    /lib/x86_64-linux-gnu/libwrap.so.0.7.6
7f344bd97000-7f344bd98000 r--p 00008000 08:01 5509135                    /lib/x86_64-linux-gnu/libwrap.so.0.7.6
7f344bd98000-7f344bd99000 rw-p 00009000 08:01 5509135                    /lib/x86_64-linux-gnu/libwrap.so.0.7.6
7f344bd99000-7f344bdff000 r-xp 00000000 08:01 2884270                    /usr/lib/x86_64-linux-gnu/pulseaudio/libpulsecommon-4.0.so
7f344bdff000-7f344bffe000 ---p 00066000 08:01 2884270                    /usr/lib/x86_64-linux-gnu/pulseaudio/libpulsecommon-4.0.so
7f344bffe000-7f344bfff000 r--p 00065000 08:01 2884270                    /usr/lib/x86_64-linux-gnu/pulseaudio/libpulsecommon-4.0.so
7f344bfff000-7f344c000000 rw-p 00066000 08:01 2884270                    /usr/lib/x86_64-linux-gnu/pulseaudio/libpulsecommon-4.0.so
7f344c000000-7f344c021000 rw-p 00000000 00:00 0 
7f344c021000-7f3450000000 ---p 00000000 00:00 0 
7f3450058000-7f345005e000 rw-s 119216000 00:05 2035                      /dev/dri/card0
7f345005e000-7f3450064000 rw-s 10d714000 00:05 2035                      /dev/dri/card0
7f3450064000-7f345006a000 rw-s 10d70e000 00:05 2035                      /dev/dri/card0
7f345006a000-7f3450070000 rw-s 10c508000 00:05 2035                      /dev/dri/card0
7f3450070000-7f3450073000 ---p 00000000 00:00 0 
7f3450073000-7f34500a9000 rw-p 00000000 00:00 0 
7f34500a9000-7f34500aa000 ---p 00000000 00:00 0 
7f34500aa000-7f34501aa000 rw-p 00000000 00:00 0                          [stack:4560]
7f34501aa000-7f34501b3000 r-xp 00000000 08:01 5509020                    /lib/x86_64-linux-gnu/libjson-c.so.2.0.1
7f34501b3000-7f34503b2000 ---p 00009000 08:01 5509020                    /lib/x86_64-linux-gnu/libjson-c.so.2.0.1
7f34503b2000-7f34503b3000 r--p 00008000 08:01 5509020                    /lib/x86_64-linux-gnu/libjson-c.so.2.0.1
7f34503b3000-7f34503b4000 rw-p 00009000 08:01 5509020                    /lib/x86_64-linux-gnu/libjson-c.so.2.0.1
7f34503b4000-7f34503fb000 r-xp 00000000 08:01 2499082                    /usr/lib/x86_64-linux-gnu/libpulse.so.0.16.2
7f34503fb000-7f34505fb000 ---p 00047000 08:01 2499082                    /usr/lib/x86_64-linux-gnu/libpulse.so.0.16.2
7f34505fb000-7f34505fc000 r--p 00047000 08:01 2499082                    /usr/lib/x86_64-linux-gnu/libpulse.so.0.16.2
7f34505fc000-7f34505fd000 rw-p 00048000 08:01 2499082                    /usr/lib/x86_64-linux-gnu/libpulse.so.0.16.2
7f34505fd000-7f3450652000 r-xp 00000000 08:01 5242908                    /tmp/libgdxroot/7b43be9b/libopenal64.so (deleted)
7f3450652000-7f3450851000 ---p 00055000 08:01 5242908                    /tmp/libgdxroot/7b43be9b/libopenal64.so (deleted)
7f3450851000-7f3450854000 r--p 00054000 08:01 5242908                    /tmp/libgdxroot/7b43be9b/libopenal64.so (deleted)
7f3450854000-7f3450855000 rw-p 00057000 08:01 5242908                    /tmp/libgdxroot/7b43be9b/libopenal64.so (deleted)
7f3450855000-7f3450856000 rw-p 00000000 00:00 0 
7f3450856000-7f345085a000 r-xp 00000000 08:01 2498401                    /usr/lib/x86_64-linux-gnu/libXxf86vm.so.1.0.0
7f345085a000-7f3450a5a000 ---p 00004000 08:01 2498401                    /usr/lib/x86_64-linux-gnu/libXxf86vm.so.1.0.0
7f3450a5a000-7f3450a5b000 r--p 00004000 08:01 2498401                    /usr/lib/x86_64-linux-gnu/libXxf86vm.so.1.0.0
7f3450a5b000-7f3450a5c000 rw-p 00005000 08:01 2498401                    /usr/lib/x86_64-linux-gnu/libXxf86vm.so.1.0.0
7f3450a5c000-7f3450ac8000 r-xp 00000000 08:01 5242907                    /tmp/libgdxroot/7b43be9b/liblwjgl64.so (deleted)
7f3450ac8000-7f3450cc7000 ---p 0006c000 08:01 5242907                    /tmp/libgdxroot/7b43be9b/liblwjgl64.so (deleted)
7f3450cc7000-7f3450cc9000 r--p 0006b000 08:01 5242907                    /tmp/libgdxroot/7b43be9b/liblwjgl64.so (deleted)
7f3450cc9000-7f3450cca000 rw-p 0006d000 08:01 5242907                    /tmp/libgdxroot/7b43be9b/liblwjgl64.so (deleted)
7f3450cca000-7f3450ccb000 r-xp 00000000 08:01 4071135                    /usr/lib/jvm/java-7-openjdk-amd64/jre/lib/amd64/libjawt.so
7f3450ccb000-7f3450eca000 ---p 00001000 08:01 4071135                    /usr/lib/jvm/java-7-openjdk-amd64/jre/lib/amd64/libjawt.so
7f3450eca000-7f3450ecb000 r--p 00000000 08:01 4071135                    /usr/lib/jvm/java-7-openjdk-amd64/jre/lib/amd64/libjawt.so
7f3450ecb000-7f3450ecc000 rw-p 00001000 08:01 4071135                    /usr/lib/jvm/java-7-openjdk-amd64/jre/lib/amd64/libjawt.so
7f3450ecc000-7f3450ecf000 ---p 00000000 00:00 0 
7f3450ecf000-7f3450fcd000 rw-p 00000000 00:00 0                          [stack:4557]
7f3450fcd000-7f3450fd1000 r-xp 00000000 08:01 5509011                    /lib/x86_64-linux-gnu/libgpg-error.so.0.10.0
7f3450fd1000-7f34511d0000 ---p 00004000 08:01 5509011                    /lib/x86_64-linux-gnu/libgpg-error.so.0.10.0
7f34511d0000-7f34511d1000 r--p 00003000 08:01 5509011                    /lib/x86_64-linux-gnu/libgpg-error.so.0.10.0
7f34511d1000-7f34511d2000 rw-p 00004000 08:01 5509011                    /lib/x86_64-linux-gnu/libgpg-error.so.0.10.0
7f34511d2000-7f34511d4000 r-xp 00000000 08:01 5509023                    /lib/x86_64-linux-gnu/libkeyutils.so.1.4
7f34511d4000-7f34513d4000 ---p 00002000 08:01 5509023                    /lib/x86_64-linux-gnu/libkeyutils.so.1.4
7f34513d4000-7f34513d5000 r--p 00002000 08:01 5509023                    /lib/x86_64-linux-gnu/libkeyutils.so.1.4
7f34513d5000-7f34513d6000 rw-p 00003000 08:01 5509023                    /lib/x86_64-linux-gnu/libkeyutils.so.1.4
7f34513d6000-7f34513ee000 r-xp 00000000 08:01 2498753                    /usr/lib/x86_64-linux-gnu/libgraphite2.so.3.0.1
7f34513ee000-7f34515ed000 ---p 00018000 08:01 2498753                    /usr/lib/x86_64-linux-gnu/libgraphite2.so.3.0.1
7f34515ed000-7f34515ef000 r--p 00017000 08:01 2498753                    /usr/lib/x86_64-linux-gnu/libgraphite2.so.3.0.1
7f34515ef000-7f34515f0000 rw-p 00019000 08:01 2498753                    /usr/lib/x86_64-linux-gnu/libgraphite2.so.3.0.1
7f34515f0000-7f3451634000 r-xp 00000000 08:01 5508992                    /lib/x86_64-linux-gnu/libdbus-1.so.3.7.4
7f3451634000-7f3451833000 ---p 00044000 08:01 5508992                    /lib/x86_64-linux-gnu/libdbus-1.so.3.7.4
7f3451833000-7f3451834000 r--p 00043000 08:01 5508992                    /lib/x86_64-linux-gnu/libdbus-1.so.3.7.4
7f3451834000-7f3451835000 rw-p 00044000 08:01 5508992                    /lib/x86_64-linux-gnu/libdbus-1.so.3.7.4
7f3451835000-7f3451853000 r-xp 00000000 08:01 2499027                    /usr/lib/x86_64-linux-gnu/libp11-kit.so.0.0.0
7f3451853000-7f3451a52000 ---p 0001e000 08:01 2499027                    /usr/lib/x86_64-linux-gnu/libp11-kit.so.0.0.0
7f3451a52000-7f3451a54000 r--p 0001d000 08:01 2499027                    /usr/lib/x86_64-linux-gnu/libp11-kit.so.0.0.0
7f3451a54000-7f3451a55000 rw-p 0001f000 08:01 2499027                    /usr/lib/x86_64-linux-gnu/libp11-kit.so.0.0.0
7f3451a55000-7f3451a65000 r-xp 00000000 08:01 2499181                    /usr/lib/x86_64-linux-gnu/libtasn1.so.3.2.0
7f3451a65000-7f3451c64000 ---p 00010000 08:01 2499181                    /usr/lib/x86_64-linux-gnu/libtasn1.so.3.2.0
7f3451c64000-7f3451c65000 r--p 0000f000 08:01 2499181                    /usr/lib/x86_64-linux-gnu/libtasn1.so.3.2.0
7f3451c65000-7f3451c66000 rw-p 00010000 08:01 2499181                    /usr/lib/x86_64-linux-gnu/libtasn1.so.3.2.0
7f3451c66000-7f3451ce0000 r-xp 00000000 08:01 5509007                    /lib/x86_64-linux-gnu/libgcrypt.so.11.7.0
7f3451ce0000-7f3451ee0000 ---p 0007a000 08:01 5509007                    /lib/x86_64-linux-gnu/libgcrypt.so.11.7.0
7f3451ee0000-7f3451ee1000 r--p 0007a000 08:01 5509007                    /lib/x86_64-linux-gnu/libgcrypt.so.11.7.0
7f3451ee1000-7f3451ee4000 rw-p 0007b000 08:01 5509007                    /lib/x86_64-linux-gnu/libgcrypt.so.11.7.0
7f3451ee4000-7f3451eeb000 r-xp 00000000 08:01 2498926                    /usr/lib/x86_64-linux-gnu/libkrb5support.so.0.1
7f3451eeb000-7f34520ea000 ---p 00007000 08:01 2498926                    /usr/lib/x86_64-linux-gnu/libkrb5support.so.0.1
7f34520ea000-7f34520eb000 r--p 00006000 08:01 2498926                    /usr/lib/x86_64-linux-gnu/libkrb5support.so.0.1
7f34520eb000-7f34520ec000 rw-p 00007000 08:01 2498926                    /usr/lib/x86_64-linux-gnu/libkrb5support.so.0.1
7f34520ec000-7f34520ef000 r-xp 00000000 08:01 5508987                    /lib/x86_64-linux-gnu/libcom_err.so.2.1
7f34520ef000-7f34522ee000 ---p 00003000 08:01 5508987                    /lib/x86_64-linux-gnu/libcom_err.so.2.1
7f34522ee000-7f34522ef000 r--p 00002000 08:01 5508987                    /lib/x86_64-linux-gnu/libcom_err.so.2.1
7f34522ef000-7f34522f0000 rw-p 00003000 08:01 5508987                    /lib/x86_64-linux-gnu/libcom_err.so.2.1
7f34522f0000-7f3452316000 r-xp 00000000 08:01 2498920                    /usr/lib/x86_64-linux-gnu/libk5crypto.so.3.1
7f3452316000-7f3452515000 ---p 00026000 08:01 2498920                    /usr/lib/x86_64-linux-gnu/libk5crypto.so.3.1
7f3452515000-7f3452516000 r--p 00025000 08:01 2498920                    /usr/lib/x86_64-linux-gnu/libk5crypto.so.3.1
7f3452516000-7f3452517000 rw-p 00026000 08:01 2498920                    /usr/lib/x86_64-linux-gnu/libk5crypto.so.3.1
7f3452517000-7f3452518000 rw-p 00000000 00:00 0 
7f3452518000-7f34525dd000 r-xp 00000000 08:01 2498924                    /usr/lib/x86_64-linux-gnu/libkrb5.so.3.3
7f34525dd000-7f34527dc000 ---p 000c5000 08:01 2498924                    /usr/lib/x86_64-linux-gnu/libkrb5.so.3.3
7f34527dc000-7f34527e6000 r--p 000c4000 08:01 2498924                    /usr/lib/x86_64-linux-gnu/libkrb5.so.3.3
7f34527e6000-7f34527e7000 rw-p 000ce000 08:01 2498924                    /usr/lib/x86_64-linux-gnu/libkrb5.so.3.3
7f34527e7000-7f34527ed000 r-xp 00000000 08:01 2498545                    /usr/lib/x86_64-linux-gnu/libdatrie.so.1.2.0
7f34527ed000-7f34529ec000 ---p 00006000 08:01 2498545                    /usr/lib/x86_64-linux-gnu/libdatrie.so.1.2.0
7f34529ec000-7f34529ed000 r--p 00005000 08:01 2498545                    /usr/lib/x86_64-linux-gnu/libdatrie.so.1.2.0
7f34529ed000-7f34529ee000 rw-p 00006000 08:01 2498545                    /usr/lib/x86_64-linux-gnu/libdatrie.so.1.2.0
7f34529ee000-7f3452a3e000 r-xp 00000000 08:01 2498861                    /usr/lib/x86_64-linux-gnu/libharfbuzz.so.0.919.0
7f3452a3e000-7f3452c3e000 ---p 00050000 08:01 2498861                    /usr/lib/x86_64-linux-gnu/libharfbuzz.so.0.919.0
7f3452c3e000-7f3452c3f000 r--p 00050000 08:01 2498861                    /usr/lib/x86_64-linux-gnu/libharfbuzz.so.0.919.0
7f3452c3f000-7f3452c40000 rw-p 00051000 08:01 2498861                    /usr/lib/x86_64-linux-gnu/libharfbuzz.so.0.919.0
7f3452c40000-7f3452c48000 r-xp 00000000 08:01 2499296                    /usr/lib/x86_64-linux-gnu/libxcb-render.so.0.0.0
7f3452c48000-7f3452e47000 ---p 00008000 08:01 2499296                    /usr/lib/x86_64-linux-gnu/libxcb-render.so.0.0.0
7f3452e47000-7f3452e48000 r--p 00007000 08:01 2499296                    /usr/lib/x86_64-linux-gnu/libxcb-render.so.0.0.0
7f3452e48000-7f3452e49000 rw-p 00008000 08:01 2499296                    /usr/lib/x86_64-linux-gnu/libxcb-render.so.0.0.0
7f3452e49000-7f3452e4b000 r-xp 00000000 08:01 2499300                    /usr/lib/x86_64-linux-gnu/libxcb-shm.so.0.0.0
7f3452e4b000-7f345304a000 ---p 00002000 08:01 2499300                    /usr/lib/x86_64-linux-gnu/libxcb-shm.so.0.0.0
7f345304a000-7f345304b000 r--p 00001000 08:01 2499300                    /usr/lib/x86_64-linux-gnu/libxcb-shm.so.0.0.0
7f345304b000-7f345304c000 rw-p 00002000 08:01 2499300                    /usr/lib/x86_64-linux-gnu/libxcb-shm.so.0.0.0
7f345304c000-7f3453071000 r-xp 00000000 08:01 5509090                    /lib/x86_64-linux-gnu/libpng12.so.0.49.0
7f3453071000-7f3453270000 ---p 00025000 08:01 5509090                    /lib/x86_64-linux-gnu/libpng12.so.0.49.0
7f3453270000-7f3453271000 r--p 00024000 08:01 5509090                    /lib/x86_64-linux-gnu/libpng12.so.0.49.0
7f3453271000-7f3453272000 rw-p 00025000 08:01 5509090                    /lib/x86_64-linux-gnu/libpng12.so.0.49.0
7f3453272000-7f3453313000 r-xp 00000000 08:01 2496536                    /usr/lib/x86_64-linux-gnu/libpixman-1.so.0.30.2
7f3453313000-7f3453513000 ---p 000a1000 08:01 2496536                    /usr/lib/x86_64-linux-gnu/libpixman-1.so.0.30.2
7f3453513000-7f345351a000 r--p 000a1000 08:01 2496536                    /usr/lib/x86_64-linux-gnu/libpixman-1.so.0.30.2
7f345351a000-7f345351b000 rw-p 000a8000 08:01 2496536                    /usr/lib/x86_64-linux-gnu/libpixman-1.so.0.30.2
7f345351b000-7f3453520000 r-xp 00000000 08:01 2498367                    /usr/lib/x86_64-linux-gnu/libXdmcp.so.6.0.0
7f3453520000-7f345371f000 ---p 00005000 08:01 2498367                    /usr/lib/x86_64-linux-gnu/libXdmcp.so.6.0.0
7f345371f000-7f3453720000 r--p 00004000 08:01 2498367                    /usr/lib/x86_64-linux-gnu/libXdmcp.so.6.0.0
7f3453720000-7f3453721000 rw-p 00005000 08:01 2498367                    /usr/lib/x86_64-linux-gnu/libXdmcp.so.6.0.0
7f3453721000-7f3453723000 r-xp 00000000 08:01 2498356                    /usr/lib/x86_64-linux-gnu/libXau.so.6.0.0
7f3453723000-7f3453923000 ---p 00002000 08:01 2498356                    /usr/lib/x86_64-linux-gnu/libXau.so.6.0.0
7f3453923000-7f3453924000 r--p 00002000 08:01 2498356                    /usr/lib/x86_64-linux-gnu/libXau.so.6.0.0
7f3453924000-7f3453925000 rw-p 00003000 08:01 2498356                    /usr/lib/x86_64-linux-gnu/libXau.so.6.0.0
7f3453925000-7f3453934000 r-xp 00000000 08:01 2494634                    /usr/lib/x86_64-linux-gnu/libavahi-client.so.3.2.9
7f3453934000-7f3453b34000 ---p 0000f000 08:01 2494634                    /usr/lib/x86_64-linux-gnu/libavahi-client.so.3.2.9
7f3453b34000-7f3453b35000 r--p 0000f000 08:01 2494634                    /usr/lib/x86_64-linux-gnu/libavahi-client.so.3.2.9
7f3453b35000-7f3453b36000 rw-p 00010000 08:01 2494634                    /usr/lib/x86_64-linux-gnu/libavahi-client.so.3.2.9
7f3453b36000-7f3453b41000 r-xp 00000000 08:01 2490790                    /usr/lib/x86_64-linux-gnu/libavahi-common.so.3.5.3
7f3453b41000-7f3453d40000 ---p 0000b000 08:01 2490790                    /usr/lib/x86_64-linux-gnu/libavahi-common.so.3.5.3
7f3453d40000-7f3453d41000 r--p 0000a000 08:01 2490790                    /usr/lib/x86_64-linux-gnu/libavahi-common.so.3.5.3
7f3453d41000-7f3453d42000 rw-p 0000b000 08:01 2490790                    /usr/lib/x86_64-linux-gnu/libavahi-common.so.3.5.3
7f3453d42000-7f3453df8000 r-xp 00000000 08:01 2498729                    /usr/lib/x86_64-linux-gnu/libgnutls.so.26.22.6
7f3453df8000-7f3453ff8000 ---p 000b6000 08:01 2498729                    /usr/lib/x86_64-linux-gnu/libgnutls.so.26.22.6
7f3453ff8000-7f3453ffe000 r--p 000b6000 08:01 2498729                    /usr/lib/x86_64-linux-gnu/libgnutls.so.26.22.6
7f3453ffe000-7f3453fff000 rw-p 000bc000 08:01 2498729                    /usr/lib/x86_64-linux-gnu/libgnutls.so.26.22.6
7f3453fff000-7f3454000000 rw-p 00000000 00:00 0 
7f3454000000-7f3454021000 rw-p 00000000 00:00 0 
7f3454021000-7f3458000000 ---p 00000000 00:00 0 
7f3458001000-7f3458005000 rw-s 00000000 00:04 46457                      /drm mm object (deleted)
7f3458005000-7f3458008000 ---p 00000000 00:00 0 
7f3458008000-7f3458106000 rw-p 00000000 00:00 0                          [stack:4556]
7f3458106000-7f3458141000 r-xp 00000000 08:01 2498759                    /usr/lib/x86_64-linux-gnu/libgssapi_krb5.so.2.2
7f3458141000-7f3458341000 ---p 0003b000 08:01 2498759                    /usr/lib/x86_64-linux-gnu/libgssapi_krb5.so.2.2
7f3458341000-7f3458342000 r--p 0003b000 08:01 2498759                    /usr/lib/x86_64-linux-gnu/libgssapi_krb5.so.2.2
7f3458342000-7f3458344000 rw-p 0003c000 08:01 2498759                    /usr/lib/x86_64-linux-gnu/libgssapi_krb5.so.2.2
7f3458344000-7f3458381000 r-xp 00000000 08:01 5509078                    /lib/x86_64-linux-gnu/libpcre.so.3.13.1
7f3458381000-7f3458581000 ---p 0003d000 08:01 5509078                    /lib/x86_64-linux-gnu/libpcre.so.3.13.1
7f3458581000-7f3458582000 r--p 0003d000 08:01 5509078                    /lib/x86_64-linux-gnu/libpcre.so.3.13.1
7f3458582000-7f3458583000 rw-p 0003e000 08:01 5509078                    /lib/x86_64-linux-gnu/libpcre.so.3.13.1
7f3458583000-7f345858a000 r-xp 00000000 08:01 2498604                    /usr/lib/x86_64-linux-gnu/libffi.so.6.0.1
7f345858a000-7f3458789000 ---p 00007000 08:01 2498604                    /usr/lib/x86_64-linux-gnu/libffi.so.6.0.1
7f3458789000-7f345878a000 r--p 00006000 08:01 2498604                    /usr/lib/x86_64-linux-gnu/libffi.so.6.0.1
7f345878a000-7f345878b000 rw-p 00007000 08:01 2498604                    /usr/lib/x86_64-linux-gnu/libffi.so.6.0.1
7f345878b000-7f34587b2000 r-xp 00000000 08:01 5509000                    /lib/x86_64-linux-gnu/libexpat.so.1.6.0
7f34587b2000-7f34589b2000 ---p 00027000 08:01 5509000                    /lib/x86_64-linux-gnu/libexpat.so.1.6.0
7f34589b2000-7f34589b4000 r--p 00027000 08:01 5509000                    /lib/x86_64-linux-gnu/libexpat.so.1.6.0
7f34589b4000-7f34589b5000 rw-p 00029000 08:01 5509000                    /lib/x86_64-linux-gnu/libexpat.so.1.6.0
7f34589b5000-7f3458a51000 r-xp 00000000 08:01 2498646                    /usr/lib/x86_64-linux-gnu/libfreetype.so.6.10.1
7f3458a51000-7f3458c51000 ---p 0009c000 08:01 2498646                    /usr/lib/x86_64-linux-gnu/libfreetype.so.6.10.1
7f3458c51000-7f3458c56000 r--p 0009c000 08:01 2498646                    /usr/lib/x86_64-linux-gnu/libfreetype.so.6.10.1
7f3458c56000-7f3458c57000 rw-p 000a1000 08:01 2498646                    /usr/lib/x86_64-linux-gnu/libfreetype.so.6.10.1
7f3458c57000-7f3458c5f000 r-xp 00000000 08:01 2499193                    /usr/lib/x86_64-linux-gnu/libthai.so.0.2.0
7f3458c5f000-7f3458e5e000 ---p 00008000 08:01 2499193                    /usr/lib/x86_64-linux-gnu/libthai.so.0.2.0
7f3458e5e000-7f3458e5f000 r--p 00007000 08:01 2499193                    /usr/lib/x86_64-linux-gnu/libthai.so.0.2.0
7f3458e5f000-7f3458e60000 rw-p 00008000 08:01 2499193                    /usr/lib/x86_64-linux-gnu/libthai.so.0.2.0
7f3458e60000-7f3458e76000 r-xp 00000000 08:01 5509101                    /lib/x86_64-linux-gnu/libresolv-2.17.so
7f3458e76000-7f3459076000 ---p 00016000 08:01 5509101                    /lib/x86_64-linux-gnu/libresolv-2.17.so
7f3459076000-7f3459077000 r--p 00016000 08:01 5509101                    /lib/x86_64-linux-gnu/libresolv-2.17.so
7f3459077000-7f3459078000 rw-p 00017000 08:01 5509101                    /lib/x86_64-linux-gnu/libresolv-2.17.so
7f3459078000-7f345907a000 rw-p 00000000 00:00 0 
7f345907a000-7f3459099000 r-xp 00000000 08:01 5509105                    /lib/x86_64-linux-gnu/libselinux.so.1
7f3459099000-7f3459299000 ---p 0001f000 08:01 5509105                    /lib/x86_64-linux-gnu/libselinux.so.1
7f3459299000-7f345929a000 r--p 0001f000 08:01 5509105                    /lib/x86_64-linux-gnu/libselinux.so.1
7f345929a000-7f345929b000 rw-p 00020000 08:01 5509105                    /lib/x86_64-linux-gnu/libselinux.so.1
7f345929b000-7f345929c000 rw-p 00000000 00:00 0 
7f345929c000-7f345929e000 r-xp 00000000 08:01 2498365                    /usr/lib/x86_64-linux-gnu/libXdamage.so.1.1.0
7f345929e000-7f345949d000 ---p 00002000 08:01 2498365                    /usr/lib/x86_64-linux-gnu/libXdamage.so.1.1.0
7f345949d000-7f345949e000 r--p 00001000 08:01 2498365                    /usr/lib/x86_64-linux-gnu/libXdamage.so.1.1.0
7f345949e000-7f345949f000 rw-p 00002000 08:01 2498365                    /usr/lib/x86_64-linux-gnu/libXdamage.so.1.1.0
7f345949f000-7f34594a1000 r-xp 00000000 08:01 2498361                    /usr/lib/x86_64-linux-gnu/libXcomposite.so.1.0.0
7f34594a1000-7f34596a0000 ---p 00002000 08:01 2498361                    /usr/lib/x86_64-linux-gnu/libXcomposite.so.1.0.0
7f34596a0000-7f34596a1000 r--p 00001000 08:01 2498361                    /usr/lib/x86_64-linux-gnu/libXcomposite.so.1.0.0
7f34596a1000-7f34596a2000 rw-p 00002000 08:01 2498361                    /usr/lib/x86_64-linux-gnu/libXcomposite.so.1.0.0
7f34596a2000-7f34596ab000 r-xp 00000000 08:01 2498363                    /usr/lib/x86_64-linux-gnu/libXcursor.so.1.0.2
7f34596ab000-7f34598aa000 ---p 00009000 08:01 2498363                    /usr/lib/x86_64-linux-gnu/libXcursor.so.1.0.2
7f34598aa000-7f34598ab000 r--p 00008000 08:01 2498363                    /usr/lib/x86_64-linux-gnu/libXcursor.so.1.0.2
7f34598ab000-7f34598ac000 rw-p 00009000 08:01 2498363                    /usr/lib/x86_64-linux-gnu/libXcursor.so.1.0.2
7f34598ac000-7f34598b5000 r-xp 00000000 08:01 2498389                    /usr/lib/x86_64-linux-gnu/libXrandr.so.2.2.0
7f34598b5000-7f3459ab4000 ---p 00009000 08:01 2498389                    /usr/lib/x86_64-linux-gnu/libXrandr.so.2.2.0
7f3459ab4000-7f3459ab5000 r--p 00008000 08:01 2498389                    /usr/lib/x86_64-linux-gnu/libXrandr.so.2.2.0
7f3459ab5000-7f3459ab6000 rw-p 00009000 08:01 2498389                    /usr/lib/x86_64-linux-gnu/libXrandr.so.2.2.0
7f3459ab6000-7f3459ab8000 r-xp 00000000 08:01 2498379                    /usr/lib/x86_64-linux-gnu/libXinerama.so.1.0.0
7f3459ab8000-7f3459cb7000 ---p 00002000 08:01 2498379                    /usr/lib/x86_64-linux-gnu/libXinerama.so.1.0.0
7f3459cb7000-7f3459cb8000 r--p 00001000 08:01 2498379                    /usr/lib/x86_64-linux-gnu/libXinerama.so.1.0.0
7f3459cb8000-7f3459cb9000 rw-p 00002000 08:01 2498379                    /usr/lib/x86_64-linux-gnu/libXinerama.so.1.0.0
7f3459cb9000-7f3459ccd000 r-xp 00000000 08:01 2499039                    /usr/lib/x86_64-linux-gnu/libpangoft2-1.0.so.0.3200.5
7f3459ccd000-7f3459ecc000 ---p 00014000 08:01 2499039                    /usr/lib/x86_64-linux-gnu/libpangoft2-1.0.so.0.3200.5
7f3459ecc000-7f3459ecd000 r--p 00013000 08:01 2499039                    /usr/lib/x86_64-linux-gnu/libpangoft2-1.0.so.0.3200.5
7f3459ecd000-7f3459ece000 rw-p 00014000 08:01 2499039                    /usr/lib/x86_64-linux-gnu/libpangoft2-1.0.so.0.3200.5
7f3459ece000-7f3459fd2000 r-xp 00000000 08:01 2498476                    /usr/lib/x86_64-linux-gnu/libcairo.so.2.11200.16
7f3459fd2000-7f345a1d1000 ---p 00104000 08:01 2498476                    /usr/lib/x86_64-linux-gnu/libcairo.so.2.11200.16
7f345a1d1000-7f345a1d4000 r--p 00103000 08:01 2498476                    /usr/lib/x86_64-linux-gnu/libcairo.so.2.11200.16
7f345a1d4000-7f345a1d5000 rw-p 00106000 08:01 2498476                    /usr/lib/x86_64-linux-gnu/libcairo.so.2.11200.16
7f345a1d5000-7f345a1d7000 rw-p 00000000 00:00 0 
7f345a1d7000-7f345a1f6000 r-xp 00000000 08:01 2498436                    /usr/lib/x86_64-linux-gnu/libatk-1.0.so.0.21009.1
7f345a1f6000-7f345a3f6000 ---p 0001f000 08:01 2498436                    /usr/lib/x86_64-linux-gnu/libatk-1.0.so.0.21009.1
7f345a3f6000-7f345a3f8000 r--p 0001f000 08:01 2498436                    /usr/lib/x86_64-linux-gnu/libatk-1.0.so.0.21009.1
7f345a3f8000-7f345a3f9000 rw-p 00021000 08:01 2498436                    /usr/lib/x86_64-linux-gnu/libatk-1.0.so.0.21009.1
7f345a3f9000-7f345a3fe000 r-xp 00000000 08:01 2498371                    /usr/lib/x86_64-linux-gnu/libXfixes.so.3.1.0
7f345a3fe000-7f345a5fd000 ---p 00005000 08:01 2498371                    /usr/lib/x86_64-linux-gnu/libXfixes.so.3.1.0
7f345a5fd000-7f345a5fe000 r--p 00004000 08:01 2498371                    /usr/lib/x86_64-linux-gnu/libXfixes.so.3.1.0
7f345a5fe000-7f345a5ff000 rw-p 00005000 08:01 2498371                    /usr/lib/x86_64-linux-gnu/libXfixes.so.3.1.0
7f345a5ff000-7f345a60a000 r-xp 00000000 08:01 2499037                    /usr/lib/x86_64-linux-gnu/libpangocairo-1.0.so.0.3200.5
7f345a60a000-7f345a80a000 ---p 0000b000 08:01 2499037                    /usr/lib/x86_64-linux-gnu/libpangocairo-1.0.so.0.3200.5
7f345a80a000-7f345a80b000 r--p 0000b000 08:01 2499037                    /usr/lib/x86_64-linux-gnu/libpangocairo-1.0.so.0.3200.5
7f345a80b000-7f345a80c000 rw-p 0000c000 08:01 2499037                    /usr/lib/x86_64-linux-gnu/libpangocairo-1.0.so.0.3200.5
7f345a80c000-7f345a80f000 r-xp 00000000 08:01 2494833                    /usr/lib/x86_64-linux-gnu/libgmodule-2.0.so.0.3800.1
7f345a80f000-7f345aa0e000 ---p 00003000 08:01 2494833                    /usr/lib/x86_64-linux-gnu/libgmodule-2.0.so.0.3800.1
7f345aa0e000-7f345aa0f000 r--p 00002000 08:01 2494833                    /usr/lib/x86_64-linux-gnu/libgmodule-2.0.so.0.3800.1
7f345aa0f000-7f345aa10000 rw-p 00003000 08:01 2494833                    /usr/lib/x86_64-linux-gnu/libgmodule-2.0.so.0.3800.1
7f345aa10000-7f345aa2d000 r-xp 00000000 08:01 2499308                    /usr/lib/x86_64-linux-gnu/libxcb.so.1.1.0
7f345aa2d000-7f345ac2c000 ---p 0001d000 08:01 2499308                    /usr/lib/x86_64-linux-gnu/libxcb.so.1.1.0
7f345ac2c000-7f345ac2d000 r--p 0001c000 08:01 2499308                    /usr/lib/x86_64-linux-gnu/libxcb.so.1.1.0
7f345ac2d000-7f345ac2e000 rw-p 0001d000 08:01 2499308                    /usr/lib/x86_64-linux-gnu/libxcb.so.1.1.0
7f345ac2e000-7f345ac9a000 r-xp 00000000 08:01 2490885                    /usr/lib/x86_64-linux-gnu/libcups.so.2
7f345ac9a000-7f345ae99000 ---p 0006c000 08:01 2490885                    /usr/lib/x86_64-linux-gnu/libcups.so.2
7f345ae99000-7f345aea0000 r--p 0006b000 08:01 2490885                    /usr/lib/x86_64-linux-gnu/libcups.so.2
7f345aea0000-7f345aea1000 rw-p 00072000 08:01 2490885                    /usr/lib/x86_64-linux-gnu/libcups.so.2
7f345aea1000-7f345af9f000 r-xp 00000000 08:01 5508930                    /lib/x86_64-linux-gnu/libglib-2.0.so.0.3800.1
7f345af9f000-7f345b19f000 ---p 000fe000 08:01 5508930                    /lib/x86_64-linux-gnu/libglib-2.0.so.0.3800.1
7f345b19f000-7f345b1a0000 r--p 000fe000 08:01 5508930                    /lib/x86_64-linux-gnu/libglib-2.0.so.0.3800.1
7f345b1a0000-7f345b1a1000 rw-p 000ff000 08:01 5508930                    /lib/x86_64-linux-gnu/libglib-2.0.so.0.3800.1
7f345b1a1000-7f345b1a2000 rw-p 00000000 00:00 0 
7f345b1a2000-7f345b1a3000 r-xp 00000000 08:01 2494832                    /usr/lib/x86_64-linux-gnu/libgthread-2.0.so.0.3800.1
7f345b1a3000-7f345b3a2000 ---p 00001000 08:01 2494832                    /usr/lib/x86_64-linux-gnu/libgthread-2.0.so.0.3800.1
7f345b3a2000-7f345b3a3000 r--p 00000000 08:01 2494832                    /usr/lib/x86_64-linux-gnu/libgthread-2.0.so.0.3800.1
7f345b3a3000-7f345b3a4000 rw-p 00001000 08:01 2494832                    /usr/lib/x86_64-linux-gnu/libgthread-2.0.so.0.3800.1
7f345b3a4000-7f345b3f3000 r-xp 00000000 08:01 2490772                    /usr/lib/x86_64-linux-gnu/libgobject-2.0.so.0.3800.1
7f345b3f3000-7f345b5f3000 ---p 0004f000 08:01 2490772                    /usr/lib/x86_64-linux-gnu/libgobject-2.0.so.0.3800.1
7f345b5f3000-7f345b5f4000 r--p 0004f000 08:01 2490772                    /usr/lib/x86_64-linux-gnu/libgobject-2.0.so.0.3800.1
7f345b5f4000-7f345b5f5000 rw-p 00050000 08:01 2490772                    /usr/lib/x86_64-linux-gnu/libgobject-2.0.so.0.3800.1
7f345b5f5000-7f345b62e000 r-xp 00000000 08:01 2498618                    /usr/lib/x86_64-linux-gnu/libfontconfig.so.1.7.0
7f345b62e000-7f345b82e000 ---p 00039000 08:01 2498618                    /usr/lib/x86_64-linux-gnu/libfontconfig.so.1.7.0
7f345b82e000-7f345b830000 r--p 00039000 08:01 2498618                    /usr/lib/x86_64-linux-gnu/libfontconfig.so.1.7.0
7f345b830000-7f345b831000 rw-p 0003b000 08:01 2498618                    /usr/lib/x86_64-linux-gnu/libfontconfig.so.1.7.0
7f345b831000-7f345b87b000 r-xp 00000000 08:01 2499035                    /usr/lib/x86_64-linux-gnu/libpango-1.0.so.0.3200.5
7f345b87b000-7f345ba7a000 ---p 0004a000 08:01 2499035                    /usr/lib/x86_64-linux-gnu/libpango-1.0.so.0.3200.5
7f345ba7a000-7f345ba7c000 r--p 00049000 08:01 2499035                    /usr/lib/x86_64-linux-gnu/libpango-1.0.so.0.3200.5
7f345ba7c000-7f345ba7d000 rw-p 0004b000 08:01 2499035                    /usr/lib/x86_64-linux-gnu/libpango-1.0.so.0.3200.5
7f345ba7d000-7f345ba9c000 r-xp 00000000 08:01 2498685                    /usr/lib/x86_64-linux-gnu/libgdk_pixbuf-2.0.so.0.2800.1
7f345ba9c000-7f345bc9b000 ---p 0001f000 08:01 2498685                    /usr/lib/x86_64-linux-gnu/libgdk_pixbuf-2.0.so.0.2800.1
7f345bc9b000-7f345bc9c000 r--p 0001e000 08:01 2498685                    /usr/lib/x86_64-linux-gnu/libgdk_pixbuf-2.0.so.0.2800.1
7f345bc9c000-7f345bc9d000 rw-p 0001f000 08:01 2498685                    /usr/lib/x86_64-linux-gnu/libgdk_pixbuf-2.0.so.0.2800.1
7f345bc9d000-7f345bdf9000 r-xp 00000000 08:01 2490753                    /usr/lib/x86_64-linux-gnu/libgio-2.0.so.0.3800.1
7f345bdf9000-7f345bff8000 ---p 0015c000 08:01 2490753                    /usr/lib/x86_64-linux-gnu/libgio-2.0.so.0.3800.1
7f345bff8000-7f345bffc000 r--p 0015b000 08:01 2490753                    /usr/lib/x86_64-linux-gnu/libgio-2.0.so.0.3800.1
7f345bffc000-7f345bffe000 rw-p 0015f000 08:01 2490753                    /usr/lib/x86_64-linux-gnu/libgio-2.0.so.0.3800.1
7f345bffe000-7f345c000000 rw-p 00000000 00:00 0 
7f345c000000-7f345c458000 rw-p 00000000 00:00 0 
7f345c458000-7f3460000000 ---p 00000000 00:00 0 
7f3460000000-7f3460021000 rw-p 00000000 00:00 0 
7f3460021000-7f3464000000 ---p 00000000 00:00 0 
7f3464000000-7f3464021000 rw-p 00000000 00:00 0 
7f3464021000-7f3468000000 ---p 00000000 00:00 0 
7f3468000000-7f34684f6000 rw-p 00000000 00:00 0 
7f34684f6000-7f346c000000 ---p 00000000 00:00 0 
7f346c000000-7f346c021000 rw-p 00000000 00:00 0 
7f346c021000-7f3470000000 ---p 00000000 00:00 0 
7f3470000000-7f3470021000 rw-p 00000000 00:00 0 
7f3470021000-7f3474000000 ---p 00000000 00:00 0 
7f3474000000-7f3474021000 rw-p 00000000 00:00 0 
7f3474021000-7f3478000000 ---p 00000000 00:00 0 
7f3478000000-7f3478021000 rw-p 00000000 00:00 0 
7f3478021000-7f347c000000 ---p 00000000 00:00 0 
7f347c000000-7f347c021000 rw-p 00000000 00:00 0 
7f347c021000-7f3480000000 ---p 00000000 00:00 0 
7f3480003000-7f3480009000 rw-s 10bf02000 00:05 2035                      /dev/dri/card0
7f3480009000-7f348000f000 rw-s 10befc000 00:05 2035                      /dev/dri/card0
7f348000f000-7f3480015000 rw-s 10bef6000 00:05 2035                      /dev/dri/card0
7f3480015000-7f348001b000 rw-s 10bef0000 00:05 2035                      /dev/dri/card0
7f348001b000-7f3480021000 rw-s 10b2ea000 00:05 2035                      /dev/dri/card0
7f3480021000-7f34800ce000 r-xp 00000000 08:01 2498683                    /usr/lib/x86_64-linux-gnu/libgdk-x11-2.0.so.0.2400.20
7f34800ce000-7f34802cd000 ---p 000ad000 08:01 2498683                    /usr/lib/x86_64-linux-gnu/libgdk-x11-2.0.so.0.2400.20
7f34802cd000-7f34802d1000 r--p 000ac000 08:01 2498683                    /usr/lib/x86_64-linux-gnu/libgdk-x11-2.0.so.0.2400.20
7f34802d1000-7f34802d3000 rw-p 000b0000 08:01 2498683                    /usr/lib/x86_64-linux-gnu/libgdk-x11-2.0.so.0.2400.20
7f34802d3000-7f3480702000 r-xp 00000000 08:01 2498843                    /usr/lib/x86_64-linux-gnu/libgtk-x11-2.0.so.0.2400.20
7f3480702000-7f3480901000 ---p 0042f000 08:01 2498843                    /usr/lib/x86_64-linux-gnu/libgtk-x11-2.0.so.0.2400.20
7f3480901000-7f3480908000 r--p 0042e000 08:01 2498843                    /usr/lib/x86_64-linux-gnu/libgtk-x11-2.0.so.0.2400.20
7f3480908000-7f348090c000 rw-p 00435000 08:01 2498843                    /usr/lib/x86_64-linux-gnu/libgtk-x11-2.0.so.0.2400.20
7f348090c000-7f348090f000 rw-p 00000000 00:00 0 
7f348090f000-7f348091e000 r-xp 00000000 08:01 2498377                    /usr/lib/x86_64-linux-gnu/libXi.so.6.1.0
7f348091e000-7f3480b1d000 ---p 0000f000 08:01 2498377                    /usr/lib/x86_64-linux-gnu/libXi.so.6.1.0
7f3480b1d000-7f3480b1e000 r--p 0000e000 08:01 2498377                    /usr/lib/x86_64-linux-gnu/libXi.so.6.1.0
7f3480b1e000-7f3480b1f000 rw-p 0000f000 08:01 2498377                    /usr/lib/x86_64-linux-gnu/libXi.so.6.1.0
7f3480b1f000-7f3480b24000 r-xp 00000000 08:01 2498395                    /usr/lib/x86_64-linux-gnu/libXtst.so.6.1.0
7f3480b24000-7f3480d23000 ---p 00005000 08:01 2498395                    /usr/lib/x86_64-linux-gnu/libXtst.so.6.1.0
7f3480d23000-7f3480d24000 r--p 00004000 08:01 2498395                    /usr/lib/x86_64-linux-gnu/libXtst.so.6.1.0
7f3480d24000-7f3480d25000 rw-p 00005000 08:01 2498395                    /usr/lib/x86_64-linux-gnu/libXtst.so.6.1.0
7f3480d25000-7f3480d2e000 r-xp 00000000 08:01 2498391                    /usr/lib/x86_64-linux-gnu/libXrender.so.1.3.0
7f3480d2e000-7f3480f2d000 ---p 00009000 08:01 2498391                    /usr/lib/x86_64-linux-gnu/libXrender.so.1.3.0
7f3480f2d000-7f3480f2e000 r--p 00008000 08:01 2498391                    /usr/lib/x86_64-linux-gnu/libXrender.so.1.3.0
7f3480f2e000-7f3480f2f000 rw-p 00009000 08:01 2498391                    /usr/lib/x86_64-linux-gnu/libXrender.so.1.3.0
7f3480f2f000-7f348105f000 r-xp 00000000 08:01 2498352                    /usr/lib/x86_64-linux-gnu/libX11.so.6.3.0
7f348105f000-7f348125f000 ---p 00130000 08:01 2498352                    /usr/lib/x86_64-linux-gnu/libX11.so.6.3.0
7f348125f000-7f3481260000 r--p 00130000 08:01 2498352                    /usr/lib/x86_64-linux-gnu/libX11.so.6.3.0
7f3481260000-7f3481264000 rw-p 00131000 08:01 2498352                    /usr/lib/x86_64-linux-gnu/libX11.so.6.3.0
7f3481264000-7f3481275000 r-xp 00000000 08:01 2498369                    /usr/lib/x86_64-linux-gnu/libXext.so.6.4.0
7f3481275000-7f3481474000 ---p 00011000 08:01 2498369                    /usr/lib/x86_64-linux-gnu/libXext.so.6.4.0
7f3481474000-7f3481475000 r--p 00010000 08:01 2498369                    /usr/lib/x86_64-linux-gnu/libXext.so.6.4.0
7f3481475000-7f3481476000 rw-p 00011000 08:01 2498369                    /usr/lib/x86_64-linux-gnu/libXext.so.6.4.0
7f3481479000-7f348147f000 rw-s 10b2e4000 00:05 2035                      /dev/dri/card0
7f348147f000-7f3481485000 rw-s 10b2de000 00:05 2035                      /dev/dri/card0
7f3481485000-7f348148f000 r--s 000b8000 08:01 4071158                    /usr/lib/jvm/java-7-openjdk-amd64/jre/lib/resources.jar
7f348148f000-7f34814e0000 r-xp 00000000 08:01 4071304                    /usr/lib/jvm/java-7-openjdk-amd64/jre/lib/amd64/xawt/libmawt.so
7f34814e0000-7f34816df000 ---p 00051000 08:01 4071304                    /usr/lib/jvm/java-7-openjdk-amd64/jre/lib/amd64/xawt/libmawt.so
7f34816df000-7f34816e0000 r--p 00050000 08:01 4071304                    /usr/lib/jvm/java-7-openjdk-amd64/jre/lib/amd64/xawt/libmawt.so
7f34816e0000-7f34816e3000 rw-p 00051000 08:01 4071304                    /usr/lib/jvm/java-7-openjdk-amd64/jre/lib/amd64/xawt/libmawt.so
7f34816e3000-7f34816e4000 rw-p 00000000 00:00 0 
7f34816e4000-7f3481784000 r-xp 00000000 08:01 4071152                    /usr/lib/jvm/java-7-openjdk-amd64/jre/lib/amd64/libawt.so
7f3481784000-7f3481983000 ---p 000a0000 08:01 4071152                    /usr/lib/jvm/java-7-openjdk-amd64/jre/lib/amd64/libawt.so
7f3481983000-7f3481984000 r--p 0009f000 08:01 4071152                    /usr/lib/jvm/java-7-openjdk-amd64/jre/lib/amd64/libawt.so
7f3481984000-7f348198f000 rw-p 000a0000 08:01 4071152                    /usr/lib/jvm/java-7-openjdk-amd64/jre/lib/amd64/libawt.so
7f348198f000-7f34819b4000 rw-p 00000000 00:00 0 
7f34819b4000-7f3481a23000 r-xp 00000000 08:01 5242905                    /tmp/libgdxroot/b4a54a2/libgdx64.so
7f3481a23000-7f3481c22000 ---p 0006f000 08:01 5242905                    /tmp/libgdxroot/b4a54a2/libgdx64.so
7f3481c22000-7f3481c24000 r--p 0006e000 08:01 5242905                    /tmp/libgdxroot/b4a54a2/libgdx64.so
7f3481c24000-7f3481c25000 rw-p 00070000 08:01 5242905                    /tmp/libgdxroot/b4a54a2/libgdx64.so
7f3481c25000-7f3481c26000 rw-p 00000000 00:00 0 
7f3481c26000-7f3481c37000 r--s 0012b000 08:01 2228340                    /root/git/Masterchef/masterchef-desktop/lib/gdx-backend-lwjgl.jar
7f3481c37000-7f3481c4d000 r--s 00154000 08:01 2228310                    /root/git/Masterchef/masterchef/lib/gdx.jar
7f3481c4d000-7f3481c4e000 ---p 00000000 00:00 0 
7f3481c4e000-7f3481d4e000 rw-p 00000000 00:00 0                          [stack:4554]
7f3481d4e000-7f3481d51000 ---p 00000000 00:00 0 
7f3481d51000-7f3481e4f000 rw-p 00000000 00:00 0                          [stack:4553]
7f3481e4f000-7f3481e52000 ---p 00000000 00:00 0 
7f3481e52000-7f3481f50000 rw-p 00000000 00:00 0                          [stack:4552]
7f3481f50000-7f3481f53000 ---p 00000000 00:00 0 
7f3481f53000-7f3482051000 rw-p 00000000 00:00 0                          [stack:4551]
7f3482051000-7f3482054000 ---p 00000000 00:00 0 
7f3482054000-7f3482152000 rw-p 00000000 00:00 0                          [stack:4550]
7f3482152000-7f3482834000 r--p 00000000 08:01 2497353                    /usr/lib/locale/locale-archive
7f3482834000-7f3482837000 ---p 00000000 00:00 0 
7f3482837000-7f3482935000 rw-p 00000000 00:00 0                          [stack:4549]
7f3482935000-7f3482938000 ---p 00000000 00:00 0 
7f3482938000-7f3482a36000 rw-p 00000000 00:00 0                          [stack:4548]
7f3482a36000-7f3482a37000 ---p 00000000 00:00 0 
7f3482a37000-7f3485000000 rw-p 00000000 00:00 0                          [stack:4547]
7f3485000000-7f3485270000 rwxp 00000000 00:00 0 
7f3485270000-7f34882cb000 rw-p 00000000 00:00 0 
7f34882cb000-7f348c000000 ---p 00000000 00:00 0 
7f348c001000-7f348c008000 r--s 00000000 08:01 2755354                    /usr/lib/x86_64-linux-gnu/gconv/gconv-modules.cache
7f348c008000-7f348c0b3000 rw-p 00000000 00:00 0 
7f348c0b3000-7f348c261000 r--s 01cf4000 08:01 4071185                    /usr/lib/jvm/java-7-openjdk-amd64/jre/lib/rt.jar
7f348c261000-7f348c516000 rw-p 00000000 00:00 0 
7f348c516000-7f348c517000 ---p 00000000 00:00 0 
7f348c517000-7f348c617000 rw-p 00000000 00:00 0                          [stack:4546]
7f348c617000-7f348c618000 ---p 00000000 00:00 0 
7f348c618000-7f348c723000 rw-p 00000000 00:00 0                          [stack:4543]
7f348c723000-7f348c76b000 rw-p 00000000 00:00 0 
7f348c76b000-7f348c77a000 rw-p 00000000 00:00 0 
7f348c77a000-7f348c85c000 rw-p 00000000 00:00 0 
7f348c85c000-7f348c867000 rw-p 00000000 00:00 0 
7f348c867000-7f348c8af000 rw-p 00000000 00:00 0 
7f348c8af000-7f348c8be000 rw-p 00000000 00:00 0 
7f348c8be000-7f348c99f000 rw-p 00000000 00:00 0 
7f348c99f000-7f348c9a9000 rw-p 00000000 00:00 0 
7f348c9a9000-7f348ca18000 rw-p 00000000 00:00 0 
7f348ca18000-7f348ca19000 rw-p 00000000 00:00 0 
7f348ca19000-7f348ca21000 r-xp 00000000 08:01 4071118                    /usr/lib/jvm/java-7-openjdk-amd64/jre/lib/amd64/libzip.so
7f348ca21000-7f348cc20000 ---p 00008000 08:01 4071118                    /usr/lib/jvm/java-7-openjdk-amd64/jre/lib/amd64/libzip.so
7f348cc20000-7f348cc21000 r--p 00007000 08:01 4071118                    /usr/lib/jvm/java-7-openjdk-amd64/jre/lib/amd64/libzip.so
7f348cc21000-7f348cc22000 rw-p 00008000 08:01 4071118                    /usr/lib/jvm/java-7-openjdk-amd64/jre/lib/amd64/libzip.so
7f348cc22000-7f348cc2e000 r-xp 00000000 08:01 5509056                    /lib/x86_64-linux-gnu/libnss_files-2.17.so
7f348cc2e000-7f348ce2d000 ---p 0000c000 08:01 5509056                    /lib/x86_64-linux-gnu/libnss_files-2.17.so
7f348ce2d000-7f348ce2e000 r--p 0000b000 08:01 5509056                    /lib/x86_64-linux-gnu/libnss_files-2.17.so
7f348ce2e000-7f348ce2f000 rw-p 0000c000 08:01 5509056                    /lib/x86_64-linux-gnu/libnss_files-2.17.so
7f348ce2f000-7f348ce3a000 r-xp 00000000 08:01 5509060                    /lib/x86_64-linux-gnu/libnss_nis-2.17.so
7f348ce3a000-7f348d039000 ---p 0000b000 08:01 5509060                    /lib/x86_64-linux-gnu/libnss_nis-2.17.so
7f348d039000-7f348d03a000 r--p 0000a000 08:01 5509060                    /lib/x86_64-linux-gnu/libnss_nis-2.17.so
7f348d03a000-7f348d03b000 rw-p 0000b000 08:01 5509060                    /lib/x86_64-linux-gnu/libnss_nis-2.17.so
7f348d03b000-7f348d052000 r-xp 00000000 08:01 5509050                    /lib/x86_64-linux-gnu/libnsl-2.17.so
7f348d052000-7f348d251000 ---p 00017000 08:01 5509050                    /lib/x86_64-linux-gnu/libnsl-2.17.so
7f348d251000-7f348d252000 r--p 00016000 08:01 5509050                    /lib/x86_64-linux-gnu/libnsl-2.17.so
7f348d252000-7f348d253000 rw-p 00017000 08:01 5509050                    /lib/x86_64-linux-gnu/libnsl-2.17.so
7f348d253000-7f348d255000 rw-p 00000000 00:00 0 
7f348d255000-7f348d25d000 r-xp 00000000 08:01 5509052                    /lib/x86_64-linux-gnu/libnss_compat-2.17.so
7f348d25d000-7f348d45c000 ---p 00008000 08:01 5509052                    /lib/x86_64-linux-gnu/libnss_compat-2.17.so
7f348d45c000-7f348d45d000 r--p 00007000 08:01 5509052                    /lib/x86_64-linux-gnu/libnss_compat-2.17.so
7f348d45d000-7f348d45e000 rw-p 00008000 08:01 5509052                    /lib/x86_64-linux-gnu/libnss_compat-2.17.so
7f348d45e000-7f348d489000 r-xp 00000000 08:01 4071115                    /usr/lib/jvm/java-7-openjdk-amd64/jre/lib/amd64/libjava.so
7f348d489000-7f348d688000 ---p 0002b000 08:01 4071115                    /usr/lib/jvm/java-7-openjdk-amd64/jre/lib/amd64/libjava.so
7f348d688000-7f348d689000 r--p 0002a000 08:01 4071115                    /usr/lib/jvm/java-7-openjdk-amd64/jre/lib/amd64/libjava.so
7f348d689000-7f348d68b000 rw-p 0002b000 08:01 4071115                    /usr/lib/jvm/java-7-openjdk-amd64/jre/lib/amd64/libjava.so
7f348d68b000-7f348d69b000 r-xp 00000000 08:01 4071129                    /usr/lib/jvm/java-7-openjdk-amd64/jre/lib/amd64/libverify.so
7f348d69b000-7f348d89a000 ---p 00010000 08:01 4071129                    /usr/lib/jvm/java-7-openjdk-amd64/jre/lib/amd64/libverify.so
7f348d89a000-7f348d89c000 r--p 0000f000 08:01 4071129                    /usr/lib/jvm/java-7-openjdk-amd64/jre/lib/amd64/libverify.so
7f348d89c000-7f348d89d000 rw-p 00011000 08:01 4071129                    /usr/lib/jvm/java-7-openjdk-amd64/jre/lib/amd64/libverify.so
7f348d89d000-7f348d8a4000 r-xp 00000000 08:01 5509103                    /lib/x86_64-linux-gnu/librt-2.17.so
7f348d8a4000-7f348daa3000 ---p 00007000 08:01 5509103                    /lib/x86_64-linux-gnu/librt-2.17.so
7f348daa3000-7f348daa4000 r--p 00006000 08:01 5509103                    /lib/x86_64-linux-gnu/librt-2.17.so
7f348daa4000-7f348daa5000 rw-p 00007000 08:01 5509103                    /lib/x86_64-linux-gnu/librt-2.17.so
7f348daa5000-7f348daba000 r-xp 00000000 08:01 5505029                    /lib/x86_64-linux-gnu/libgcc_s.so.1
7f348daba000-7f348dcb9000 ---p 00015000 08:01 5505029                    /lib/x86_64-linux-gnu/libgcc_s.so.1
7f348dcb9000-7f348dcba000 r--p 00014000 08:01 5505029                    /lib/x86_64-linux-gnu/libgcc_s.so.1
7f348dcba000-7f348dcbb000 rw-p 00015000 08:01 5505029                    /lib/x86_64-linux-gnu/libgcc_s.so.1
7f348dcbb000-7f348ddbe000 r-xp 00000000 08:01 5509031                    /lib/x86_64-linux-gnu/libm-2.17.so
7f348ddbe000-7f348dfbd000 ---p 00103000 08:01 5509031                    /lib/x86_64-linux-gnu/libm-2.17.so
7f348dfbd000-7f348dfbe000 r--p 00102000 08:01 5509031                    /lib/x86_64-linux-gnu/libm-2.17.so
7f348dfbe000-7f348dfbf000 rw-p 00103000 08:01 5509031                    /lib/x86_64-linux-gnu/libm-2.17.so
7f348dfbf000-7f348e0a5000 r-xp 00000000 08:01 2496355                    /usr/lib/x86_64-linux-gnu/libstdc++.so.6.0.18
7f348e0a5000-7f348e2a4000 ---p 000e6000 08:01 2496355                    /usr/lib/x86_64-linux-gnu/libstdc++.so.6.0.18
7f348e2a4000-7f348e2ac000 r--p 000e5000 08:01 2496355                    /usr/lib/x86_64-linux-gnu/libstdc++.so.6.0.18
7f348e2ac000-7f348e2ae000 rw-p 000ed000 08:01 2496355                    /usr/lib/x86_64-linux-gnu/libstdc++.so.6.0.18
7f348e2ae000-7f348e2c3000 rw-p 00000000 00:00 0 
7f348e2c3000-7f348eda2000 r-xp 00000000 08:01 4071143                    /usr/lib/jvm/java-7-openjdk-amd64/jre/lib/amd64/server/libjvm.so
7f348eda2000-7f348efa1000 ---p 00adf000 08:01 4071143                    /usr/lib/jvm/java-7-openjdk-amd64/jre/lib/amd64/server/libjvm.so
7f348efa1000-7f348f033000 r--p 00ade000 08:01 4071143                    /usr/lib/jvm/java-7-openjdk-amd64/jre/lib/amd64/server/libjvm.so
7f348f033000-7f348f056000 rw-p 00b70000 08:01 4071143                    /usr/lib/jvm/java-7-openjdk-amd64/jre/lib/amd64/server/libjvm.so
7f348f056000-7f348f083000 rw-p 00000000 00:00 0 
7f348f083000-7f348f09b000 r-xp 00000000 08:01 5509138                    /lib/x86_64-linux-gnu/libz.so.1.2.8
7f348f09b000-7f348f29a000 ---p 00018000 08:01 5509138                    /lib/x86_64-linux-gnu/libz.so.1.2.8
7f348f29a000-7f348f29b000 r--p 00017000 08:01 5509138                    /lib/x86_64-linux-gnu/libz.so.1.2.8
7f348f29b000-7f348f29c000 rw-p 00018000 08:01 5509138                    /lib/x86_64-linux-gnu/libz.so.1.2.8
7f348f29c000-7f348f2b3000 r-xp 00000000 08:01 5509095                    /lib/x86_64-linux-gnu/libpthread-2.17.so
7f348f2b3000-7f348f4b3000 ---p 00017000 08:01 5509095                    /lib/x86_64-linux-gnu/libpthread-2.17.so
7f348f4b3000-7f348f4b4000 r--p 00017000 08:01 5509095                    /lib/x86_64-linux-gnu/libpthread-2.17.so
7f348f4b4000-7f348f4b5000 rw-p 00018000 08:01 5509095                    /lib/x86_64-linux-gnu/libpthread-2.17.so
7f348f4b5000-7f348f4b9000 rw-p 00000000 00:00 0 
7f348f4b9000-7f348f4bc000 r-xp 00000000 08:01 5508995                    /lib/x86_64-linux-gnu/libdl-2.17.so
7f348f4bc000-7f348f6bb000 ---p 00003000 08:01 5508995                    /lib/x86_64-linux-gnu/libdl-2.17.so
7f348f6bb000-7f348f6bc000 r--p 00002000 08:01 5508995                    /lib/x86_64-linux-gnu/libdl-2.17.so
7f348f6bc000-7f348f6bd000 rw-p 00003000 08:01 5508995                    /lib/x86_64-linux-gnu/libdl-2.17.so
7f348f6bd000-7f348f87a000 r-xp 00000000 08:01 5508980                    /lib/x86_64-linux-gnu/libc-2.17.so
7f348f87a000-7f348fa7a000 ---p 001bd000 08:01 5508980                    /lib/x86_64-linux-gnu/libc-2.17.so
7f348fa7a000-7f348fa7e000 r--p 001bd000 08:01 5508980                    /lib/x86_64-linux-gnu/libc-2.17.so
7f348fa7e000-7f348fa80000 rw-p 001c1000 08:01 5508980                    /lib/x86_64-linux-gnu/libc-2.17.so
7f348fa80000-7f348fa85000 rw-p 00000000 00:00 0 
7f348fa85000-7f348fa92000 r-xp 00000000 08:01 4071149                    /usr/lib/jvm/java-7-openjdk-amd64/jre/lib/amd64/jli/libjli.so
7f348fa92000-7f348fc91000 ---p 0000d000 08:01 4071149                    /usr/lib/jvm/java-7-openjdk-amd64/jre/lib/amd64/jli/libjli.so
7f348fc91000-7f348fc92000 r--p 0000c000 08:01 4071149                    /usr/lib/jvm/java-7-openjdk-amd64/jre/lib/amd64/jli/libjli.so
7f348fc92000-7f348fc93000 rw-p 0000d000 08:01 4071149                    /usr/lib/jvm/java-7-openjdk-amd64/jre/lib/amd64/jli/libjli.so
7f348fc93000-7f348fcb6000 r-xp 00000000 08:01 5508956                    /lib/x86_64-linux-gnu/ld-2.17.so
7f348fcb7000-7f348fcb8000 rw-s 10489b000 00:05 2035                      /dev/dri/card0
7f348fcb9000-7f348fcba000 rw-s 10489c000 00:05 2035                      /dev/dri/card0
7f348fcba000-7f348fcbb000 rwxp 00000000 00:00 0 
7f348fcbb000-7f348fcbc000 r--s 00127000 08:01 2228338                    /root/git/Masterchef/masterchef-desktop/lib/gdx-natives.jar
7f348fcbc000-7f348fcbe000 r--s 001a1000 08:01 2228269                    /root/git/Masterchef/masterchef-desktop/lib/gdx-backend-lwjgl-natives.jar
7f348fcbe000-7f348fcc2000 r--s 00085000 08:01 4071161                    /usr/lib/jvm/java-7-openjdk-amd64/jre/lib/ext/localedata.jar
7f348fcc2000-7f348fcde000 rw-p 00000000 00:00 0 
7f348fcde000-7f348fd94000 rw-p 00000000 00:00 0 
7f348fd94000-7f348fd97000 ---p 00000000 00:00 0 
7f348fd97000-7f348fe9a000 rw-p 00000000 00:00 0                          [stack:4541]
7f348fe9a000-7f348fe9c000 r--s 00006000 08:01 2898303                    /usr/share/java/java-atk-wrapper.jar
7f348fe9c000-7f348fe9f000 r--s 00032000 08:01 4071164                    /usr/lib/jvm/java-7-openjdk-amd64/jre/lib/ext/sunjce_provider.jar
7f348fe9f000-7f348fea2000 r--s 0000f000 08:01 4071162                    /usr/lib/jvm/java-7-openjdk-amd64/jre/lib/ext/pulse-java.jar
7f348fea2000-7f348fea3000 r--s 00002000 08:01 4071165                    /usr/lib/jvm/java-7-openjdk-amd64/jre/lib/ext/dnsns.jar
7f348fea3000-7f348fea5000 r--s 00012000 08:01 4071163                    /usr/lib/jvm/java-7-openjdk-amd64/jre/lib/ext/zipfs.jar
7f348fea5000-7f348fea9000 r--s 0003b000 08:01 4071166                    /usr/lib/jvm/java-7-openjdk-amd64/jre/lib/ext/sunpkcs11.jar
7f348fea9000-7f348feb1000 rw-s 00000000 08:01 5242894                    /tmp/hsperfdata_root/4539
7f348feb1000-7f348feb2000 rw-p 00000000 00:00 0 
7f348feb2000-7f348feb3000 r--p 00000000 00:00 0 
7f348feb3000-7f348feb5000 rw-p 00000000 00:00 0 
7f348feb5000-7f348feb6000 r--p 00022000 08:01 5508956                    /lib/x86_64-linux-gnu/ld-2.17.so
7f348feb6000-7f348feb8000 rw-p 00023000 08:01 5508956                    /lib/x86_64-linux-gnu/ld-2.17.so
7fffb0169000-7fffb018a000 rw-p 00000000 00:00 0                          [stack]
7fffb01fe000-7fffb0200000 r-xp 00000000 00:00 0                          [vdso]
ffffffffff600000-ffffffffff601000 r-xp 00000000 00:00 0                  [vsyscall]

VM Arguments:
jvm_args: -Dfile.encoding=UTF-8 
java_command: com.masterchef.DesktopGame
Launcher Type: SUN_STANDARD

Environment Variables:
PATH=/home/albert/apache-ant-1.9.3/bin:/usr/local/sbin:/usr/local/bin:/usr/sbin:/usr/bin:/sbin:/bin
USERNAME=root
SHELL=/bin/bash
DISPLAY=:0

Signal Handlers:
SIGSEGV: [libjvm.so+0x916ea0], sa_mask[0]=0x7ffbfeff, sa_flags=0x10000004
SIGBUS: [libjvm.so+0x916ea0], sa_mask[0]=0x7ffbfeff, sa_flags=0x10000004
SIGFPE: [libjvm.so+0x794800], sa_mask[0]=0x7ffbfeff, sa_flags=0x10000004
SIGPIPE: [libjvm.so+0x794800], sa_mask[0]=0x7ffbfeff, sa_flags=0x10000004
SIGXFSZ: [libjvm.so+0x794800], sa_mask[0]=0x7ffbfeff, sa_flags=0x10000004
SIGILL: [libjvm.so+0x794800], sa_mask[0]=0x7ffbfeff, sa_flags=0x10000004
SIGUSR1: SIG_DFL, sa_mask[0]=0x00000000, sa_flags=0x00000000
SIGUSR2: [libjvm.so+0x7946a0], sa_mask[0]=0x00000004, sa_flags=0x10000004
SIGHUP: [libjvm.so+0x794880], sa_mask[0]=0x7ffbfeff, sa_flags=0x10000004
SIGINT: [libjvm.so+0x794880], sa_mask[0]=0x7ffbfeff, sa_flags=0x10000004
SIGTERM: [libjvm.so+0x794880], sa_mask[0]=0x7ffbfeff, sa_flags=0x10000004
SIGQUIT: [libjvm.so+0x794880], sa_mask[0]=0x7ffbfeff, sa_flags=0x10000004


---------------  S Y S T E M  ---------------

OS:Ubuntu 13.10 (saucy)
uname:Linux 3.11.0-15-generic #25-Ubuntu SMP Thu Jan 30 17:22:01 UTC 2014 x86_64
libc:glibc 2.17 NPTL 2.17 
rlimit: STACK 8192k, CORE 0k, NPROC 22886, NOFILE 4096, AS infinity
load average:0.50 0.47 0.43

/proc/meminfo:
MemTotal:        2949656 kB
MemFree:           80764 kB
Buffers:          142304 kB
Cached:          1017472 kB
SwapCached:         7204 kB
Active:          1688760 kB
Inactive:         958144 kB
Active(anon):    1276564 kB
Inactive(anon):   598244 kB
Active(file):     412196 kB
Inactive(file):   359900 kB
Unevictable:         104 kB
Mlocked:             104 kB
SwapTotal:       2928636 kB
SwapFree:        2902052 kB
Dirty:              1068 kB
Writeback:             0 kB
AnonPages:       1480508 kB
Mapped:           246784 kB
Shmem:            387336 kB
Slab:             137112 kB
SReclaimable:     108728 kB
SUnreclaim:        28384 kB
KernelStack:        4072 kB
PageTables:        38420 kB
NFS_Unstable:          0 kB
Bounce:                0 kB
WritebackTmp:          0 kB
CommitLimit:     4403464 kB
Committed_AS:    5262852 kB
VmallocTotal:   34359738367 kB
VmallocUsed:      548940 kB
VmallocChunk:   34359184384 kB
HardwareCorrupted:     0 kB
AnonHugePages:         0 kB
HugePages_Total:       0
HugePages_Free:        0
HugePages_Rsvd:        0
HugePages_Surp:        0
Hugepagesize:       2048 kB
DirectMap4k:       45492 kB
DirectMap2M:     2965504 kB


CPU:total 2 (2 cores per cpu, 1 threads per core) family 6 model 23 stepping 6, cmov, cx8, fxsr, mmx, sse, sse2, sse3, ssse3, sse4.1, tsc

/proc/cpuinfo:
processor	: 0
vendor_id	: GenuineIntel
cpu family	: 6
model		: 23
model name	: Intel(R) Core(TM)2 Duo CPU     P8400  @ 2.26GHz
stepping	: 6
microcode	: 0x60c
cpu MHz		: 1600.000
cache size	: 3072 KB
physical id	: 0
siblings	: 2
core id		: 0
cpu cores	: 2
apicid		: 0
initial apicid	: 0
fpu		: yes
fpu_exception	: yes
cpuid level	: 10
wp		: yes
flags		: fpu vme de pse tsc msr pae mce cx8 apic sep mtrr pge mca cmov pat pse36 clflush dts acpi mmx fxsr sse sse2 ss ht tm pbe syscall nx lm constant_tsc arch_perfmon pebs bts rep_good nopl aperfmperf pni dtes64 monitor ds_cpl vmx smx est tm2 ssse3 cx16 xtpr pdcm sse4_1 lahf_lm dtherm tpr_shadow vnmi flexpriority
bogomips	: 4519.07
clflush size	: 64
cache_alignment	: 64
address sizes	: 36 bits physical, 48 bits virtual
power management:

processor	: 1
vendor_id	: GenuineIntel
cpu family	: 6
model		: 23
model name	: Intel(R) Core(TM)2 Duo CPU     P8400  @ 2.26GHz
stepping	: 6
microcode	: 0x60c
cpu MHz		: 2267.000
cache size	: 3072 KB
physical id	: 0
siblings	: 2
core id		: 1
cpu cores	: 2
apicid		: 1
initial apicid	: 1
fpu		: yes
fpu_exception	: yes
cpuid level	: 10
wp		: yes
flags		: fpu vme de pse tsc msr pae mce cx8 apic sep mtrr pge mca cmov pat pse36 clflush dts acpi mmx fxsr sse sse2 ss ht tm pbe syscall nx lm constant_tsc arch_perfmon pebs bts rep_good nopl aperfmperf pni dtes64 monitor ds_cpl vmx smx est tm2 ssse3 cx16 xtpr pdcm sse4_1 lahf_lm dtherm tpr_shadow vnmi flexpriority
bogomips	: 4519.07
clflush size	: 64
cache_alignment	: 64
address sizes	: 36 bits physical, 48 bits virtual
power management:



Memory: 4k page, physical 2949656k(80764k free), swap 2928636k(2902052k free)

vm_info: OpenJDK 64-Bit Server VM (24.45-b08) for linux-amd64 JRE (1.7.0_51-b00), built on Jan 15 2014 22:02:57 by "buildd" with gcc 4.8.1

time: Sun Feb 16 03:58:19 2014
elapsed time: 284 seconds

